#
# There is insufficient memory for the Java Runtime Environment to continue.
# Native memory allocation (malloc) failed to allocate 4088 bytes for AllocateHeap
# Possible reasons:
#   The system is out of physical RAM or swap space
#   The process is running with CompressedOops enabled, and the Java Heap may be blocking the growth of the native heap
# Possible solutions:
#   Reduce memory load on the system
#   Increase physical memory or swap space
#   Check if swap backing store is full
#   Decrease Java heap size (-Xmx/-Xms)
#   Decrease number of Java threads
#   Decrease Java thread stack sizes (-Xss)
#   Set larger code cache with -XX:ReservedCodeCacheSize=
#   JVM is running with Unscaled Compressed Oops mode in which the Java heap is
#     placed in the first 4GB address space. The Java Heap base address is the
#     maximum limit for the native heap growth. Please use -XX:HeapBaseMinAddress
#     to set the Java Heap base and to place the Java Heap above 4GB virtual address.
# This output file may be truncated or incomplete.
#
#  Out of Memory Error (memory/allocation.inline.hpp:61), pid=5600, tid=0x0000000000003e5c
#
# JRE version: Java(TM) SE Runtime Environment (8.0_261-b12) (build 1.8.0_261-b12)
# Java VM: Java HotSpot(TM) 64-Bit Server VM (25.261-b12 mixed mode windows-amd64 compressed oops)
# Failed to write core dump. Minidumps are not enabled by default on client versions of Windows
#

---------------  T H R E A D  ---------------

Current thread (0x00000242794e7800):  VMThread [stack: 0x0000006e6e100000,0x0000006e6e200000] [id=15964]

Stack: [0x0000006e6e100000,0x0000006e6e200000]
Native frames: (J=compiled Java code, j=interpreted, Vv=VM code, C=native code)
V  [jvm.dll+0x33e5f9]

VM_Operation (0x0000006e6d8fb2c0): CollectForMetadataAllocation, mode: safepoint, requested by thread 0x00000242634c5800


---------------  P R O C E S S  ---------------

Java Threads: ( => current thread )
  0x000002427d179800 JavaThread "container-0" [_thread_blocked, id=31772, stack(0x0000006e6f500000,0x0000006e6f600000)]
  0x000002427d178800 JavaThread "Catalina-utility-2" [_thread_blocked, id=31800, stack(0x0000006e6f400000,0x0000006e6f500000)]
  0x000002427d176800 JavaThread "Catalina-utility-1" [_thread_blocked, id=32016, stack(0x0000006e6f300000,0x0000006e6f400000)]
  0x000002427bcf4000 JavaThread "RMI TCP Accept-0" daemon [_thread_in_native, id=27280, stack(0x0000006e6f000000,0x0000006e6f100000)]
  0x000002427bcea800 JavaThread "RMI TCP Accept-63376" daemon [_thread_in_native, id=26016, stack(0x0000006e6ef00000,0x0000006e6f000000)]
  0x000002427bcda800 JavaThread "RMI TCP Accept-0" daemon [_thread_in_native, id=14436, stack(0x0000006e6ee00000,0x0000006e6ef00000)]
  0x000002427b715800 JavaThread "Service Thread" daemon [_thread_blocked, id=28800, stack(0x0000006e6ed00000,0x0000006e6ee00000)]
  0x000002427b708800 JavaThread "C1 CompilerThread3" daemon [_thread_blocked, id=28544, stack(0x0000006e6ec00000,0x0000006e6ed00000)]
  0x000002427b708000 JavaThread "C2 CompilerThread2" daemon [_thread_blocked, id=13208, stack(0x0000006e6eb00000,0x0000006e6ec00000)]
  0x000002427b707000 JavaThread "C2 CompilerThread1" daemon [_thread_blocked, id=5604, stack(0x0000006e6ea00000,0x0000006e6eb00000)]
  0x000002427b6af000 JavaThread "C2 CompilerThread0" daemon [_thread_blocked, id=12312, stack(0x0000006e6e900000,0x0000006e6ea00000)]
  0x000002427b693800 JavaThread "JDWP Command Reader" daemon [_thread_in_native, id=24696, stack(0x0000006e6e800000,0x0000006e6e900000)]
  0x000002427b690800 JavaThread "JDWP Event Helper Thread" daemon [_thread_blocked, id=24628, stack(0x0000006e6e700000,0x0000006e6e800000)]
  0x00000242795be000 JavaThread "JDWP Transport Listener: dt_socket" daemon [_thread_blocked, id=24620, stack(0x0000006e6e600000,0x0000006e6e700000)]
  0x0000024279597800 JavaThread "Attach Listener" daemon [_thread_blocked, id=19224, stack(0x0000006e6e500000,0x0000006e6e600000)]
  0x0000024279533800 JavaThread "Signal Dispatcher" daemon [_thread_blocked, id=17748, stack(0x0000006e6e400000,0x0000006e6e500000)]
  0x0000024279518800 JavaThread "Finalizer" daemon [_thread_blocked, id=18864, stack(0x0000006e6e300000,0x0000006e6e400000)]
  0x00000242794f1000 JavaThread "Reference Handler" daemon [_thread_blocked, id=18984, stack(0x0000006e6e200000,0x0000006e6e300000)]
  0x00000242634c5800 JavaThread "main" [_thread_blocked, id=6860, stack(0x0000006e6d800000,0x0000006e6d900000)]

Other Threads:
=>0x00000242794e7800 VMThread [stack: 0x0000006e6e100000,0x0000006e6e200000] [id=15964]
  0x000002427bcf8000 WatcherThread [stack: 0x0000006e6f100000,0x0000006e6f200000] [id=8588]

VM state:at safepoint (normal execution)

VM Mutex/Monitor currently owned by a thread:  ([mutex/lock_event])
[0x00000242634c2a00] Threads_lock - owner thread: 0x00000242794e7800
[0x00000242634c4b10] Heap_lock - owner thread: 0x00000242634c5800

heap address: 0x0000000081a00000, size: 2022 MB, Compressed Oops mode: 32-bit
Narrow klass base: 0x0000000000000000, Narrow klass shift: 3
Compressed class space size: 1073741824 Address: 0x0000000100000000

Heap:
 PSYoungGen      total 129536K, used 5108K [0x00000000d5e00000, 0x00000000dea00000, 0x0000000100000000)
  eden space 124416K, 0% used [0x00000000d5e00000,0x00000000d5e00000,0x00000000dd780000)
  from space 5120K, 99% used [0x00000000de000000,0x00000000de4fd050,0x00000000de500000)
  to   space 5120K, 0% used [0x00000000de500000,0x00000000de500000,0x00000000dea00000)
 ParOldGen       total 53248K, used 16996K [0x0000000081a00000, 0x0000000084e00000, 0x00000000d5e00000)
  object space 53248K, 31% used [0x0000000081a00000,0x0000000082a99220,0x0000000084e00000)
 Metaspace       used 31436K, capacity 33184K, committed 33280K, reserved 1081344K
  class space    used 4223K, capacity 4546K, committed 4608K, reserved 1048576K

Card table byte_map: [0x00000242740e0000,0x00000242744e0000] byte_map_base: 0x0000024273cd3000

Marking Bits: (ParMarkBitMap*) 0x000000006a564fb0
 Begin Bits: [0x0000024274790000, 0x0000024276728000)
 End Bits:   [0x0000024276728000, 0x00000242786c0000)

Polling page: 0x0000024263420000

CodeCache: size=245760Kb used=7020Kb max_used=7020Kb free=238739Kb
 bounds [0x0000024264d20000, 0x0000024265400000, 0x0000024273d20000]
 total_blobs=3709 nmethods=3276 adapters=353
 compilation: enabled

Compilation events (10 events):
Event: 55.823 Thread 0x000002427b708800 3286       1       java.util.HashSet::<init> (40 bytes)
Event: 55.823 Thread 0x000002427b708800 nmethod 3286 0x00000242653f9a10 code [0x00000242653f9bc0, 0x00000242653f9e30]
Event: 55.823 Thread 0x000002427b708800 3287       1       java.util.Collections$3::hasMoreElements (10 bytes)
Event: 55.824 Thread 0x000002427b708800 nmethod 3287 0x00000242653f9f50 code [0x00000242653fa0a0, 0x00000242653fa1f0]
Event: 55.826 Thread 0x000002427b708800 3288       1       org.springframework.beans.factory.support.DefaultListableBeanFactory::getBeanNamesForType (101 bytes)
Event: 55.826 Thread 0x000002427b708800 nmethod 3288 0x00000242653fa250 code [0x00000242653fa400, 0x00000242653fa870]
Event: 55.826 Thread 0x000002427b708800 3289       1       java.util.concurrent.ConcurrentHashMap::keySet (5 bytes)
Event: 55.826 Thread 0x000002427b708800 nmethod 3289 0x00000242653fab50 code [0x00000242653faca0, 0x00000242653fae58]
Event: 55.826 Thread 0x000002427b708800 3290       1       java.util.concurrent.ConcurrentHashMap::keySet (28 bytes)
Event: 55.827 Thread 0x000002427b708800 nmethod 3290 0x00000242653faf10 code [0x00000242653fb060, 0x00000242653fb1f8]

GC Heap History (10 events):
Event: 32.196 GC heap after
Heap after GC invocations=2 (full 0):
 PSYoungGen      total 71680K, used 5098K [0x00000000d5e00000, 0x00000000da900000, 0x0000000100000000)
  eden space 66560K, 0% used [0x00000000d5e00000,0x00000000d5e00000,0x00000000d9f00000)
  from space 5120K, 99% used [0x00000000da400000,0x00000000da8fa948,0x00000000da900000)
  to   space 5120K, 0% used [0x00000000d9f00000,0x00000000d9f00000,0x00000000da400000)
 ParOldGen       total 87552K, used 4855K [0x0000000081a00000, 0x0000000086f80000, 0x00000000d5e00000)
  object space 87552K, 5% used [0x0000000081a00000,0x0000000081ebddb8,0x0000000086f80000)
 Metaspace       used 17710K, capacity 18356K, committed 18432K, reserved 1064960K
  class space    used 2313K, capacity 2494K, committed 2560K, reserved 1048576K
}
Event: 40.060 GC heap before
{Heap before GC invocations=3 (full 0):
 PSYoungGen      total 71680K, used 45796K [0x00000000d5e00000, 0x00000000da900000, 0x0000000100000000)
  eden space 66560K, 61% used [0x00000000d5e00000,0x00000000d85be878,0x00000000d9f00000)
  from space 5120K, 99% used [0x00000000da400000,0x00000000da8fa948,0x00000000da900000)
  to   space 5120K, 0% used [0x00000000d9f00000,0x00000000d9f00000,0x00000000da400000)
 ParOldGen       total 87552K, used 4855K [0x0000000081a00000, 0x0000000086f80000, 0x00000000d5e00000)
  object space 87552K, 5% used [0x0000000081a00000,0x0000000081ebddb8,0x0000000086f80000)
 Metaspace       used 20332K, capacity 21172K, committed 21296K, reserved 1067008K
  class space    used 2697K, capacity 2882K, committed 2944K, reserved 1048576K
Event: 40.120 GC heap after
Heap after GC invocations=3 (full 0):
 PSYoungGen      total 71680K, used 5101K [0x00000000d5e00000, 0x00000000dea00000, 0x0000000100000000)
  eden space 66560K, 0% used [0x00000000d5e00000,0x00000000d5e00000,0x00000000d9f00000)
  from space 5120K, 99% used [0x00000000d9f00000,0x00000000da3fb700,0x00000000da400000)
  to   space 5120K, 0% used [0x00000000de500000,0x00000000de500000,0x00000000dea00000)
 ParOldGen       total 87552K, used 9293K [0x0000000081a00000, 0x0000000086f80000, 0x00000000d5e00000)
  object space 87552K, 10% used [0x0000000081a00000,0x0000000082313498,0x0000000086f80000)
 Metaspace       used 20332K, capacity 21172K, committed 21296K, reserved 1067008K
  class space    used 2697K, capacity 2882K, committed 2944K, reserved 1048576K
}
Event: 40.120 GC heap before
{Heap before GC invocations=4 (full 1):
 PSYoungGen      total 71680K, used 5101K [0x00000000d5e00000, 0x00000000dea00000, 0x0000000100000000)
  eden space 66560K, 0% used [0x00000000d5e00000,0x00000000d5e00000,0x00000000d9f00000)
  from space 5120K, 99% used [0x00000000d9f00000,0x00000000da3fb700,0x00000000da400000)
  to   space 5120K, 0% used [0x00000000de500000,0x00000000de500000,0x00000000dea00000)
 ParOldGen       total 87552K, used 9293K [0x0000000081a00000, 0x0000000086f80000, 0x00000000d5e00000)
  object space 87552K, 10% used [0x0000000081a00000,0x0000000082313498,0x0000000086f80000)
 Metaspace       used 20332K, capacity 21172K, committed 21296K, reserved 1067008K
  class space    used 2697K, capacity 2882K, committed 2944K, reserved 1048576K
Event: 40.228 GC heap after
Heap after GC invocations=4 (full 1):
 PSYoungGen      total 71680K, used 0K [0x00000000d5e00000, 0x00000000dea00000, 0x0000000100000000)
  eden space 66560K, 0% used [0x00000000d5e00000,0x00000000d5e00000,0x00000000d9f00000)
  from space 5120K, 0% used [0x00000000d9f00000,0x00000000d9f00000,0x00000000da400000)
  to   space 5120K, 0% used [0x00000000de500000,0x00000000de500000,0x00000000dea00000)
 ParOldGen       total 53248K, used 9320K [0x0000000081a00000, 0x0000000084e00000, 0x00000000d5e00000)
  object space 53248K, 17% used [0x0000000081a00000,0x000000008231a210,0x0000000084e00000)
 Metaspace       used 20332K, capacity 21172K, committed 21296K, reserved 1067008K
  class space    used 2697K, capacity 2882K, committed 2944K, reserved 1048576K
}
Event: 52.045 GC heap before
{Heap before GC invocations=5 (full 1):
 PSYoungGen      total 71680K, used 66560K [0x00000000d5e00000, 0x00000000dea00000, 0x0000000100000000)
  eden space 66560K, 100% used [0x00000000d5e00000,0x00000000d9f00000,0x00000000d9f00000)
  from space 5120K, 0% used [0x00000000d9f00000,0x00000000d9f00000,0x00000000da400000)
  to   space 5120K, 0% used [0x00000000de500000,0x00000000de500000,0x00000000dea00000)
 ParOldGen       total 53248K, used 9320K [0x0000000081a00000, 0x0000000084e00000, 0x00000000d5e00000)
  object space 53248K, 17% used [0x0000000081a00000,0x000000008231a210,0x0000000084e00000)
 Metaspace       used 27059K, capacity 28548K, committed 28800K, reserved 1075200K
  class space    used 3603K, capacity 3902K, committed 3968K, reserved 1048576K
Event: 52.228 GC heap after
Heap after GC invocations=5 (full 1):
 PSYoungGen      total 129536K, used 5096K [0x00000000d5e00000, 0x00000000dea00000, 0x0000000100000000)
  eden space 124416K, 0% used [0x00000000d5e00000,0x00000000d5e00000,0x00000000dd780000)
  from space 5120K, 99% used [0x00000000de500000,0x00000000de9fa2e8,0x00000000dea00000)
  to   space 5120K, 0% used [0x00000000de000000,0x00000000de000000,0x00000000de500000)
 ParOldGen       total 53248K, used 13078K [0x0000000081a00000, 0x0000000084e00000, 0x00000000d5e00000)
  object space 53248K, 24% used [0x0000000081a00000,0x00000000826c5888,0x0000000084e00000)
 Metaspace       used 27059K, capacity 28548K, committed 28800K, reserved 1075200K
  class space    used 3603K, capacity 3902K, committed 3968K, reserved 1048576K
}
Event: 55.872 GC heap before
{Heap before GC invocations=6 (full 1):
 PSYoungGen      total 129536K, used 61584K [0x00000000d5e00000, 0x00000000dea00000, 0x0000000100000000)
  eden space 124416K, 45% used [0x00000000d5e00000,0x00000000d9529d20,0x00000000dd780000)
  from space 5120K, 99% used [0x00000000de500000,0x00000000de9fa2e8,0x00000000dea00000)
  to   space 5120K, 0% used [0x00000000de000000,0x00000000de000000,0x00000000de500000)
 ParOldGen       total 53248K, used 13078K [0x0000000081a00000, 0x0000000084e00000, 0x00000000d5e00000)
  object space 53248K, 24% used [0x0000000081a00000,0x00000000826c5888,0x0000000084e00000)
 Metaspace       used 31436K, capacity 33184K, committed 33280K, reserved 1081344K
  class space    used 4223K, capacity 4546K, committed 4608K, reserved 1048576K
Event: 55.902 GC heap after
Heap after GC invocations=6 (full 1):
 PSYoungGen      total 129536K, used 5108K [0x00000000d5e00000, 0x00000000dea00000, 0x0000000100000000)
  eden space 124416K, 0% used [0x00000000d5e00000,0x00000000d5e00000,0x00000000dd780000)
  from space 5120K, 99% used [0x00000000de000000,0x00000000de4fd050,0x00000000de500000)
  to   space 5120K, 0% used [0x00000000de500000,0x00000000de500000,0x00000000dea00000)
 ParOldGen       total 53248K, used 16996K [0x0000000081a00000, 0x0000000084e00000, 0x00000000d5e00000)
  object space 53248K, 31% used [0x0000000081a00000,0x0000000082a99220,0x0000000084e00000)
 Metaspace       used 31436K, capacity 33184K, committed 33280K, reserved 1081344K
  class space    used 4223K, capacity 4546K, committed 4608K, reserved 1048576K
}
Event: 55.902 GC heap before
{Heap before GC invocations=7 (full 2):
 PSYoungGen      total 129536K, used 5108K [0x00000000d5e00000, 0x00000000dea00000, 0x0000000100000000)
  eden space 124416K, 0% used [0x00000000d5e00000,0x00000000d5e00000,0x00000000dd780000)
  from space 5120K, 99% used [0x00000000de000000,0x00000000de4fd050,0x00000000de500000)
  to   space 5120K, 0% used [0x00000000de500000,0x00000000de500000,0x00000000dea00000)
 ParOldGen       total 53248K, used 16996K [0x0000000081a00000, 0x0000000084e00000, 0x00000000d5e00000)
  object space 53248K, 31% used [0x0000000081a00000,0x0000000082a99220,0x0000000084e00000)
 Metaspace       used 31436K, capacity 33184K, committed 33280K, reserved 1081344K
  class space    used 4223K, capacity 4546K, committed 4608K, reserved 1048576K

Deoptimization events (0 events):
No events

Classes redefined (0 events):
No events

Internal exceptions (10 events):
Event: 55.145 Thread 0x00000242634c5800 Exception <a 'java/lang/ArrayIndexOutOfBoundsException'> (0x00000000d8d37230) thrown at [C:\jenkins\workspace\8-2-build-windows-amd64-cygwin\jdk8u261\295\hotspot\src\share\vm\runtime\sharedRuntime.cpp, line 605]
Event: 55.145 Thread 0x00000242634c5800 Exception <a 'java/lang/ArrayIndexOutOfBoundsException'> (0x00000000d8d39ae8) thrown at [C:\jenkins\workspace\8-2-build-windows-amd64-cygwin\jdk8u261\295\hotspot\src\share\vm\runtime\sharedRuntime.cpp, line 605]
Event: 55.145 Thread 0x00000242634c5800 Exception <a 'java/lang/ArrayIndexOutOfBoundsException'> (0x00000000d8d3be48) thrown at [C:\jenkins\workspace\8-2-build-windows-amd64-cygwin\jdk8u261\295\hotspot\src\share\vm\runtime\sharedRuntime.cpp, line 605]
Event: 55.146 Thread 0x00000242634c5800 Exception <a 'java/lang/ArrayIndexOutOfBoundsException'> (0x00000000d8d3ee88) thrown at [C:\jenkins\workspace\8-2-build-windows-amd64-cygwin\jdk8u261\295\hotspot\src\share\vm\runtime\sharedRuntime.cpp, line 605]
Event: 55.146 Thread 0x00000242634c5800 Exception <a 'java/lang/ArrayIndexOutOfBoundsException'> (0x00000000d8d40fb0) thrown at [C:\jenkins\workspace\8-2-build-windows-amd64-cygwin\jdk8u261\295\hotspot\src\share\vm\runtime\sharedRuntime.cpp, line 605]
Event: 55.147 Thread 0x00000242634c5800 Exception <a 'java/lang/ArrayIndexOutOfBoundsException'> (0x00000000d8d42938) thrown at [C:\jenkins\workspace\8-2-build-windows-amd64-cygwin\jdk8u261\295\hotspot\src\share\vm\runtime\sharedRuntime.cpp, line 605]
Event: 55.147 Thread 0x00000242634c5800 Exception <a 'java/lang/ArrayIndexOutOfBoundsException'> (0x00000000d8d44580) thrown at [C:\jenkins\workspace\8-2-build-windows-amd64-cygwin\jdk8u261\295\hotspot\src\share\vm\runtime\sharedRuntime.cpp, line 605]
Event: 55.148 Thread 0x00000242634c5800 Exception <a 'java/lang/ArrayIndexOutOfBoundsException'> (0x00000000d8d454d8) thrown at [C:\jenkins\workspace\8-2-build-windows-amd64-cygwin\jdk8u261\295\hotspot\src\share\vm\runtime\sharedRuntime.cpp, line 605]
Event: 55.230 Thread 0x00000242634c5800 Exception <a 'java/lang/IncompatibleClassChangeError': Found class java.lang.Object, but interface was expected> (0x00000000d8fc6438) thrown at [C:\jenkins\workspace\8-2-build-windows-amd64-cygwin\jdk8u261\295\hotspot\src\share\vm\interpreter\linkResolver
Event: 55.543 Thread 0x00000242634c5800 Exception <a 'java/lang/ArrayIndexOutOfBoundsException'> (0x00000000d9248558) thrown at [C:\jenkins\workspace\8-2-build-windows-amd64-cygwin\jdk8u261\295\hotspot\src\share\vm\runtime\sharedRuntime.cpp, line 605]

Events (10 events):
Event: 55.865 Thread 0x00000242634c5800 DEOPT PACKING pc=0x0000024264f34e09 sp=0x0000006e6d8fd640
Event: 55.865 Thread 0x00000242634c5800 DEOPT UNPACKING pc=0x0000024264d67898 sp=0x0000006e6d8fd390 mode 1
Event: 55.865 Thread 0x00000242634c5800 DEOPT PACKING pc=0x0000024264ef4504 sp=0x0000006e6d8fd6c0
Event: 55.865 Thread 0x00000242634c5800 DEOPT UNPACKING pc=0x0000024264d67898 sp=0x0000006e6d8fd4e0 mode 1
Event: 55.865 Thread 0x00000242634c5800 DEOPT PACKING pc=0x0000024264ef4444 sp=0x0000006e6d8fd850
Event: 55.865 Thread 0x00000242634c5800 DEOPT UNPACKING pc=0x0000024264d67898 sp=0x0000006e6d8fd670 mode 1
Event: 55.868 loading class java/sql/CallableStatement
Event: 55.870 loading class java/sql/PreparedStatement
Event: 55.871 loading class java/sql/Statement
Event: 55.872 Executing VM operation: CollectForMetadataAllocation


Dynamic libraries:
0x00007ff74d1f0000 - 0x00007ff74d237000 	C:\Program Files\Java\jre1.8.0_261\bin\javaw.exe
0x00007ffe4a620000 - 0x00007ffe4a810000 	C:\WINDOWS\SYSTEM32\ntdll.dll
0x00007ffe4a400000 - 0x00007ffe4a4b2000 	C:\WINDOWS\System32\KERNEL32.DLL
0x00007ffe47770000 - 0x00007ffe47a14000 	C:\WINDOWS\System32\KERNELBASE.dll
0x00007ffe48740000 - 0x00007ffe487e3000 	C:\WINDOWS\System32\ADVAPI32.dll
0x00007ffe48cd0000 - 0x00007ffe48d6e000 	C:\WINDOWS\System32\msvcrt.dll
0x00007ffe4a4c0000 - 0x00007ffe4a557000 	C:\WINDOWS\System32\sechost.dll
0x00007ffe48b50000 - 0x00007ffe48c70000 	C:\WINDOWS\System32\RPCRT4.dll
0x00007ffe4a180000 - 0x00007ffe4a314000 	C:\WINDOWS\System32\USER32.dll
0x00007ffe486a0000 - 0x00007ffe486c1000 	C:\WINDOWS\System32\win32u.dll
0x00007ffe48a70000 - 0x00007ffe48a96000 	C:\WINDOWS\System32\GDI32.dll
0x00007ffe475d0000 - 0x00007ffe47764000 	C:\WINDOWS\System32\gdi32full.dll
0x00007ffe48600000 - 0x00007ffe4869e000 	C:\WINDOWS\System32\msvcp_win.dll
0x00007ffe48500000 - 0x00007ffe485fa000 	C:\WINDOWS\System32\ucrtbase.dll
0x00007ffe39150000 - 0x00007ffe393d4000 	C:\WINDOWS\WinSxS\amd64_microsoft.windows.common-controls_6595b64144ccf1df_6.0.18362.836_none_e6c4b943130f18ed\COMCTL32.dll
0x00007ffe48d70000 - 0x00007ffe490a6000 	C:\WINDOWS\System32\combase.dll
0x00007ffe481f0000 - 0x00007ffe48270000 	C:\WINDOWS\System32\bcryptPrimitives.dll
0x00007ffe49660000 - 0x00007ffe4968e000 	C:\WINDOWS\System32\IMM32.DLL
0x00007ffe44180000 - 0x00007ffe44195000 	C:\Program Files\Java\jre1.8.0_261\bin\vcruntime140.dll
0x00007ffe3b6d0000 - 0x00007ffe3b76b000 	C:\Program Files\Java\jre1.8.0_261\bin\msvcp140.dll
0x0000000069d70000 - 0x000000006a5dc000 	C:\Program Files\Java\jre1.8.0_261\bin\server\jvm.dll
0x00007ffe4a3f0000 - 0x00007ffe4a3f8000 	C:\WINDOWS\System32\PSAPI.DLL
0x00007ffe30b00000 - 0x00007ffe30b09000 	C:\WINDOWS\SYSTEM32\WSOCK32.dll
0x00007ffe49690000 - 0x00007ffe496ff000 	C:\WINDOWS\System32\WS2_32.dll
0x00007ffe440d0000 - 0x00007ffe440f4000 	C:\WINDOWS\SYSTEM32\WINMM.dll
0x00007ffe3d9b0000 - 0x00007ffe3d9ba000 	C:\WINDOWS\SYSTEM32\VERSION.dll
0x00007ffe440a0000 - 0x00007ffe440cd000 	C:\WINDOWS\SYSTEM32\WINMMBASE.dll
0x00007ffe47a20000 - 0x00007ffe47a6a000 	C:\WINDOWS\System32\cfgmgr32.dll
0x00007ffe47520000 - 0x00007ffe47531000 	C:\WINDOWS\System32\kernel.appcore.dll
0x00007ffe42100000 - 0x00007ffe42110000 	C:\Program Files\Java\jre1.8.0_261\bin\verify.dll
0x00007ffe3b7d0000 - 0x00007ffe3b7fb000 	C:\Program Files\Java\jre1.8.0_261\bin\java.dll
0x00007ffe3b5c0000 - 0x00007ffe3b5f6000 	C:\Program Files\Java\jre1.8.0_261\bin\jdwp.dll
0x00007ffe40790000 - 0x00007ffe40799000 	C:\Program Files\Java\jre1.8.0_261\bin\npt.dll
0x00007ffe3f750000 - 0x00007ffe3f768000 	C:\Program Files\Java\jre1.8.0_261\bin\zip.dll
0x00007ffe49760000 - 0x00007ffe49e44000 	C:\WINDOWS\System32\SHELL32.dll
0x00007ffe48aa0000 - 0x00007ffe48b49000 	C:\WINDOWS\System32\shcore.dll
0x00007ffe47a70000 - 0x00007ffe481ee000 	C:\WINDOWS\System32\windows.storage.dll
0x00007ffe474f0000 - 0x00007ffe47513000 	C:\WINDOWS\System32\profapi.dll
0x00007ffe47560000 - 0x00007ffe475aa000 	C:\WINDOWS\System32\powrprof.dll
0x00007ffe474e0000 - 0x00007ffe474f0000 	C:\WINDOWS\System32\UMPDC.dll
0x00007ffe49700000 - 0x00007ffe49752000 	C:\WINDOWS\System32\shlwapi.dll
0x00007ffe475b0000 - 0x00007ffe475c7000 	C:\WINDOWS\System32\cryptsp.dll
0x00007ffe3b660000 - 0x00007ffe3b66a000 	C:\Program Files\Java\jre1.8.0_261\bin\dt_socket.dll
0x00007ffe31bd0000 - 0x00007ffe31be6000 	C:\WINDOWS\system32\napinsp.dll
0x00007ffe31650000 - 0x00007ffe3166a000 	C:\WINDOWS\system32\pnrpnsp.dll
0x00007ffe46d50000 - 0x00007ffe46db7000 	C:\WINDOWS\System32\mswsock.dll
0x00007ffe46aa0000 - 0x00007ffe46b6b000 	C:\WINDOWS\SYSTEM32\DNSAPI.dll
0x00007ffe48a50000 - 0x00007ffe48a58000 	C:\WINDOWS\System32\NSI.dll
0x00007ffe46a60000 - 0x00007ffe46a9a000 	C:\WINDOWS\SYSTEM32\IPHLPAPI.DLL
0x00007ffe30c70000 - 0x00007ffe30c7e000 	C:\WINDOWS\System32\winrnr.dll
0x00007ffe43bf0000 - 0x00007ffe43c0c000 	C:\WINDOWS\system32\NLAapi.dll
0x00007ffe43090000 - 0x00007ffe430a5000 	C:\WINDOWS\system32\wshbth.dll
0x00007ffe3fd50000 - 0x00007ffe3fdc7000 	C:\WINDOWS\System32\fwpuclnt.dll
0x00007ffe48470000 - 0x00007ffe48496000 	C:\WINDOWS\System32\bcrypt.dll
0x00007ffe374b0000 - 0x00007ffe374ba000 	C:\Windows\System32\rasadhlp.dll
0x00007ffe44170000 - 0x00007ffe4417d000 	C:\Program Files\Java\jre1.8.0_261\bin\management.dll
0x00007ffe3e440000 - 0x00007ffe3e45c000 	C:\Program Files\Java\jre1.8.0_261\bin\net.dll
0x00007ffe3a9d0000 - 0x00007ffe3a9e3000 	C:\Program Files\Java\jre1.8.0_261\bin\nio.dll
0x00007ffe468c0000 - 0x00007ffe468f3000 	C:\WINDOWS\system32\rsaenh.dll
0x00007ffe47400000 - 0x00007ffe47425000 	C:\WINDOWS\SYSTEM32\USERENV.dll
0x00007ffe46f20000 - 0x00007ffe46f2c000 	C:\WINDOWS\SYSTEM32\CRYPTBASE.dll
0x00007ffe40560000 - 0x00007ffe40576000 	C:\WINDOWS\SYSTEM32\dhcpcsvc6.DLL
0x00007ffe40360000 - 0x00007ffe4037c000 	C:\WINDOWS\SYSTEM32\dhcpcsvc.DLL

VM Arguments:
jvm_args: -agentlib:jdwp=transport=dt_socket,suspend=y,address=localhost:63484 -Dcom.sun.management.jmxremote -Dcom.sun.management.jmxremote.port=63376 -Dcom.sun.management.jmxremote.authenticate=false -Dcom.sun.management.jmxremote.ssl=false -Djava.rmi.server.hostname=localhost -Dspring.jmx.enabled=true -Dspring.liveBeansView.mbeanDomain -Dspring.application.admin.enabled=true -Xverify:none -XX:TieredStopAtLevel=1 -Dfile.encoding=UTF-8 
java_command: com.system.bgim.BgimApplication --spring.output.ansi.enabled=always
java_class_path (initial): D:\git_src\bgim\target\classes;C:\Users\inufu\.m2\repository\org\springframework\boot\spring-boot-starter\2.3.3.RELEASE\spring-boot-starter-2.3.3.RELEASE.jar;C:\Users\inufu\.m2\repository\org\springframework\boot\spring-boot\2.3.3.RELEASE\spring-boot-2.3.3.RELEASE.jar;C:\Users\inufu\.m2\repository\org\springframework\spring-context\5.2.8.RELEASE\spring-context-5.2.8.RELEASE.jar;C:\Users\inufu\.m2\repository\org\springframework\boot\spring-boot-autoconfigure\2.3.3.RELEASE\spring-boot-autoconfigure-2.3.3.RELEASE.jar;C:\Users\inufu\.m2\repository\org\springframework\boot\spring-boot-starter-logging\2.3.3.RELEASE\spring-boot-starter-logging-2.3.3.RELEASE.jar;C:\Users\inufu\.m2\repository\ch\qos\logback\logback-classic\1.2.3\logback-classic-1.2.3.jar;C:\Users\inufu\.m2\repository\ch\qos\logback\logback-core\1.2.3\logback-core-1.2.3.jar;C:\Users\inufu\.m2\repository\org\apache\logging\log4j\log4j-to-slf4j\2.13.3\log4j-to-slf4j-2.13.3.jar;C:\Users\inufu\.m2\repository\org\apache\logging\log4j\log4j-api\2.13.3\log4j-api-2.13.3.jar;C:\Users\inufu\.m2\repository\org\slf4j\jul-to-slf4j\1.7.30\jul-to-slf4j-1.7.30.jar;C:\Users\inufu\.m2\repository\jakarta\annotation\jakarta.annotation-api\1.3.5\jakarta.annotation-api-1.3.5.jar;C:\Users\inufu\.m2\repository\org\springframework\spring-core\5.2.8.RELEASE\spring-core-5.2.8.RELEASE.jar;C:\Users\inufu\.m2\repository\org\springframework\spring-jcl\5.2.8.RELEASE\spring-jcl-5.2.8.RELEASE.jar;C:\Users\inufu\.m2\repository\org\yaml\snakeyaml\1.26\snakeyaml-1.26.jar;C:\Users\inufu\.m2\repository\org\slf4j\slf4j-api\1.7.30\slf4j-api-1.7.30.jar;C:\Users\inufu\.m2\repository\org\springframework\spring-web\5.2.8.RELEASE\spring-web-5.2.8.RELEASE.jar;C:\Users\inufu\.m2\repository\org\springframework\spring-beans\5.2.8.RELEASE\spring-beans-5.2.8.RELEASE.jar;C:\Users\inufu\.m2\repository\org\mybatis\mybatis\3.4.6\mybatis-3.4.6.jar;C:\Users\inufu\.m2\repository\org\mybatis\mybatis-spring\1.3.0\mybatis-spring-1.3.0.jar;C:
Launcher Type: SUN_STANDARD

Environment Variables:
JAVA_HOME=C:\Program Files\Java\jdk1.8.0_261
PATH=C:/Program Files/Java/jre1.8.0_261/bin/server;C:/Program Files/Java/jre1.8.0_261/bin;C:/Program Files/Java/jre1.8.0_261/lib/amd64;C:\Program Files (x86)\Common Files\Oracle\Java\javapath;C:\app\inufu\product\18.0.0\dbhomeXE\bin;C:\WINDOWS\system32;C:\WINDOWS;C:\WINDOWS\System32\Wbem;C:\WINDOWS\System32\WindowsPowerShell\v1.0\;C:\WINDOWS\System32\OpenSSH\;C:\Program Files\Java\jdk1.8.0_202\bin;C:\Users\inufu\Downloads\Apache-Subversion-1.9.2\bin;C:\Program Files\TortoiseSVN\bin;C:\Program Files\Git\cmd;C:\Program Files\nodejs\;C:\ProgramData\chocolatey\bin;C:\Program Files\dotnet\;C:\Program Files\Microsoft SQL Server\130\Tools\Binn\;C:\Program Files\Microsoft SQL Server\Client SDK\ODBC\170\Tools\Binn\;C:\Users\inufu\AppData\Local\Microsoft\WindowsApps;C:\Users\inufu\AppData\Local\Programs\Microsoft VS Code\bin;C:\spark\bin;C:\Program Files\Java\jdk1.8.0_261\bin;C:\Users\inufu\AppData\Roaming\npm;C:\Program Files\STS\sts-bundle\sts-3.9.9.RELEASE;
USERNAME=inufu
OS=Windows_NT
PROCESSOR_IDENTIFIER=Intel64 Family 6 Model 158 Stepping 9, GenuineIntel



---------------  S Y S T E M  ---------------

OS: Windows 10.0 , 64 bit Build 18362 (10.0.18362.778)

CPU:total 8 (initial active 8) (4 cores per cpu, 2 threads per core) family 6 model 158 stepping 9, cmov, cx8, fxsr, mmx, sse, sse2, sse3, ssse3, sse4.1, sse4.2, popcnt, avx, avx2, aes, clmul, erms, 3dnowpref, lzcnt, ht, tsc, tscinvbit, bmi1, bmi2, adx

Memory: 4k page, physical 8274616k(306036k free), swap 33440440k(92k free)

vm_info: Java HotSpot(TM) 64-Bit Server VM (25.261-b12) for windows-amd64 JRE (1.8.0_261-b12), built on Jun 18 2020 06:56:32 by "" with unknown MS VC++:1916

time: Mon Sep 28 12:25:58 2020
timezone: ¢¥eCN©öI¡¾©ö C¡ÍA¨ª¨öA
elapsed time: 56 seconds (0d 0h 0m 56s)

