#
# A fatal error has been detected by the Java Runtime Environment:
#
#  EXCEPTION_ACCESS_VIOLATION (0xc0000005) at pc=0x0000000069f8b4eb, pid=27676, tid=0x0000000000006d90
#
# JRE version: Java(TM) SE Runtime Environment (8.0_261-b12) (build 1.8.0_261-b12)
# Java VM: Java HotSpot(TM) 64-Bit Server VM (25.261-b12 mixed mode windows-amd64 compressed oops)
# Problematic frame:
# V  [jvm.dll+0x21b4eb]
#
# Failed to write core dump. Minidumps are not enabled by default on client versions of Windows
#
# If you would like to submit a bug report, please visit:
#   http://bugreport.java.com/bugreport/crash.jsp
#

---------------  T H R E A D  ---------------

Current thread (0x000001e54c634800):  JavaThread "main" [_thread_in_vm, id=28048, stack(0x0000006815400000,0x0000006815500000)]

siginfo: ExceptionCode=0xc0000005, writing address 0x00000068154e8c70

Registers:
RAX=0x0000000000000007, RBX=0x0000000000000007, RCX=0x00000068154e8c70, RDX=0x0000000000006000
RSP=0x00000068154eec70, RBP=0x00000068154eed70, RSI=0x0000000000000007, RDI=0x000001e561dc4018
R8 =0x000000000000003c, R9 =0x000000000000003d, R10=0x000001e54c634250, R11=0x000001e561dc4018
R12=0x000001e565a81810, R13=0x00000068154ef0b8, R14=0x00000068154eef70, R15=0x00000068154eec70
RIP=0x0000000069f8b4eb, EFLAGS=0x0000000000010202

Top of Stack: (sp=0x00000068154eec70)
0x00000068154eec70:   000001e54c634800 0000000000000001
0x00000068154eec80:   000001e561dc4018 0000000069e46d3a
0x00000068154eec90:   000001e561dc4018 000001e54c634800
0x00000068154eeca0:   bba2901da71b5bbc af6caa6904fb2ca7
0x00000068154eecb0:   0000000c00002301 000001e561dc4018
0x00000068154eecc0:   000001e54c634800 000001e54e056c20
0x00000068154eecd0:   0000000000000001 00000068154eedb0
0x00000068154eece0:   000001e561dc4018 ffffffff00000001
0x00000068154eecf0:   0000000000000006 000001e54c634800
0x00000068154eed00:   000001e561dc4018 000001e54c634800
0x00000068154eed10:   000001e561dc4018 000001e54c634800
0x00000068154eed20:   000001e54c634800 000001e54c634800
0x00000068154eed30:   0000000000000006 000001e561dc4018
0x00000068154eed40:   0000000100002368 0000000069e4bfc7
0x00000068154eed50:   000001e565a81810 00000068154eedb1
0x00000068154eed60:   000001e561dc4018 0000000000000007 

Instructions: (pc=0x0000000069f8b4eb)
0x0000000069f8b4cb:   f8 7c 33 48 8b de e8 5a 96 08 00 48 63 d0 ff c6
0x0000000069f8b4db:   48 0f af d3 49 8b cf 48 63 c6 48 2b ca 48 ff c3
0x0000000069f8b4eb:   c7 01 00 00 00 00 48 3b 05 d8 ce 55 00 7e d7 48
0x0000000069f8b4fb:   8b 9d e8 00 00 00 48 8d 54 24 48 48 8d 4d 50 e8 


Register to memory mapping:

RAX=0x0000000000000007 is an unknown value
RBX=0x0000000000000007 is an unknown value
RCX=0x00000068154e8c70 is pointing into the stack for thread: 0x000001e54c634800
RDX=0x0000000000006000 is an unknown value
RSP=0x00000068154eec70 is pointing into the stack for thread: 0x000001e54c634800
RBP=0x00000068154eed70 is pointing into the stack for thread: 0x000001e54c634800
RSI=0x0000000000000007 is an unknown value
RDI={method} {0x000001e561dc4020} 'loadClass' '(Ljava/lang/String;)Ljava/lang/Class;' in 'java/lang/ClassLoader'
R8 =0x000000000000003c is an unknown value
R9 =0x000000000000003d is an unknown value
R10=0x000001e54c634250 is an unknown value
R11={method} {0x000001e561dc4020} 'loadClass' '(Ljava/lang/String;)Ljava/lang/Class;' in 'java/lang/ClassLoader'
R12=0x000001e565a81810 is an unknown value
R13=0x00000068154ef0b8 is pointing into the stack for thread: 0x000001e54c634800
R14=0x00000068154eef70 is pointing into the stack for thread: 0x000001e54c634800
R15=0x00000068154eec70 is pointing into the stack for thread: 0x000001e54c634800


Stack: [0x0000006815400000,0x0000006815500000],  sp=0x00000068154eec70,  free space=955k
Native frames: (J=compiled Java code, j=interpreted, Vv=VM code, C=native code)
V  [jvm.dll+0x21b4eb]
V  [jvm.dll+0x33e512]
V  [jvm.dll+0x21c264]
V  [jvm.dll+0x21c08a]
V  [jvm.dll+0x9399f]
V  [jvm.dll+0x94ba0]
V  [jvm.dll+0x954f2]
V  [jvm.dll+0x6f701]
V  [jvm.dll+0x68b91]
V  [jvm.dll+0x94472]
V  [jvm.dll+0x190afc]
