#
# There is insufficient memory for the Java Runtime Environment to continue.
# Native memory allocation (malloc) failed to allocate 16384 bytes for AllocateHeap
# Possible reasons:
#   The system is out of physical RAM or swap space
#   The process is running with CompressedOops enabled, and the Java Heap may be blocking the growth of the native heap
# Possible solutions:
#   Reduce memory load on the system
#   Increase physical memory or swap space
#   Check if swap backing store is full
#   Decrease Java heap size (-Xmx/-Xms)
#   Decrease number of Java threads
#   Decrease Java thread stack sizes (-Xss)
#   Set larger code cache with -XX:ReservedCodeCacheSize=
#   JVM is running with Unscaled Compressed Oops mode in which the Java heap is
#     placed in the first 4GB address space. The Java Heap base address is the
#     maximum limit for the native heap growth. Please use -XX:HeapBaseMinAddress
#     to set the Java Heap base and to place the Java Heap above 4GB virtual address.
# This output file may be truncated or incomplete.
#
#  Out of Memory Error (memory/allocation.inline.hpp:61), pid=32268, tid=0x00000000000070e8
#
# JRE version: Java(TM) SE Runtime Environment (8.0_261-b12) (build 1.8.0_261-b12)
# Java VM: Java HotSpot(TM) 64-Bit Server VM (25.261-b12 mixed mode windows-amd64 compressed oops)
# Failed to write core dump. Minidumps are not enabled by default on client versions of Windows
#

---------------  T H R E A D  ---------------

Current thread (0x000001821f595800):  JavaThread "main" [_thread_in_vm, id=28904, stack(0x000000798b800000,0x000000798b900000)]

Stack: [0x000000798b800000,0x000000798b900000]
Native frames: (J=compiled Java code, j=interpreted, Vv=VM code, C=native code)
V  [jvm.dll+0x33e5f9]

Java frames: (J=compiled Java code, j=interpreted, Vv=VM code)
j  java.lang.ClassLoader.getResources(Ljava/lang/String;)Ljava/util/Enumeration;+44
j  java.lang.ClassLoader.getResources(Ljava/lang/String;)Ljava/util/Enumeration;+22
j  java.util.ServiceLoader$LazyIterator.hasNextService()Z+66
j  java.util.ServiceLoader$LazyIterator.hasNext()Z+11
j  java.util.ServiceLoader$1.hasNext()Z+21
j  javax.management.remote.JMXConnectorServerFactory.getConnectorServerAsService(Ljava/lang/ClassLoader;Ljavax/management/remote/JMXServiceURL;Ljava/util/Map;Ljavax/management/MBeanServer;)Ljavax/management/remote/JMXConnectorServer;+13
j  javax.management.remote.JMXConnectorServerFactory.newJMXConnectorServer(Ljavax/management/remote/JMXServiceURL;Ljava/util/Map;Ljavax/management/MBeanServer;)Ljavax/management/remote/JMXConnectorServer;+78
j  sun.management.jmxremote.ConnectorBootstrap.exportMBeanServer(Ljavax/management/MBeanServer;IIZZLjava/lang/String;[Ljava/lang/String;[Ljava/lang/String;ZZLjava/lang/String;Ljava/lang/String;Ljava/lang/String;Ljava/lang/String;)Lsun/management/jmxremote/ConnectorBootstrap$JMXConnectorServerData;+297
j  sun.management.jmxremote.ConnectorBootstrap.startRemoteConnectorServer(Ljava/lang/String;Ljava/util/Properties;)Ljavax/management/remote/JMXConnectorServer;+820
j  sun.management.Agent.startAgent(Ljava/util/Properties;)V+66
j  sun.management.Agent.startAgent()V+19
v  ~StubRoutines::call_stub

---------------  P R O C E S S  ---------------

Java Threads: ( => current thread )
  0x0000018237918000 JavaThread "Service Thread" daemon [_thread_blocked, id=16472, stack(0x000000798cd00000,0x000000798ce00000)]
  0x00000182378e4800 JavaThread "C1 CompilerThread3" daemon [_thread_blocked, id=13500, stack(0x000000798cc00000,0x000000798cd00000)]
  0x00000182378e3800 JavaThread "C2 CompilerThread2" daemon [_thread_blocked, id=31604, stack(0x000000798cb00000,0x000000798cc00000)]
  0x00000182378d5000 JavaThread "C2 CompilerThread1" daemon [_thread_blocked, id=18972, stack(0x000000798ca00000,0x000000798cb00000)]
  0x0000018237882800 JavaThread "C2 CompilerThread0" daemon [_thread_blocked, id=32012, stack(0x000000798c900000,0x000000798ca00000)]
  0x000001823579e800 JavaThread "JDWP Command Reader" daemon [_thread_in_native, id=27276, stack(0x000000798c800000,0x000000798c900000)]
  0x000001823579d000 JavaThread "JDWP Event Helper Thread" daemon [_thread_blocked, id=9108, stack(0x000000798c700000,0x000000798c800000)]
  0x000001823579a000 JavaThread "JDWP Transport Listener: dt_socket" daemon [_thread_blocked, id=30908, stack(0x000000798c600000,0x000000798c700000)]
  0x0000018235776800 JavaThread "Attach Listener" daemon [_thread_blocked, id=10772, stack(0x000000798c500000,0x000000798c600000)]
  0x0000018235713800 JavaThread "Signal Dispatcher" daemon [_thread_blocked, id=3980, stack(0x000000798c400000,0x000000798c500000)]
  0x00000182356f8800 JavaThread "Finalizer" daemon [_thread_blocked, id=32256, stack(0x000000798c300000,0x000000798c400000)]
  0x00000182356d1000 JavaThread "Reference Handler" daemon [_thread_blocked, id=32264, stack(0x000000798c200000,0x000000798c300000)]
=>0x000001821f595800 JavaThread "main" [_thread_in_vm, id=28904, stack(0x000000798b800000,0x000000798b900000)]

Other Threads:
  0x00000182356c8000 VMThread [stack: 0x000000798c100000,0x000000798c200000] [id=10676]

VM state:not at safepoint (normal execution)

VM Mutex/Monitor currently owned by a thread:  ([mutex/lock_event])
[0x000001821f592e60] SystemDictionary_lock - owner thread: 0x000001821f595800
[0x000001821f5945f0] Compile_lock - owner thread: 0x000001821f595800

heap address: 0x0000000081a00000, size: 2022 MB, Compressed Oops mode: 32-bit
Narrow klass base: 0x0000000000000000, Narrow klass shift: 3
Compressed class space size: 1073741824 Address: 0x0000000100000000

Heap:
 PSYoungGen      total 38400K, used 3994K [0x00000000d5e00000, 0x00000000d8880000, 0x0000000100000000)
  eden space 33280K, 12% used [0x00000000d5e00000,0x00000000d61e6970,0x00000000d7e80000)
  from space 5120K, 0% used [0x00000000d8380000,0x00000000d8380000,0x00000000d8880000)
  to   space 5120K, 0% used [0x00000000d7e80000,0x00000000d7e80000,0x00000000d8380000)
 ParOldGen       total 87552K, used 0K [0x0000000081a00000, 0x0000000086f80000, 0x00000000d5e00000)
  object space 87552K, 0% used [0x0000000081a00000,0x0000000081a00000,0x0000000086f80000)
 Metaspace       used 4444K, capacity 4648K, committed 4736K, reserved 1056768K
  class space    used 541K, capacity 552K, committed 640K, reserved 1048576K

Card table byte_map: [0x0000018230290000,0x0000018230690000] byte_map_base: 0x000001822fe83000

Marking Bits: (ParMarkBitMap*) 0x000000006a564fb0
 Begin Bits: [0x0000018230940000, 0x00000182328d8000)
 End Bits:   [0x00000182328d8000, 0x0000018234870000)

Polling page: 0x0000018220ea0000

CodeCache: size=245760Kb used=1335Kb max_used=1335Kb free=244424Kb
 bounds [0x0000018220ed0000, 0x0000018221140000, 0x000001822fed0000]
 total_blobs=462 nmethods=198 adapters=185
 compilation: enabled

Compilation events (10 events):
Event: 9.586 Thread 0x00000182378e4800  194   !   1       java.io.BufferedReader::readLine (304 bytes)
Event: 9.587 Thread 0x00000182378e4800 nmethod 194 0x0000018221019e50 code [0x000001822101a060, 0x000001822101abd0]
Event: 9.658 Thread 0x00000182378e4800  195       1       java.io.WinNTFileSystem::prefixLength (91 bytes)
Event: 9.659 Thread 0x00000182378e4800 nmethod 195 0x000001822101b6d0 code [0x000001822101b880, 0x000001822101bcd0]
Event: 9.659 Thread 0x00000182378e4800  196       1       java.io.WinNTFileSystem::isLetter (30 bytes)
Event: 9.659 Thread 0x00000182378e4800 nmethod 196 0x000001822101c110 code [0x000001822101c260, 0x000001822101c3b8]
Event: 9.670 Thread 0x00000182378e4800  197       1       java.lang.String::toLowerCase (439 bytes)
Event: 9.671 Thread 0x00000182378e4800 nmethod 197 0x000001822101c410 code [0x000001822101c680, 0x000001822101d200]
Event: 9.680 Thread 0x00000182378e4800  198       1       java.lang.String::indexOf (7 bytes)
Event: 9.680 Thread 0x00000182378e4800 nmethod 198 0x000001822101ddd0 code [0x000001822101df20, 0x000001822101e070]

GC Heap History (0 events):
No events

Deoptimization events (0 events):
No events

Classes redefined (0 events):
No events

Internal exceptions (10 events):
Event: 0.145 Thread 0x000001821f595800 Exception <a 'java/lang/NoSuchMethodError': Method sun.misc.Unsafe.prefetchRead(Ljava/lang/Object;J)V name or signature does not match> (0x00000000d5e07fa8) thrown at [C:\jenkins\workspace\8-2-build-windows-amd64-cygwin\jdk8u261\295\hotspot\src\share\vm\p
Event: 8.949 Thread 0x000001821f595800 Exception <a 'java/lang/ArrayIndexOutOfBoundsException'> (0x00000000d5f45fe0) thrown at [C:\jenkins\workspace\8-2-build-windows-amd64-cygwin\jdk8u261\295\hotspot\src\share\vm\runtime\sharedRuntime.cpp, line 605]
Event: 8.950 Thread 0x000001821f595800 Exception <a 'java/lang/ArrayIndexOutOfBoundsException'> (0x00000000d5f46d58) thrown at [C:\jenkins\workspace\8-2-build-windows-amd64-cygwin\jdk8u261\295\hotspot\src\share\vm\runtime\sharedRuntime.cpp, line 605]
Event: 8.951 Thread 0x000001821f595800 Exception <a 'java/lang/ArrayIndexOutOfBoundsException'> (0x00000000d5f47d10) thrown at [C:\jenkins\workspace\8-2-build-windows-amd64-cygwin\jdk8u261\295\hotspot\src\share\vm\runtime\sharedRuntime.cpp, line 605]
Event: 8.954 Thread 0x000001821f595800 Exception <a 'java/lang/ArrayIndexOutOfBoundsException'> (0x00000000d5f495d0) thrown at [C:\jenkins\workspace\8-2-build-windows-amd64-cygwin\jdk8u261\295\hotspot\src\share\vm\runtime\sharedRuntime.cpp, line 605]
Event: 9.185 Thread 0x000001821f595800 Exception <a 'java/lang/ArrayIndexOutOfBoundsException'> (0x00000000d60bcc90) thrown at [C:\jenkins\workspace\8-2-build-windows-amd64-cygwin\jdk8u261\295\hotspot\src\share\vm\runtime\sharedRuntime.cpp, line 605]
Event: 9.185 Thread 0x000001821f595800 Exception <a 'java/lang/ArrayIndexOutOfBoundsException'> (0x00000000d60bdef8) thrown at [C:\jenkins\workspace\8-2-build-windows-amd64-cygwin\jdk8u261\295\hotspot\src\share\vm\runtime\sharedRuntime.cpp, line 605]
Event: 9.187 Thread 0x000001821f595800 Exception <a 'java/lang/ArrayIndexOutOfBoundsException'> (0x00000000d60bf870) thrown at [C:\jenkins\workspace\8-2-build-windows-amd64-cygwin\jdk8u261\295\hotspot\src\share\vm\runtime\sharedRuntime.cpp, line 605]
Event: 9.202 Thread 0x000001821f595800 Exception <a 'java/lang/ArrayIndexOutOfBoundsException'> (0x00000000d60e5378) thrown at [C:\jenkins\workspace\8-2-build-windows-amd64-cygwin\jdk8u261\295\hotspot\src\share\vm\runtime\sharedRuntime.cpp, line 605]
Event: 9.383 Thread 0x000001821f595800 Exception <a 'java/lang/ArrayIndexOutOfBoundsException'> (0x00000000d60f7ef8) thrown at [C:\jenkins\workspace\8-2-build-windows-amd64-cygwin\jdk8u261\295\hotspot\src\share\vm\runtime\sharedRuntime.cpp, line 605]

Events (10 events):
Event: 9.685 loading class sun/misc/URLClassPath$2
Event: 9.686 loading class sun/misc/URLClassPath$2 done
Event: 9.686 loading class java/lang/ClassLoader$2
Event: 9.686 loading class java/lang/ClassLoader$2 done
Event: 9.686 loading class sun/misc/URLClassPath$1
Event: 9.686 loading class sun/misc/URLClassPath$1 done
Event: 9.686 loading class java/net/URLClassLoader$3
Event: 9.687 loading class java/net/URLClassLoader$3 done
Event: 9.687 loading class sun/misc/CompoundEnumeration
Event: 9.687 loading class sun/misc/CompoundEnumeration done


Dynamic libraries:
0x00007ff74d1f0000 - 0x00007ff74d237000 	C:\Program Files\Java\jre1.8.0_261\bin\javaw.exe
0x00007ffe4a620000 - 0x00007ffe4a810000 	C:\WINDOWS\SYSTEM32\ntdll.dll
0x00007ffe4a400000 - 0x00007ffe4a4b2000 	C:\WINDOWS\System32\KERNEL32.DLL
0x00007ffe47770000 - 0x00007ffe47a14000 	C:\WINDOWS\System32\KERNELBASE.dll
0x00007ffe48740000 - 0x00007ffe487e3000 	C:\WINDOWS\System32\ADVAPI32.dll
0x00007ffe48cd0000 - 0x00007ffe48d6e000 	C:\WINDOWS\System32\msvcrt.dll
0x00007ffe4a4c0000 - 0x00007ffe4a557000 	C:\WINDOWS\System32\sechost.dll
0x00007ffe48b50000 - 0x00007ffe48c70000 	C:\WINDOWS\System32\RPCRT4.dll
0x00007ffe4a180000 - 0x00007ffe4a314000 	C:\WINDOWS\System32\USER32.dll
0x00007ffe486a0000 - 0x00007ffe486c1000 	C:\WINDOWS\System32\win32u.dll
0x00007ffe48a70000 - 0x00007ffe48a96000 	C:\WINDOWS\System32\GDI32.dll
0x00007ffe475d0000 - 0x00007ffe47764000 	C:\WINDOWS\System32\gdi32full.dll
0x00007ffe48600000 - 0x00007ffe4869e000 	C:\WINDOWS\System32\msvcp_win.dll
0x00007ffe48500000 - 0x00007ffe485fa000 	C:\WINDOWS\System32\ucrtbase.dll
0x00007ffe39150000 - 0x00007ffe393d4000 	C:\WINDOWS\WinSxS\amd64_microsoft.windows.common-controls_6595b64144ccf1df_6.0.18362.836_none_e6c4b943130f18ed\COMCTL32.dll
0x00007ffe48d70000 - 0x00007ffe490a6000 	C:\WINDOWS\System32\combase.dll
0x00007ffe481f0000 - 0x00007ffe48270000 	C:\WINDOWS\System32\bcryptPrimitives.dll
0x00007ffe49660000 - 0x00007ffe4968e000 	C:\WINDOWS\System32\IMM32.DLL
0x00007ffe44180000 - 0x00007ffe44195000 	C:\Program Files\Java\jre1.8.0_261\bin\vcruntime140.dll
0x00007ffe3b6d0000 - 0x00007ffe3b76b000 	C:\Program Files\Java\jre1.8.0_261\bin\msvcp140.dll
0x0000000069d70000 - 0x000000006a5dc000 	C:\Program Files\Java\jre1.8.0_261\bin\server\jvm.dll
0x00007ffe4a3f0000 - 0x00007ffe4a3f8000 	C:\WINDOWS\System32\PSAPI.DLL
0x00007ffe30b00000 - 0x00007ffe30b09000 	C:\WINDOWS\SYSTEM32\WSOCK32.dll
0x00007ffe49690000 - 0x00007ffe496ff000 	C:\WINDOWS\System32\WS2_32.dll
0x00007ffe440d0000 - 0x00007ffe440f4000 	C:\WINDOWS\SYSTEM32\WINMM.dll
0x00007ffe3d9b0000 - 0x00007ffe3d9ba000 	C:\WINDOWS\SYSTEM32\VERSION.dll
0x00007ffe440a0000 - 0x00007ffe440cd000 	C:\WINDOWS\SYSTEM32\WINMMBASE.dll
0x00007ffe47a20000 - 0x00007ffe47a6a000 	C:\WINDOWS\System32\cfgmgr32.dll
0x00007ffe47520000 - 0x00007ffe47531000 	C:\WINDOWS\System32\kernel.appcore.dll
0x00007ffe42100000 - 0x00007ffe42110000 	C:\Program Files\Java\jre1.8.0_261\bin\verify.dll
0x00007ffe3b7d0000 - 0x00007ffe3b7fb000 	C:\Program Files\Java\jre1.8.0_261\bin\java.dll
0x00007ffe3b5c0000 - 0x00007ffe3b5f6000 	C:\Program Files\Java\jre1.8.0_261\bin\jdwp.dll
0x00007ffe40790000 - 0x00007ffe40799000 	C:\Program Files\Java\jre1.8.0_261\bin\npt.dll
0x00007ffe3f750000 - 0x00007ffe3f768000 	C:\Program Files\Java\jre1.8.0_261\bin\zip.dll
0x00007ffe49760000 - 0x00007ffe49e44000 	C:\WINDOWS\System32\SHELL32.dll
0x00007ffe48aa0000 - 0x00007ffe48b49000 	C:\WINDOWS\System32\shcore.dll
0x00007ffe47a70000 - 0x00007ffe481ee000 	C:\WINDOWS\System32\windows.storage.dll
0x00007ffe474f0000 - 0x00007ffe47513000 	C:\WINDOWS\System32\profapi.dll
0x00007ffe47560000 - 0x00007ffe475aa000 	C:\WINDOWS\System32\powrprof.dll
0x00007ffe474e0000 - 0x00007ffe474f0000 	C:\WINDOWS\System32\UMPDC.dll
0x00007ffe49700000 - 0x00007ffe49752000 	C:\WINDOWS\System32\shlwapi.dll
0x00007ffe475b0000 - 0x00007ffe475c7000 	C:\WINDOWS\System32\cryptsp.dll
0x00007ffe3b660000 - 0x00007ffe3b66a000 	C:\Program Files\Java\jre1.8.0_261\bin\dt_socket.dll
0x00007ffe31bd0000 - 0x00007ffe31be6000 	C:\WINDOWS\system32\napinsp.dll
0x00007ffe31650000 - 0x00007ffe3166a000 	C:\WINDOWS\system32\pnrpnsp.dll
0x00007ffe46d50000 - 0x00007ffe46db7000 	C:\WINDOWS\System32\mswsock.dll
0x00007ffe46aa0000 - 0x00007ffe46b6b000 	C:\WINDOWS\SYSTEM32\DNSAPI.dll
0x00007ffe48a50000 - 0x00007ffe48a58000 	C:\WINDOWS\System32\NSI.dll
0x00007ffe46a60000 - 0x00007ffe46a9a000 	C:\WINDOWS\SYSTEM32\IPHLPAPI.DLL
0x00007ffe30c70000 - 0x00007ffe30c7e000 	C:\WINDOWS\System32\winrnr.dll
0x00007ffe43bf0000 - 0x00007ffe43c0c000 	C:\WINDOWS\system32\NLAapi.dll
0x00007ffe43090000 - 0x00007ffe430a5000 	C:\WINDOWS\system32\wshbth.dll
0x00007ffe3fd50000 - 0x00007ffe3fdc7000 	C:\WINDOWS\System32\fwpuclnt.dll
0x00007ffe48470000 - 0x00007ffe48496000 	C:\WINDOWS\System32\bcrypt.dll
0x00007ffe374b0000 - 0x00007ffe374ba000 	C:\Windows\System32\rasadhlp.dll
0x00007ffe44170000 - 0x00007ffe4417d000 	C:\Program Files\Java\jre1.8.0_261\bin\management.dll
0x00007ffe3e440000 - 0x00007ffe3e45c000 	C:\Program Files\Java\jre1.8.0_261\bin\net.dll
0x00007ffe3a9d0000 - 0x00007ffe3a9e3000 	C:\Program Files\Java\jre1.8.0_261\bin\nio.dll

VM Arguments:
jvm_args: -agentlib:jdwp=transport=dt_socket,suspend=y,address=localhost:63969 -Dcom.sun.management.jmxremote -Dcom.sun.management.jmxremote.port=63955 -Dcom.sun.management.jmxremote.authenticate=false -Dcom.sun.management.jmxremote.ssl=false -Djava.rmi.server.hostname=localhost -Dspring.jmx.enabled=true -Dspring.liveBeansView.mbeanDomain -Dspring.application.admin.enabled=true -Xverify:none -XX:TieredStopAtLevel=1 -Dfile.encoding=UTF-8 
java_command: com.system.bgim.BgimApplication --spring.output.ansi.enabled=always
java_class_path (initial): D:\git_src\bgim\target\classes;C:\Users\inufu\.m2\repository\org\springframework\boot\spring-boot-starter\2.3.3.RELEASE\spring-boot-starter-2.3.3.RELEASE.jar;C:\Users\inufu\.m2\repository\org\springframework\boot\spring-boot\2.3.3.RELEASE\spring-boot-2.3.3.RELEASE.jar;C:\Users\inufu\.m2\repository\org\springframework\spring-context\5.2.8.RELEASE\spring-context-5.2.8.RELEASE.jar;C:\Users\inufu\.m2\repository\org\springframework\boot\spring-boot-autoconfigure\2.3.3.RELEASE\spring-boot-autoconfigure-2.3.3.RELEASE.jar;C:\Users\inufu\.m2\repository\org\springframework\boot\spring-boot-starter-logging\2.3.3.RELEASE\spring-boot-starter-logging-2.3.3.RELEASE.jar;C:\Users\inufu\.m2\repository\ch\qos\logback\logback-classic\1.2.3\logback-classic-1.2.3.jar;C:\Users\inufu\.m2\repository\ch\qos\logback\logback-core\1.2.3\logback-core-1.2.3.jar;C:\Users\inufu\.m2\repository\org\apache\logging\log4j\log4j-to-slf4j\2.13.3\log4j-to-slf4j-2.13.3.jar;C:\Users\inufu\.m2\repository\org\apache\logging\log4j\log4j-api\2.13.3\log4j-api-2.13.3.jar;C:\Users\inufu\.m2\repository\org\slf4j\jul-to-slf4j\1.7.30\jul-to-slf4j-1.7.30.jar;C:\Users\inufu\.m2\repository\jakarta\annotation\jakarta.annotation-api\1.3.5\jakarta.annotation-api-1.3.5.jar;C:\Users\inufu\.m2\repository\org\springframework\spring-core\5.2.8.RELEASE\spring-core-5.2.8.RELEASE.jar;C:\Users\inufu\.m2\repository\org\springframework\spring-jcl\5.2.8.RELEASE\spring-jcl-5.2.8.RELEASE.jar;C:\Users\inufu\.m2\repository\org\yaml\snakeyaml\1.26\snakeyaml-1.26.jar;C:\Users\inufu\.m2\repository\org\slf4j\slf4j-api\1.7.30\slf4j-api-1.7.30.jar;C:\Users\inufu\.m2\repository\org\springframework\spring-web\5.2.8.RELEASE\spring-web-5.2.8.RELEASE.jar;C:\Users\inufu\.m2\repository\org\springframework\spring-beans\5.2.8.RELEASE\spring-beans-5.2.8.RELEASE.jar;C:\Users\inufu\.m2\repository\org\mybatis\mybatis\3.4.6\mybatis-3.4.6.jar;C:\Users\inufu\.m2\repository\org\mybatis\mybatis-spring\1.3.0\mybatis-spring-1.3.0.jar;C:
Launcher Type: SUN_STANDARD

Environment Variables:



---------------  S Y S T E M  ---------------

OS: Windows 10.0 , 64 bit Build 18362 (10.0.18362.778)

CPU:total 8 (initial active 8) (4 cores per cpu, 2 threads per core) family 6 model 158 stepping 9, cmov, cx8, fxsr, mmx, sse, sse2, sse3, ssse3, sse4.1, sse4.2, popcnt, avx, avx2, aes, clmul, erms, 3dnowpref, lzcnt, ht, tsc, tscinvbit, bmi1, bmi2, adx

Memory: 4k page, physical 8274616k(321380k free), swap 33440440k(0k free)

vm_info: Java HotSpot(TM) 64-Bit Server VM (25.261-b12) for windows-amd64 JRE (1.8.0_261-b12), built on Jun 18 2020 06:56:32 by "" with unknown MS VC++:1916

time: Mon Sep 28 12:25:57 2020
timezone: 
elapsed time: 9 seconds (0d 0h 0m 9s)

