#
# There is insufficient memory for the Java Runtime Environment to continue.
# Native memory allocation (malloc) failed to allocate 32744 bytes for ChunkPool::allocate
# Possible reasons:
#   The system is out of physical RAM or swap space
#   The process is running with CompressedOops enabled, and the Java Heap may be blocking the growth of the native heap
# Possible solutions:
#   Reduce memory load on the system
#   Increase physical memory or swap space
#   Check if swap backing store is full
#   Decrease Java heap size (-Xmx/-Xms)
#   Decrease number of Java threads
#   Decrease Java thread stack sizes (-Xss)
#   Set larger code cache with -XX:ReservedCodeCacheSize=
#   JVM is running with Unscaled Compressed Oops mode in which the Java heap is
#     placed in the first 4GB address space. The Java Heap base address is the
#     maximum limit for the native heap growth. Please use -XX:HeapBaseMinAddress
#     to set the Java Heap base and to place the Java Heap above 4GB virtual address.
# This output file may be truncated or incomplete.
#
#  Out of Memory Error (allocation.cpp:272), pid=14320, tid=0x0000000000006f90
#
# JRE version: Java(TM) SE Runtime Environment (8.0_261-b12) (build 1.8.0_261-b12)
# Java VM: Java HotSpot(TM) 64-Bit Server VM (25.261-b12 mixed mode windows-amd64 compressed oops)
# Failed to write core dump. Minidumps are not enabled by default on client versions of Windows
#

---------------  T H R E A D  ---------------

Current thread (0x000002371d306800):  JavaThread "C1 CompilerThread3" daemon [_thread_in_native, id=28560, stack(0x000000e6d3200000,0x000000e6d3300000)]

Stack: [0x000000e6d3200000,0x000000e6d3300000]
Native frames: (J=compiled Java code, j=interpreted, Vv=VM code, C=native code)
V  [jvm.dll+0x33e5f9]


Current CompileTask:
C1:  36430 2530 % !   1       java.util.concurrent.ConcurrentHashMap::transfer @ 376 (832 bytes)


---------------  P R O C E S S  ---------------

Java Threads: ( => current thread )
  0x000002371d8f2000 JavaThread "RMI TCP Accept-0" daemon [_thread_in_native, id=30096, stack(0x000000e6d3600000,0x000000e6d3700000)]
  0x000002371d8e2000 JavaThread "RMI TCP Accept-63422" daemon [_thread_in_native, id=26564, stack(0x000000e6d3500000,0x000000e6d3600000)]
  0x000002371d8d6000 JavaThread "RMI TCP Accept-0" daemon [_thread_in_native, id=25996, stack(0x000000e6d3400000,0x000000e6d3500000)]
  0x000002371d313800 JavaThread "Service Thread" daemon [_thread_blocked, id=28824, stack(0x000000e6d3300000,0x000000e6d3400000)]
=>0x000002371d306800 JavaThread "C1 CompilerThread3" daemon [_thread_in_native, id=28560, stack(0x000000e6d3200000,0x000000e6d3300000)]
  0x000002371d306000 JavaThread "C2 CompilerThread2" daemon [_thread_blocked, id=11984, stack(0x000000e6d3100000,0x000000e6d3200000)]
  0x000002371d305000 JavaThread "C2 CompilerThread1" daemon [_thread_blocked, id=28500, stack(0x000000e6d3000000,0x000000e6d3100000)]
  0x000002371d2ad000 JavaThread "C2 CompilerThread0" daemon [_thread_blocked, id=15720, stack(0x000000e6d2f00000,0x000000e6d3000000)]
  0x000002371b1de000 JavaThread "JDWP Command Reader" daemon [_thread_in_native, id=24712, stack(0x000000e6d2e00000,0x000000e6d2f00000)]
  0x000002371b1dc800 JavaThread "JDWP Event Helper Thread" daemon [_thread_blocked, id=24692, stack(0x000000e6d2d00000,0x000000e6d2e00000)]
  0x000002371b1db000 JavaThread "JDWP Transport Listener: dt_socket" daemon [_thread_blocked, id=24684, stack(0x000000e6d2c00000,0x000000e6d2d00000)]
  0x000002371b1b6800 JavaThread "Attach Listener" daemon [_thread_blocked, id=11520, stack(0x000000e6d2b00000,0x000000e6d2c00000)]
  0x000002371b152000 JavaThread "Signal Dispatcher" daemon [_thread_blocked, id=11072, stack(0x000000e6d2a00000,0x000000e6d2b00000)]
  0x000002371b137000 JavaThread "Finalizer" daemon [_thread_blocked, id=8308, stack(0x000000e6d2900000,0x000000e6d2a00000)]
  0x000002371b110000 JavaThread "Reference Handler" daemon [_thread_blocked, id=24384, stack(0x000000e6d2800000,0x000000e6d2900000)]
  0x0000023704f94800 JavaThread "main" [_thread_in_native, id=15228, stack(0x000000e6d1e00000,0x000000e6d1f00000)]

Other Threads:
  0x000002371b106800 VMThread [stack: 0x000000e6d2700000,0x000000e6d2800000] [id=19124]
  0x000002371d8f3800 WatcherThread [stack: 0x000000e6d3700000,0x000000e6d3800000] [id=30272]

VM state:not at safepoint (normal execution)

VM Mutex/Monitor currently owned by a thread: None

heap address: 0x0000000081a00000, size: 2022 MB, Compressed Oops mode: 32-bit
Narrow klass base: 0x0000000000000000, Narrow klass shift: 3
Compressed class space size: 1073741824 Address: 0x0000000100000000

Heap:
 PSYoungGen      total 71680K, used 41585K [0x00000000d5e00000, 0x00000000da900000, 0x0000000100000000)
  eden space 66560K, 62% used [0x00000000d5e00000,0x00000000d869c430,0x00000000d9f00000)
  from space 5120K, 0% used [0x00000000da400000,0x00000000da400000,0x00000000da900000)
  to   space 5120K, 0% used [0x00000000d9f00000,0x00000000d9f00000,0x00000000da400000)
 ParOldGen       total 46592K, used 6693K [0x0000000081a00000, 0x0000000084780000, 0x00000000d5e00000)
  object space 46592K, 14% used [0x0000000081a00000,0x0000000082089550,0x0000000084780000)
 Metaspace       used 24752K, capacity 26150K, committed 26368K, reserved 1073152K
  class space    used 3303K, capacity 3547K, committed 3584K, reserved 1048576K

Card table byte_map: [0x0000023715e00000,0x0000023716200000] byte_map_base: 0x00000237159f3000

Marking Bits: (ParMarkBitMap*) 0x000000006a564fb0
 Begin Bits: [0x00000237164b0000, 0x0000023718448000)
 End Bits:   [0x0000023718448000, 0x000002371a3e0000)

Polling page: 0x0000023704f40000

CodeCache: size=245760Kb used=5340Kb max_used=5340Kb free=240419Kb
 bounds [0x0000023706a40000, 0x0000023706f80000, 0x0000023715a40000]
 total_blobs=2916 nmethods=2514 adapters=320
 compilation: enabled

Compilation events (10 events):
Event: 36.373 Thread 0x000002371d306800 nmethod 2525 0x0000023706f73590 code [0x0000023706f737c0, 0x0000023706f74ea0]
Event: 36.415 Thread 0x000002371d306800 2526       1       java.util.stream.ReduceOps$3ReducingSink::begin (14 bytes)
Event: 36.415 Thread 0x000002371d306800 nmethod 2526 0x0000023706f766d0 code [0x0000023706f76820, 0x0000023706f76990]
Event: 36.422 Thread 0x000002371d306800 2527       1       java.util.ArrayDeque::pop (5 bytes)
Event: 36.422 Thread 0x000002371d306800 nmethod 2527 0x0000023706f76a10 code [0x0000023706f76b80, 0x0000023706f76d80]
Event: 36.423 Thread 0x000002371d306800 2528       1       org.apache.tomcat.util.file.Matcher::match (481 bytes)
Event: 36.423 Thread 0x000002371d306800 

Event: 36.423 Thread 0x000002371d306800 2529       1       org.apache.tomcat.util.file.Matcher::different (34 bytes)
Event: 36.423 Thread 0x000002371d306800 nmethod 2529 0x0000023706f76f10 code [0x0000023706f770a0, 0x0000023706f77280]
Event: 36.425 Thread 0x000002371d306800 2530 % !   1       java.util.concurrent.ConcurrentHashMap::transfer @ 376 (832 bytes)

GC Heap History (10 events):
Event: 25.408 GC heap before
{Heap before GC invocations=1 (full 0):
 PSYoungGen      total 38400K, used 33280K [0x00000000d5e00000, 0x00000000d8880000, 0x0000000100000000)
  eden space 33280K, 100% used [0x00000000d5e00000,0x00000000d7e80000,0x00000000d7e80000)
  from space 5120K, 0% used [0x00000000d8380000,0x00000000d8380000,0x00000000d8880000)
  to   space 5120K, 0% used [0x00000000d7e80000,0x00000000d7e80000,0x00000000d8380000)
 ParOldGen       total 87552K, used 0K [0x0000000081a00000, 0x0000000086f80000, 0x00000000d5e00000)
  object space 87552K, 0% used [0x0000000081a00000,0x0000000081a00000,0x0000000086f80000)
 Metaspace       used 12795K, capacity 13316K, committed 13440K, reserved 1060864K
  class space    used 1677K, capacity 1810K, committed 1920K, reserved 1048576K
Event: 25.511 GC heap after
Heap after GC invocations=1 (full 0):
 PSYoungGen      total 38400K, used 5093K [0x00000000d5e00000, 0x00000000d8880000, 0x0000000100000000)
  eden space 33280K, 0% used [0x00000000d5e00000,0x00000000d5e00000,0x00000000d7e80000)
  from space 5120K, 99% used [0x00000000d7e80000,0x00000000d8379438,0x00000000d8380000)
  to   space 5120K, 0% used [0x00000000d8380000,0x00000000d8380000,0x00000000d8880000)
 ParOldGen       total 87552K, used 1300K [0x0000000081a00000, 0x0000000086f80000, 0x00000000d5e00000)
  object space 87552K, 1% used [0x0000000081a00000,0x0000000081b45048,0x0000000086f80000)
 Metaspace       used 12795K, capacity 13316K, committed 13440K, reserved 1060864K
  class space    used 1677K, capacity 1810K, committed 1920K, reserved 1048576K
}
Event: 29.377 GC heap before
{Heap before GC invocations=2 (full 0):
 PSYoungGen      total 38400K, used 38373K [0x00000000d5e00000, 0x00000000d8880000, 0x0000000100000000)
  eden space 33280K, 100% used [0x00000000d5e00000,0x00000000d7e80000,0x00000000d7e80000)
  from space 5120K, 99% used [0x00000000d7e80000,0x00000000d8379438,0x00000000d8380000)
  to   space 5120K, 0% used [0x00000000d8380000,0x00000000d8380000,0x00000000d8880000)
 ParOldGen       total 87552K, used 1300K [0x0000000081a00000, 0x0000000086f80000, 0x00000000d5e00000)
  object space 87552K, 1% used [0x0000000081a00000,0x0000000081b45048,0x0000000086f80000)
 Metaspace       used 17715K, capacity 18356K, committed 18432K, reserved 1064960K
  class space    used 2313K, capacity 2494K, committed 2560K, reserved 1048576K
Event: 29.628 GC heap after
Heap after GC invocations=2 (full 0):
 PSYoungGen      total 38400K, used 5093K [0x00000000d5e00000, 0x00000000da900000, 0x0000000100000000)
  eden space 33280K, 0% used [0x00000000d5e00000,0x00000000d5e00000,0x00000000d7e80000)
  from space 5120K, 99% used [0x00000000d8380000,0x00000000d8879500,0x00000000d8880000)
  to   space 5120K, 0% used [0x00000000d7e80000,0x00000000d7e80000,0x00000000d8380000)
 ParOldGen       total 87552K, used 4785K [0x0000000081a00000, 0x0000000086f80000, 0x00000000d5e00000)
  object space 87552K, 5% used [0x0000000081a00000,0x0000000081eac500,0x0000000086f80000)
 Metaspace       used 17715K, capacity 18356K, committed 18432K, reserved 1064960K
  class space    used 2313K, capacity 2494K, committed 2560K, reserved 1048576K
}
Event: 33.917 GC heap before
{Heap before GC invocations=3 (full 0):
 PSYoungGen      total 38400K, used 38373K [0x00000000d5e00000, 0x00000000da900000, 0x0000000100000000)
  eden space 33280K, 100% used [0x00000000d5e00000,0x00000000d7e80000,0x00000000d7e80000)
  from space 5120K, 99% used [0x00000000d8380000,0x00000000d8879500,0x00000000d8880000)
  to   space 5120K, 0% used [0x00000000d7e80000,0x00000000d7e80000,0x00000000d8380000)
 ParOldGen       total 87552K, used 4785K [0x0000000081a00000, 0x0000000086f80000, 0x00000000d5e00000)
  object space 87552K, 5% used [0x0000000081a00000,0x0000000081eac500,0x0000000086f80000)
 Metaspace       used 19775K, capacity 20654K, committed 20864K, reserved 1069056K
  class space    used 2615K, capacity 2817K, committed 2944K, reserved 1048576K
Event: 33.951 GC heap after
Heap after GC invocations=3 (full 0):
 PSYoungGen      total 38400K, used 5113K [0x00000000d5e00000, 0x00000000da900000, 0x0000000100000000)
  eden space 33280K, 0% used [0x00000000d5e00000,0x00000000d5e00000,0x00000000d7e80000)
  from space 5120K, 99% used [0x00000000d7e80000,0x00000000d837e620,0x00000000d8380000)
  to   space 5120K, 0% used [0x00000000da400000,0x00000000da400000,0x00000000da900000)
 ParOldGen       total 87552K, used 8193K [0x0000000081a00000, 0x0000000086f80000, 0x00000000d5e00000)
  object space 87552K, 9% used [0x0000000081a00000,0x00000000822004f0,0x0000000086f80000)
 Metaspace       used 19775K, capacity 20654K, committed 20864K, reserved 1069056K
  class space    used 2615K, capacity 2817K, committed 2944K, reserved 1048576K
}
Event: 34.261 GC heap before
{Heap before GC invocations=4 (full 0):
 PSYoungGen      total 38400K, used 11541K [0x00000000d5e00000, 0x00000000da900000, 0x0000000100000000)
  eden space 33280K, 19% used [0x00000000d5e00000,0x00000000d6446fe8,0x00000000d7e80000)
  from space 5120K, 99% used [0x00000000d7e80000,0x00000000d837e620,0x00000000d8380000)
  to   space 5120K, 0% used [0x00000000da400000,0x00000000da400000,0x00000000da900000)
 ParOldGen       total 87552K, used 8193K [0x0000000081a00000, 0x0000000086f80000, 0x00000000d5e00000)
  object space 87552K, 9% used [0x0000000081a00000,0x00000000822004f0,0x0000000086f80000)
 Metaspace       used 20343K, capacity 21172K, committed 21296K, reserved 1069056K
  class space    used 2701K, capacity 2882K, committed 2944K, reserved 1048576K
Event: 34.302 GC heap after
Heap after GC invocations=4 (full 0):
 PSYoungGen      total 71680K, used 5097K [0x00000000d5e00000, 0x00000000da900000, 0x0000000100000000)
  eden space 66560K, 0% used [0x00000000d5e00000,0x00000000d5e00000,0x00000000d9f00000)
  from space 5120K, 99% used [0x00000000da400000,0x00000000da8fa630,0x00000000da900000)
  to   space 5120K, 0% used [0x00000000d9f00000,0x00000000d9f00000,0x00000000da400000)
 ParOldGen       total 87552K, used 9183K [0x0000000081a00000, 0x0000000086f80000, 0x00000000d5e00000)
  object space 87552K, 10% used [0x0000000081a00000,0x00000000822f7e88,0x0000000086f80000)
 Metaspace       used 20343K, capacity 21172K, committed 21296K, reserved 1069056K
  class space    used 2701K, capacity 2882K, committed 2944K, reserved 1048576K
}
Event: 34.302 GC heap before
{Heap before GC invocations=5 (full 1):
 PSYoungGen      total 71680K, used 5097K [0x00000000d5e00000, 0x00000000da900000, 0x0000000100000000)
  eden space 66560K, 0% used [0x00000000d5e00000,0x00000000d5e00000,0x00000000d9f00000)
  from space 5120K, 99% used [0x00000000da400000,0x00000000da8fa630,0x00000000da900000)
  to   space 5120K, 0% used [0x00000000d9f00000,0x00000000d9f00000,0x00000000da400000)
 ParOldGen       total 87552K, used 9183K [0x0000000081a00000, 0x0000000086f80000, 0x00000000d5e00000)
  object space 87552K, 10% used [0x0000000081a00000,0x00000000822f7e88,0x0000000086f80000)
 Metaspace       used 20343K, capacity 21172K, committed 21296K, reserved 1069056K
  class space    used 2701K, capacity 2882K, committed 2944K, reserved 1048576K
Event: 34.373 GC heap after
Heap after GC invocations=5 (full 1):
 PSYoungGen      total 71680K, used 0K [0x00000000d5e00000, 0x00000000da900000, 0x0000000100000000)
  eden space 66560K, 0% used [0x00000000d5e00000,0x00000000d5e00000,0x00000000d9f00000)
  from space 5120K, 0% used [0x00000000da400000,0x00000000da400000,0x00000000da900000)
  to   space 5120K, 0% used [0x00000000d9f00000,0x00000000d9f00000,0x00000000da400000)
 ParOldGen       total 46592K, used 6693K [0x0000000081a00000, 0x0000000084780000, 0x00000000d5e00000)
  object space 46592K, 14% used [0x0000000081a00000,0x0000000082089550,0x0000000084780000)
 Metaspace       used 20343K, capacity 21172K, committed 21296K, reserved 1069056K
  class space    used 2701K, capacity 2882K, committed 2944K, reserved 1048576K
}

Deoptimization events (0 events):
No events

Classes redefined (0 events):
No events

Internal exceptions (10 events):
Event: 35.215 Thread 0x0000023704f94800 Exception <a 'java/lang/ArrayIndexOutOfBoundsException'> (0x00000000d6cbb4b8) thrown at [C:\jenkins\workspace\8-2-build-windows-amd64-cygwin\jdk8u261\295\hotspot\src\share\vm\runtime\sharedRuntime.cpp, line 605]
Event: 35.241 Thread 0x0000023704f94800 Exception <a 'java/lang/IncompatibleClassChangeError': Found class java.lang.Object, but interface was expected> (0x00000000d6d3efd8) thrown at [C:\jenkins\workspace\8-2-build-windows-amd64-cygwin\jdk8u261\295\hotspot\src\share\vm\interpreter\linkResolver
Event: 35.242 Thread 0x0000023704f94800 Exception <a 'java/lang/ArrayIndexOutOfBoundsException'> (0x00000000d6d44380) thrown at [C:\jenkins\workspace\8-2-build-windows-amd64-cygwin\jdk8u261\295\hotspot\src\share\vm\runtime\sharedRuntime.cpp, line 605]
Event: 35.243 Thread 0x0000023704f94800 Exception <a 'java/lang/ArrayIndexOutOfBoundsException'> (0x00000000d6d4fa60) thrown at [C:\jenkins\workspace\8-2-build-windows-amd64-cygwin\jdk8u261\295\hotspot\src\share\vm\runtime\sharedRuntime.cpp, line 605]
Event: 35.247 Thread 0x0000023704f94800 Exception <a 'java/lang/NoSuchMethodError': java.lang.Object.lambda$and$0(Ljava/util/function/Predicate;Ljava/lang/Object;)Z> (0x00000000d6d83500) thrown at [C:\jenkins\workspace\8-2-build-windows-amd64-cygwin\jdk8u261\295\hotspot\src\share\vm\interpreter
Event: 35.375 Thread 0x0000023704f94800 Exception <a 'java/lang/ArrayIndexOutOfBoundsException'> (0x00000000d6e3b138) thrown at [C:\jenkins\workspace\8-2-build-windows-amd64-cygwin\jdk8u261\295\hotspot\src\share\vm\runtime\sharedRuntime.cpp, line 605]
Event: 35.484 Thread 0x0000023704f94800 Exception <a 'java/lang/ArrayIndexOutOfBoundsException'> (0x00000000d70bf3c0) thrown at [C:\jenkins\workspace\8-2-build-windows-amd64-cygwin\jdk8u261\295\hotspot\src\share\vm\runtime\sharedRuntime.cpp, line 605]
Event: 35.484 Thread 0x0000023704f94800 Exception <a 'java/lang/ArrayIndexOutOfBoundsException'> (0x00000000d70c0708) thrown at [C:\jenkins\workspace\8-2-build-windows-amd64-cygwin\jdk8u261\295\hotspot\src\share\vm\runtime\sharedRuntime.cpp, line 605]
Event: 35.484 Thread 0x0000023704f94800 Exception <a 'java/lang/ArrayIndexOutOfBoundsException'> (0x00000000d70c1f50) thrown at [C:\jenkins\workspace\8-2-build-windows-amd64-cygwin\jdk8u261\295\hotspot\src\share\vm\runtime\sharedRuntime.cpp, line 605]
Event: 36.294 Thread 0x0000023704f94800 Exception <a 'java/io/FileNotFoundException'> (0x00000000d8180e48) thrown at [C:\jenkins\workspace\8-2-build-windows-amd64-cygwin\jdk8u261\295\hotspot\src\share\vm\prims\jni.cpp, line 710]

Events (10 events):
Event: 36.426 Thread 0x0000023704f94800 DEOPT PACKING pc=0x0000023706c15784 sp=0x000000e6d1efcc20
Event: 36.426 Thread 0x0000023704f94800 DEOPT UNPACKING pc=0x0000023706a87898 sp=0x000000e6d1efca40 mode 1
Event: 36.427 loading class org/apache/tomcat/Jar
Event: 36.427 loading class org/apache/tomcat/Jar done
Event: 36.427 Thread 0x0000023704f94800 DEOPT PACKING pc=0x0000023706c55d09 sp=0x000000e6d1efa360
Event: 36.427 Thread 0x0000023704f94800 DEOPT UNPACKING pc=0x0000023706a87898 sp=0x000000e6d1efa0b0 mode 1
Event: 36.427 Thread 0x0000023704f94800 DEOPT PACKING pc=0x0000023706c15844 sp=0x000000e6d1efa3e0
Event: 36.427 Thread 0x0000023704f94800 DEOPT UNPACKING pc=0x0000023706a87898 sp=0x000000e6d1efa200 mode 1
Event: 36.427 Thread 0x0000023704f94800 DEOPT PACKING pc=0x0000023706c15784 sp=0x000000e6d1efa570
Event: 36.427 Thread 0x0000023704f94800 DEOPT UNPACKING pc=0x0000023706a87898 sp=0x000000e6d1efa390 mode 1


Dynamic libraries:
0x00007ff74d1f0000 - 0x00007ff74d237000 	C:\Program Files\Java\jre1.8.0_261\bin\javaw.exe
0x00007ffe4a620000 - 0x00007ffe4a810000 	C:\WINDOWS\SYSTEM32\ntdll.dll
0x00007ffe4a400000 - 0x00007ffe4a4b2000 	C:\WINDOWS\System32\KERNEL32.DLL
0x00007ffe47770000 - 0x00007ffe47a14000 	C:\WINDOWS\System32\KERNELBASE.dll
0x00007ffe48740000 - 0x00007ffe487e3000 	C:\WINDOWS\System32\ADVAPI32.dll
0x00007ffe48cd0000 - 0x00007ffe48d6e000 	C:\WINDOWS\System32\msvcrt.dll
0x00007ffe4a4c0000 - 0x00007ffe4a557000 	C:\WINDOWS\System32\sechost.dll
0x00007ffe48b50000 - 0x00007ffe48c70000 	C:\WINDOWS\System32\RPCRT4.dll
0x00007ffe4a180000 - 0x00007ffe4a314000 	C:\WINDOWS\System32\USER32.dll
0x00007ffe486a0000 - 0x00007ffe486c1000 	C:\WINDOWS\System32\win32u.dll
0x00007ffe48a70000 - 0x00007ffe48a96000 	C:\WINDOWS\System32\GDI32.dll
0x00007ffe475d0000 - 0x00007ffe47764000 	C:\WINDOWS\System32\gdi32full.dll
0x00007ffe48600000 - 0x00007ffe4869e000 	C:\WINDOWS\System32\msvcp_win.dll
0x00007ffe48500000 - 0x00007ffe485fa000 	C:\WINDOWS\System32\ucrtbase.dll
0x00007ffe39150000 - 0x00007ffe393d4000 	C:\WINDOWS\WinSxS\amd64_microsoft.windows.common-controls_6595b64144ccf1df_6.0.18362.836_none_e6c4b943130f18ed\COMCTL32.dll
0x00007ffe48d70000 - 0x00007ffe490a6000 	C:\WINDOWS\System32\combase.dll
0x00007ffe481f0000 - 0x00007ffe48270000 	C:\WINDOWS\System32\bcryptPrimitives.dll
0x00007ffe49660000 - 0x00007ffe4968e000 	C:\WINDOWS\System32\IMM32.DLL
0x00007ffe44180000 - 0x00007ffe44195000 	C:\Program Files\Java\jre1.8.0_261\bin\vcruntime140.dll
0x00007ffe3b6d0000 - 0x00007ffe3b76b000 	C:\Program Files\Java\jre1.8.0_261\bin\msvcp140.dll
0x0000000069d70000 - 0x000000006a5dc000 	C:\Program Files\Java\jre1.8.0_261\bin\server\jvm.dll
0x00007ffe4a3f0000 - 0x00007ffe4a3f8000 	C:\WINDOWS\System32\PSAPI.DLL
0x00007ffe30b00000 - 0x00007ffe30b09000 	C:\WINDOWS\SYSTEM32\WSOCK32.dll
0x00007ffe49690000 - 0x00007ffe496ff000 	C:\WINDOWS\System32\WS2_32.dll
0x00007ffe440d0000 - 0x00007ffe440f4000 	C:\WINDOWS\SYSTEM32\WINMM.dll
0x00007ffe3d9b0000 - 0x00007ffe3d9ba000 	C:\WINDOWS\SYSTEM32\VERSION.dll
0x00007ffe440a0000 - 0x00007ffe440cd000 	C:\WINDOWS\SYSTEM32\WINMMBASE.dll
0x00007ffe47a20000 - 0x00007ffe47a6a000 	C:\WINDOWS\System32\cfgmgr32.dll
0x00007ffe47520000 - 0x00007ffe47531000 	C:\WINDOWS\System32\kernel.appcore.dll
0x00007ffe42100000 - 0x00007ffe42110000 	C:\WINDOWS\System32\KERNELBASE.dll
0x00007ffe3b7d0000 - 0x00007ffe3b7fb000 	C:\WINDOWS\System32\RPCRT4.dll
0x00007ffe3b5c0000 - 0x00007ffe3b5f6000 	C:\WINDOWS\System32\GDI32.dll
0x00007ffe40790000 - 0x00007ffe40799000 	C:\WINDOWS\System32\msvcp_win.dll
0x00007ffe3f750000 - 0x00007ffe3f768000 	C:\WINDOWS\WinSxS\amd64_microsoft.windows.common-controls_6595b64144ccf1df_6.0.18362.836_none_e6c4b943130f18ed\COMCTL32.dll
0x00007ffe49760000 - 0x00007ffe49e44000 	C:\WINDOWS\System32\SHELL32.dll
0x00007ffe48aa0000 - 0x00007ffe48b49000 	C:\Program Files\Java\jre1.8.0_261\bin\msvcp140.dll
0x00007ffe47a70000 - 0x00007ffe481ee000 	C:\WINDOWS\System32\windows.storage.dll
0x00007ffe474f0000 - 0x00007ffe47513000 	C:\WINDOWS\SYSTEM32\WSOCK32.dll
0x00007ffe47560000 - 0x00007ffe475aa000 	C:\WINDOWS\SYSTEM32\WINMM.dll
0x00007ffe474e0000 - 0x00007ffe474f0000 	C:\WINDOWS\SYSTEM32\WINMMBASE.dll
0x00007ffe49700000 - 0x00007ffe49752000 	C:\WINDOWS\System32\cfgmgr32.dll
0x00007ffe475b0000 - 0x00007ffe475c7000 	C:\Program Files\Java\jre1.8.0_261\bin\verify.dll
0x00007ffe3b660000 - 0x00007ffe3b66a000 	C:\Program Files\Java\jre1.8.0_261\bin\java.dll
0x00007ffe31bd0000 - 0x00007ffe31be6000 	C:\Program Files\Java\jre1.8.0_261\bin\npt.dll
0x00007ffe31650000 - 0x00007ffe3166a000 	C:\Program Files\Java\jre1.8.0_261\bin\zip.dll
0x00007ffe46d50000 - 0x00007ffe46db7000 	C:\WINDOWS\SYSTEM32\ntdll.dll
0x00007ffe46aa0000 - 0x00007ffe46b6b000 	C:\WINDOWS\System32\RPCRT4.dll
0x00007ffe48a50000 - 0x00007ffe48a58000 	C:\WINDOWS\System32\gdi32full.dll
0x00007ffe46a60000 - 0x00007ffe46a9a000 	C:\WINDOWS\WinSxS\amd64_microsoft.windows.common-controls_6595b64144ccf1df_6.0.18362.836_none_e6c4b943130f18ed\COMCTL32.dll
0x00007ffe30c70000 - 0x00007ffe30c7e000 	C:\WINDOWS\System32\IMM32.DLL
0x00007ffe43bf0000 - 0x00007ffe43c0c000 	C:\Program Files\Java\jre1.8.0_261\bin\msvcp140.dll
0x00007ffe43090000 - 0x00007ffe430a5000 	C:\WINDOWS\System32\PSAPI.DLL
0x00007ffe3fd50000 - 0x00007ffe3fdc7000 	C:\WINDOWS\SYSTEM32\WINMM.dll
0x00007ffe48470000 - 0x00007ffe48496000 	C:\WINDOWS\SYSTEM32\WINMMBASE.dll
0x00007ffe374b0000 - 0x00007ffe374ba000 	C:\WINDOWS\System32\kernel.appcore.dll
0x00007ffe44170000 - 0x00007ffe4417d000 	C:\Program Files\Java\jre1.8.0_261\bin\java.dll
0x00007ffe3e440000 - 0x00007ffe3e45c000 	C:\Program Files\Java\jre1.8.0_261\bin\npt.dll
0x00007ffe3a9d0000 - 0x00007ffe3a9e3000 	C:\Program Files\Java\jre1.8.0_261\bin\zip.dll
0x00007ffe468c0000 - 0x00007ffe468f3000 	C:\WINDOWS\System32\KERNELBASE.dll
0x00007ffe47400000 - 0x00007ffe47425000 	C:\WINDOWS\System32\win32u.dll
0x00007ffe46f20000 - 0x00007ffe46f2c000 	C:\WINDOWS\System32\ucrtbase.dll
0x00007ffe40560000 - 0x00007ffe40576000 	C:\WINDOWS\System32\IMM32.DLL
0x00007ffe40360000 - 0x00007ffe4037c000 	C:\Program Files\Java\jre1.8.0_261\bin\msvcp140.dll

VM Arguments:
jvm_args: -agentlib:jdwp=transport=dt_socket,suspend=y,address=localhost:63504 -Dcom.sun.management.jmxremote -Dcom.sun.management.jmxremote.port=63422 -Dcom.sun.management.jmxremote.authenticate=false -Dcom.sun.management.jmxremote.ssl=false -Djava.rmi.server.hostname=localhost -Dspring.jmx.enabled=true -Dspring.liveBeansView.mbeanDomain -Dspring.application.admin.enabled=true -Xverify:none -XX:TieredStopAtLevel=1 -Dfile.encoding=UTF-8 
java_command: com.system.bgim.BgimApplication --spring.output.ansi.enabled=always
java_class_path (initial): D:\git_src\bgim\target\classes;C:\Users\inufu\.m2\repository\org\springframework\boot\spring-boot-starter\2.3.3.RELEASE\spring-boot-starter-2.3.3.RELEASE.jar;C:\Users\inufu\.m2\repository\org\springframework\boot\spring-boot\2.3.3.RELEASE\spring-boot-2.3.3.RELEASE.jar;C:\Users\inufu\.m2\repository\org\springframework\spring-context\5.2.8.RELEASE\spring-context-5.2.8.RELEASE.jar;C:\Users\inufu\.m2\repository\org\springframework\boot\spring-boot-autoconfigure\2.3.3.RELEASE\spring-boot-autoconfigure-2.3.3.RELEASE.jar;C:\Users\inufu\.m2\repository\org\springframework\boot\spring-boot-starter-logging\2.3.3.RELEASE\spring-boot-starter-logging-2.3.3.RELEASE.jar;C:\Users\inufu\.m2\repository\ch\qos\logback\logback-classic\1.2.3\logback-classic-1.2.3.jar;C:\Users\inufu\.m2\repository\ch\qos\logback\logback-core\1.2.3\logback-core-1.2.3.jar;C:\Users\inufu\.m2\repository\org\apache\logging\log4j\log4j-to-slf4j\2.13.3\log4j-to-slf4j-2.13.3.jar;C:\Users\inufu\.m2\repository\org\apache\logging\log4j\log4j-api\2.13.3\log4j-api-2.13.3.jar;C:\Users\inufu\.m2\repository\org\slf4j\jul-to-slf4j\1.7.30\jul-to-slf4j-1.7.30.jar;C:\Users\inufu\.m2\repository\jakarta\annotation\jakarta.annotation-api\1.3.5\jakarta.annotation-api-1.3.5.jar;C:\Users\inufu\.m2\repository\org\springframework\spring-core\5.2.8.RELEASE\spring-core-5.2.8.RELEASE.jar;C:\Users\inufu\.m2\repository\org\springframework\spring-jcl\5.2.8.RELEASE\spring-jcl-5.2.8.RELEASE.jar;C:\Users\inufu\.m2\repository\org\yaml\snakeyaml\1.26\snakeyaml-1.26.jar;C:\Users\inufu\.m2\repository\org\slf4j\slf4j-api\1.7.30\slf4j-api-1.7.30.jar;C:\Users\inufu\.m2\repository\org\springframework\spring-web\5.2.8.RELEASE\spring-web-5.2.8.RELEASE.jar;C:\Users\inufu\.m2\repository\org\springframework\spring-beans\5.2.8.RELEASE\spring-beans-5.2.8.RELEASE.jar;C:\Users\inufu\.m2\repository\org\mybatis\mybatis\3.4.6\mybatis-3.4.6.jar;C:\Users\inufu\.m2\repository\org\mybatis\mybatis-spring\1.3.0\mybatis-spring-1.3.0.jar;C:
Launcher Type: SUN_STANDARD

Environment Variables:
JAVA_HOME=C:\Program Files\Java\jdk1.8.0_261
PATH=C:/Program Files/Java/jre1.8.0_261/bin/server;C:/Program Files/Java/jre1.8.0_261/bin;C:/Program Files/Java/jre1.8.0_261/lib/amd64;C:\Program Files (x86)\Common Files\Oracle\Java\javapath;C:\app\inufu\product\18.0.0\dbhomeXE\bin;C:\WINDOWS\system32;C:\WINDOWS;C:\WINDOWS\System32\Wbem;C:\WINDOWS\System32\WindowsPowerShell\v1.0\;C:\WINDOWS\System32\OpenSSH\;C:\Program Files\Java\jdk1.8.0_202\bin;C:\Users\inufu\Downloads\Apache-Subversion-1.9.2\bin;C:\Program Files\TortoiseSVN\bin;C:\Program Files\Git\cmd;C:\Program Files\nodejs\;C:\ProgramData\chocolatey\bin;C:\Program Files\dotnet\;C:\Program Files\Microsoft SQL Server\130\Tools\Binn\;C:\Program Files\Microsoft SQL Server\Client SDK\ODBC\170\Tools\Binn\;C:\Users\inufu\AppData\Local\Microsoft\WindowsApps;C:\Users\inufu\AppData\Local\Programs\Microsoft VS Code\bin;C:\spark\bin;C:\Program Files\Java\jdk1.8.0_261\bin;C:\Users\inufu\AppData\Roaming\npm;C:\Program Files\STS\sts-bundle\sts-3.9.9.RELEASE;
USERNAME=inufu
OS=Windows_NT
PROCESSOR_IDENTIFIER=Intel64 Family 6 Model 158 Stepping 9, GenuineIntel



---------------  S Y S T E M  ---------------

OS: Windows 10.0 , 64 bit Build 18362 (10.0.18362.778)

CPU:total 8 (initial active 8) (4 cores per cpu, 2 threads per core) family 6 model 158 stepping 9, cmov, cx8, fxsr, mmx, sse, sse2, sse3, ssse3, sse4.1, sse4.2, popcnt, avx, avx2, aes, clmul, erms, 3dnowpref, lzcnt, ht, tsc, tscinvbit, bmi1, bmi2, adx

Memory: 4k page, physical 8274616k(332040k free), swap 33440440k(5136k free)

vm_info: Java HotSpot(TM) 64-Bit Server VM (25.261-b12) for windows-amd64 JRE (1.8.0_261-b12), built on Jun 18 2020 06:56:32 by "" with unknown MS VC++:1916

time: Mon Sep 28 12:25:39 2020
timezone: ¢¥eCN©öI¡¾©ö C¡ÍA¨ª¨öA
elapsed time: 36 seconds (0d 0h 0m 36s)

