
[error occurred during error reporting (printing fatal error message), id 0xc00000fd]

# Native memory allocation (malloc) failed to allocate 1792 bytes for AllocateHeap
# Possible reasons:
#   The system is out of physical RAM or swap space
#   The process is running with CompressedOops enabled, and the Java Heap may be blocking the growth of the native heap
# Possible solutions:
#   Reduce memory load on the system
#   Increase physical memory or swap space
#   Check if swap backing store is full
#   Decrease Java heap size (-Xmx/-Xms)
#   Decrease number of Java threads
#   Decrease Java thread stack sizes (-Xss)
#   Set larger code cache with -XX:ReservedCodeCacheSize=
#   JVM is running with Unscaled Compressed Oops mode in which the Java heap is
#     placed in the first 4GB address space. The Java Heap base address is the
#     maximum limit for the native heap growth. Please use -XX:HeapBaseMinAddress
#     to set the Java Heap base and to place the Java Heap above 4GB virtual address.
# This output file may be truncated or incomplete.
#
#  Out of Memory Error (memory/allocation.inline.hpp:61), pid=20072, tid=0x0000000000001c24
#
# JRE version: Java(TM) SE Runtime Environment (8.0_261-b12) (build 1.8.0_261-b12)
# Java VM: Java HotSpot(TM) 64-Bit Server VM (25.261-b12 mixed mode windows-amd64 compressed oops)
# Failed to write core dump. Minidumps are not enabled by default on client versions of Windows
#

---------------  T H R E A D  ---------------

Current thread (0x000001dd0643c000):  GCTaskThread [stack: 0x0000007aeb200000,0x0000007aeb300000] [id=7204]

Stack: [0x0000007aeb200000,0x0000007aeb300000]
Native frames: (J=compiled Java code, j=interpreted, Vv=VM code, C=native code)
V  [jvm.dll+0x33e5f9]

JavaThread 0x000001dd06427000 (nid = 26140) was being processed
Java frames: (J=compiled Java code, j=interpreted, Vv=VM code)
j  java.lang.ClassLoader.defineClass1(Ljava/lang/String;[BIILjava/security/ProtectionDomain;Ljava/lang/String;)Ljava/lang/Class;+0
J 777 C1 java.lang.ClassLoader.defineClass(Ljava/lang/String;[BIILjava/security/ProtectionDomain;)Ljava/lang/Class; (43 bytes) @ 0x000001dd080f097c [0x000001dd080f0860+0x11c]
J 785 C1 java.net.URLClassLoader.defineClass(Ljava/lang/String;Lsun/misc/Resource;)Ljava/lang/Class; (142 bytes) @ 0x000001dd080f49bc [0x000001dd080f3fa0+0xa1c]
J 703 C1 java.net.URLClassLoader$1.run()Ljava/lang/Class; (63 bytes) @ 0x000001dd080d288c [0x000001dd080d27c0+0xcc]
J 702 C1 java.net.URLClassLoader$1.run()Ljava/lang/Object; (5 bytes) @ 0x000001dd080d249c [0x000001dd080d2460+0x3c]
v  ~StubRoutines::call_stub
J 581  java.security.AccessController.doPrivileged(Ljava/security/PrivilegedExceptionAction;Ljava/security/AccessControlContext;)Ljava/lang/Object; (0 bytes) @ 0x000001dd08089e26 [0x000001dd08089dc0+0x66]
J 651 C1 java.net.URLClassLoader.findClass(Ljava/lang/String;)Ljava/lang/Class; (47 bytes) @ 0x000001dd080b7c1c [0x000001dd080b7b60+0xbc]
j  java.lang.ClassLoader.loadClass(Ljava/lang/String;Z)Ljava/lang/Class;+70
J 619 C1 sun.misc.Launcher$AppClassLoader.loadClass(Ljava/lang/String;Z)Ljava/lang/Class; (85 bytes) @ 0x000001dd0809fef4 [0x000001dd0809fc00+0x2f4]
J 616 C1 java.lang.ClassLoader.loadClass(Ljava/lang/String;)Ljava/lang/Class; (7 bytes) @ 0x000001dd0809e9bc [0x000001dd0809e960+0x5c]
v  ~StubRoutines::call_stub
j  org.springframework.core.convert.support.DefaultConversionService.addScalarConverters(Lorg/springframework/core/convert/converter/ConverterRegistry;)V+293
j  org.springframework.core.convert.support.DefaultConversionService.addDefaultConverters(Lorg/springframework/core/convert/converter/ConverterRegistry;)V+1
j  org.springframework.boot.convert.ApplicationConversionService.configure(Lorg/springframework/format/FormatterRegistry;)V+1
j  org.springframework.boot.convert.ApplicationConversionService.<init>(Lorg/springframework/util/StringValueResolver;)V+14
j  org.springframework.boot.convert.ApplicationConversionService.<init>()V+2
j  org.springframework.boot.convert.ApplicationConversionService.getSharedInstance()Lorg/springframework/core/convert/ConversionService;+25
j  org.springframework.boot.SpringApplication.configureEnvironment(Lorg/springframework/core/env/ConfigurableEnvironment;[Ljava/lang/String;)V+7
j  org.springframework.boot.SpringApplication.prepareEnvironment(Lorg/springframework/boot/SpringApplicationRunListeners;Lorg/springframework/boot/ApplicationArguments;)Lorg/springframework/core/env/ConfigurableEnvironment;+13
j  org.springframework.boot.SpringApplication.run([Ljava/lang/String;)Lorg/springframework/context/ConfigurableApplicationContext;+54
j  org.springframework.boot.SpringApplication.run([Ljava/lang/Class;[Ljava/lang/String;)Lorg/springframework/context/ConfigurableApplicationContext;+9
j  org.springframework.boot.SpringApplication.run(Ljava/lang/Class;[Ljava/lang/String;)Lorg/springframework/context/ConfigurableApplicationContext;+9
j  com.system.bgim.BgimApplication.main([Ljava/lang/String;)V+3
v  ~StubRoutines::call_stub

---------------  P R O C E S S  ---------------

Java Threads: ( => current thread )
  0x000001dd1eddc800 JavaThread "RMI TCP Accept-0" daemon [_thread_in_native, id=24996, stack(0x0000007aeca00000,0x0000007aecb00000)]
  0x000001dd1edd1000 JavaThread "RMI TCP Accept-63418" daemon [_thread_in_native, id=22580, stack(0x0000007aec900000,0x0000007aeca00000)]
  0x000001dd1edc3800 JavaThread "RMI TCP Accept-0" daemon [_thread_in_native, id=17056, stack(0x0000007aec800000,0x0000007aec900000)]
  0x000001dd1e7ed800 JavaThread "Service Thread" daemon [_thread_blocked, id=25792, stack(0x0000007aec600000,0x0000007aec700000)]
  0x000001dd1e7e6800 JavaThread "C1 CompilerThread3" daemon [_thread_blocked, id=27252, stack(0x0000007aec500000,0x0000007aec600000)]
  0x000001dd1e7e6000 JavaThread "C2 CompilerThread2" daemon [_thread_blocked, id=27248, stack(0x0000007aec400000,0x0000007aec500000)]
  0x000001dd1e7cf000 JavaThread "C2 CompilerThread1" daemon [_thread_blocked, id=26644, stack(0x0000007aec300000,0x0000007aec400000)]
  0x000001dd1e77f000 JavaThread "C2 CompilerThread0" daemon [_thread_blocked, id=11016, stack(0x0000007aec200000,0x0000007aec300000)]
  0x000001dd1e763800 JavaThread "JDWP Command Reader" daemon [_thread_in_native, id=28656, stack(0x0000007aec100000,0x0000007aec200000)]
  0x000001dd1e760800 JavaThread "JDWP Event Helper Thread" daemon [_thread_blocked, id=28652, stack(0x0000007aec000000,0x0000007aec100000)]
  0x000001dd1c73e000 JavaThread "JDWP Transport Listener: dt_socket" daemon [_thread_blocked, id=28648, stack(0x0000007aebf00000,0x0000007aec000000)]
  0x000001dd1c719800 JavaThread "Attach Listener" daemon [_thread_blocked, id=28280, stack(0x0000007aebe00000,0x0000007aebf00000)]
  0x000001dd1c6b4000 JavaThread "Signal Dispatcher" daemon [_thread_blocked, id=28276, stack(0x0000007aebd00000,0x0000007aebe00000)]
  0x000001dd1c699000 JavaThread "Finalizer" daemon [_thread_blocked, id=27872, stack(0x0000007aebc00000,0x0000007aebd00000)]
  0x000001dd1c671800 JavaThread "Reference Handler" daemon [_thread_blocked, id=27868, stack(0x0000007aebb00000,0x0000007aebc00000)]
  0x000001dd06427000 JavaThread "main" [_thread_blocked, id=26140, stack(0x0000007aeb100000,0x0000007aeb200000)]

Other Threads:
  0x000001dd1c668800 VMThread [stack: 0x0000007aeba00000,0x0000007aebb00000] [id=27776]
  0x000001dd1eddd800 WatcherThread [stack: 0x0000007aecb00000,0x0000007aecc00000] [id=24992]

=>0x000001dd0643c000 (exited) GCTaskThread [stack: 0x0000007aeb200000,0x0000007aeb300000] [id=7204]

VM state:at safepoint (normal execution)

VM Mutex/Monitor currently owned by a thread:  ([mutex/lock_event])
[0x000001dd06423b60] OopMapCacheAlloc_lock - owner thread: 0x000001dd0643c000
[0x000001dd064240e0] Threads_lock - owner thread: 0x000001dd1c668800
[0x000001dd064254f0] Heap_lock - owner thread: 0x000001dd06427000

heap address: 0x0000000081a00000, size: 2022 MB, Compressed Oops mode: 32-bit
Narrow klass base: 0x0000000000000000, Narrow klass shift: 3
Compressed class space size: 1073741824 Address: 0x0000000100000000

Heap:
 PSYoungGen      total 38400K, used 21324K [0x00000000d5e00000, 0x00000000d8880000, 0x0000000100000000)
  eden space 33280K, 64% used [0x00000000d5e00000,0x00000000d72d3208,0x00000000d7e80000)
  from space 5120K, 0% used [0x00000000d8380000,0x00000000d8380000,0x00000000d8880000)
  to   space 5120K, 53% used [0x00000000d7e80000,0x00000000d812ba78,0x00000000d8380000)
 ParOldGen       total 87552K, used 8K [0x0000000081a00000, 0x0000000086f80000, 0x00000000d5e00000)
  object space 87552K, 0% used [0x0000000081a00000,0x0000000081a02000,0x0000000086f80000)
 Metaspace       used 10491K, capacity 10746K, committed 10880K, reserved 1060864K
  class space    used 1307K, capacity 1389K, committed 1408K, reserved 1048576K

Card table byte_map: [0x000001dd17260000,0x000001dd17660000] byte_map_base: 0x000001dd16e53000

Marking Bits: (ParMarkBitMap*) 0x000000006a564fb0
 Begin Bits: [0x000001dd17910000, 0x000001dd198a8000)
 End Bits:   [0x000001dd198a8000, 0x000001dd1b840000)

Polling page: 0x000001dd06600000

CodeCache: size=245760Kb used=2443Kb max_used=2443Kb free=243316Kb
 bounds [0x000001dd07ea0000, 0x000001dd08110000, 0x000001dd16ea0000]
 total_blobs=1172 nmethods=816 adapters=277
 compilation: enabled

Compilation events (10 events):
Event: 49.641 Thread 0x000001dd1e7e6800  812       1       org.springframework.core.ResolvableType::resolve (5 bytes)
Event: 49.641 Thread 0x000001dd1e7e6800 nmethod 812 0x000001dd08101690 code [0x000001dd081017e0, 0x000001dd081018f8]
Event: 49.645 Thread 0x000001dd1e7e6800  813       1       java.lang.Integer::<init> (10 bytes)
Event: 49.645 Thread 0x000001dd1e7e6800 nmethod 813 0x000001dd08101950 code [0x000001dd08101aa0, 0x000001dd08101bb8]
Event: 49.692 Thread 0x000001dd1e7e6800  814   !   1       org.springframework.util.ConcurrentReferenceHashMap$Segment::clear (69 bytes)
Event: 49.712 Thread 0x000001dd1e7e6800 nmethod 814 0x000001dd08101c10 code [0x000001dd08101da0, 0x000001dd081020b0]
Event: 49.721 Thread 0x000001dd1e7e6800  815       1       java.util.ArrayDeque::addLast (53 bytes)
Event: 49.721 Thread 0x000001dd1e7e6800 nmethod 815 0x000001dd08102390 code [0x000001dd08102520, 0x000001dd081027c0]
Event: 49.725 Thread 0x000001dd1e7e6800  816       1       java.util.ArrayDeque::add (7 bytes)
Event: 49.725 Thread 0x000001dd1e7e6800 nmethod 816 0x000001dd08102950 code [0x000001dd08102aa0, 0x000001dd08102bf0]

GC Heap History (1 events):
Event: 49.730 GC heap before
{Heap before GC invocations=1 (full 0):
 PSYoungGen      total 38400K, used 21324K [0x00000000d5e00000, 0x00000000d8880000, 0x0000000100000000)
  eden space 33280K, 64% used [0x00000000d5e00000,0x00000000d72d3208,0x00000000d7e80000)
  from space 5120K, 0% used [0x00000000d8380000,0x00000000d8380000,0x00000000d8880000)
  to   space 5120K, 0% used [0x00000000d7e80000,0x00000000d7e80000,0x00000000d8380000)
 ParOldGen       total 87552K, used 0K [0x0000000081a00000, 0x0000000086f80000, 0x00000000d5e00000)
  object space 87552K, 0% used [0x0000000081a00000,0x0000000081a00000,0x0000000086f80000)
 Metaspace       used 10491K, capacity 10746K, committed 10880K, reserved 1060864K
  class space    used 1307K, capacity 1389K, committed 1408K, reserved 1048576K

Deoptimization events (0 events):
No events

Classes redefined (0 events):
No events

Internal exceptions (10 events):
Event: 49.621 Thread 0x000001dd06427000 Exception <a 'java/lang/ArrayIndexOutOfBoundsException'> (0x00000000d71f7ce0) thrown at [C:\jenkins\workspace\8-2-build-windows-amd64-cygwin\jdk8u261\295\hotspot\src\share\vm\runtime\sharedRuntime.cpp, line 605]
Event: 49.625 Thread 0x000001dd06427000 Exception <a 'java/lang/ArrayIndexOutOfBoundsException'> (0x00000000d71feb70) thrown at [C:\jenkins\workspace\8-2-build-windows-amd64-cygwin\jdk8u261\295\hotspot\src\share\vm\runtime\sharedRuntime.cpp, line 605]
Event: 49.636 Thread 0x000001dd06427000 Exception <a 'java/lang/ArrayIndexOutOfBoundsException'> (0x00000000d720b318) thrown at [C:\jenkins\workspace\8-2-build-windows-amd64-cygwin\jdk8u261\295\hotspot\src\share\vm\runtime\sharedRuntime.cpp, line 605]
Event: 49.636 Thread 0x000001dd06427000 Exception <a 'java/lang/ArrayIndexOutOfBoundsException'> (0x00000000d720c890) thrown at [C:\jenkins\workspace\8-2-build-windows-amd64-cygwin\jdk8u261\295\hotspot\src\share\vm\runtime\sharedRuntime.cpp, line 605]
Event: 49.641 Thread 0x000001dd06427000 Exception <a 'java/lang/ArrayIndexOutOfBoundsException'> (0x00000000d7213798) thrown at [C:\jenkins\workspace\8-2-build-windows-amd64-cygwin\jdk8u261\295\hotspot\src\share\vm\runtime\sharedRuntime.cpp, line 605]
Event: 49.645 Thread 0x000001dd06427000 Exception <a 'java/lang/ArrayIndexOutOfBoundsException'> (0x00000000d721a738) thrown at [C:\jenkins\workspace\8-2-build-windows-amd64-cygwin\jdk8u261\295\hotspot\src\share\vm\runtime\sharedRuntime.cpp, line 605]
Event: 49.647 Thread 0x000001dd06427000 Exception <a 'java/lang/ArrayIndexOutOfBoundsException'> (0x00000000d7220da0) thrown at [C:\jenkins\workspace\8-2-build-windows-amd64-cygwin\jdk8u261\295\hotspot\src\share\vm\runtime\sharedRuntime.cpp, line 605]
Event: 49.692 Thread 0x000001dd06427000 Exception <a 'java/lang/ArrayIndexOutOfBoundsException'> (0x00000000d7227538) thrown at [C:\jenkins\workspace\8-2-build-windows-amd64-cygwin\jdk8u261\295\hotspot\src\share\vm\runtime\sharedRuntime.cpp, line 605]
Event: 49.721 Thread 0x000001dd06427000 Exception <a 'java/lang/ArrayIndexOutOfBoundsException'> (0x00000000d722dc38) thrown at [C:\jenkins\workspace\8-2-build-windows-amd64-cygwin\jdk8u261\295\hotspot\src\share\vm\runtime\sharedRuntime.cpp, line 605]
Event: 49.725 Thread 0x000001dd06427000 Exception <a 'java/lang/ArrayIndexOutOfBoundsException'> (0x00000000d7234eb0) thrown at [C:\jenkins\workspace\8-2-build-windows-amd64-cygwin\jdk8u261\295\hotspot\src\share\vm\runtime\sharedRuntime.cpp, line 605]

Events (10 events):
Event: 49.725 Thread 0x000001dd06427000 DEOPT UNPACKING pc=0x000001dd07ee7898 sp=0x0000007aeb1fe7f8 mode 1
Event: 49.725 loading class org/springframework/core/convert/support/PropertiesToStringConverter
Event: 49.725 loading class org/springframework/core/convert/support/PropertiesToStringConverter done
Event: 49.725 Thread 0x000001dd06427000 DEOPT PACKING pc=0x000001dd080b7cc9 sp=0x0000007aeb1fdde0
Event: 49.725 Thread 0x000001dd06427000 DEOPT UNPACKING pc=0x000001dd07ee7898 sp=0x0000007aeb1fdb30 mode 1
Event: 49.725 Thread 0x000001dd06427000 DEOPT PACKING pc=0x000001dd08077204 sp=0x0000007aeb1fde60
Event: 49.725 Thread 0x000001dd06427000 DEOPT UNPACKING pc=0x000001dd07ee7898 sp=0x0000007aeb1fdc80 mode 1
Event: 49.725 Thread 0x000001dd06427000 DEOPT PACKING pc=0x000001dd08077144 sp=0x0000007aeb1fdff0
Event: 49.725 Thread 0x000001dd06427000 DEOPT UNPACKING pc=0x000001dd07ee7898 sp=0x0000007aeb1fde10 mode 1
Event: 49.730 Executing VM operation: CollectForMetadataAllocation


Dynamic libraries:
0x00007ff74d1f0000 - 0x00007ff74d237000 	C:\Program Files\Java\jre1.8.0_261\bin\javaw.exe
0x00007ffe4a620000 - 0x00007ffe4a810000 	C:\WINDOWS\SYSTEM32\ntdll.dll
0x00007ffe4a400000 - 0x00007ffe4a4b2000 	C:\WINDOWS\System32\KERNEL32.DLL
0x00007ffe47770000 - 0x00007ffe47a14000 	C:\WINDOWS\System32\KERNELBASE.dll
0x00007ffe48740000 - 0x00007ffe487e3000 	C:\WINDOWS\System32\ADVAPI32.dll
0x00007ffe48cd0000 - 0x00007ffe48d6e000 	C:\WINDOWS\System32\msvcrt.dll
0x00007ffe4a4c0000 - 0x00007ffe4a557000 	C:\WINDOWS\System32\sechost.dll
0x00007ffe48b50000 - 0x00007ffe48c70000 	C:\WINDOWS\System32\RPCRT4.dll
0x00007ffe4a180000 - 0x00007ffe4a314000 	C:\WINDOWS\System32\USER32.dll
0x00007ffe486a0000 - 0x00007ffe486c1000 	C:\WINDOWS\System32\win32u.dll
0x00007ffe48a70000 - 0x00007ffe48a96000 	C:\WINDOWS\System32\GDI32.dll
0x00007ffe475d0000 - 0x00007ffe47764000 	C:\WINDOWS\System32\gdi32full.dll
0x00007ffe48600000 - 0x00007ffe4869e000 	C:\WINDOWS\System32\msvcp_win.dll
0x00007ffe48500000 - 0x00007ffe485fa000 	C:\WINDOWS\System32\ucrtbase.dll
0x00007ffe39150000 - 0x00007ffe393d4000 	C:\WINDOWS\WinSxS\amd64_microsoft.windows.common-controls_6595b64144ccf1df_6.0.18362.836_none_e6c4b943130f18ed\COMCTL32.dll
0x00007ffe48d70000 - 0x00007ffe490a6000 	C:\WINDOWS\System32\combase.dll
0x00007ffe481f0000 - 0x00007ffe48270000 	C:\WINDOWS\System32\bcryptPrimitives.dll
0x00007ffe49660000 - 0x00007ffe4968e000 	C:\WINDOWS\System32\IMM32.DLL
0x00007ffe44180000 - 0x00007ffe44195000 	C:\Program Files\Java\jre1.8.0_261\bin\vcruntime140.dll
0x00007ffe3b6d0000 - 0x00007ffe3b76b000 	C:\Program Files\Java\jre1.8.0_261\bin\msvcp140.dll
0x0000000069d70000 - 0x000000006a5dc000 	C:\Program Files\Java\jre1.8.0_261\bin\server\jvm.dll
0x00007ffe4a3f0000 - 0x00007ffe4a3f8000 	C:\WINDOWS\System32\PSAPI.DLL
0x00007ffe30b00000 - 0x00007ffe30b09000 	C:\WINDOWS\SYSTEM32\WSOCK32.dll
0x00007ffe49690000 - 0x00007ffe496ff000 	C:\WINDOWS\System32\WS2_32.dll
0x00007ffe440d0000 - 0x00007ffe440f4000 	C:\WINDOWS\SYSTEM32\WINMM.dll
0x00007ffe3d9b0000 - 0x00007ffe3d9ba000 	C:\WINDOWS\SYSTEM32\VERSION.dll
0x00007ffe440a0000 - 0x00007ffe440cd000 	C:\WINDOWS\SYSTEM32\WINMMBASE.dll
0x00007ffe47a20000 - 0x00007ffe47a6a000 	C:\WINDOWS\System32\cfgmgr32.dll
0x00007ffe47520000 - 0x00007ffe47531000 	C:\WINDOWS\System32\kernel.appcore.dll
0x00007ffe42100000 - 0x00007ffe42110000 	C:\Program Files\Java\jre1.8.0_261\bin\verify.dll
0x00007ffe3b7d0000 - 0x00007ffe3b7fb000 	C:\Program Files\Java\jre1.8.0_261\bin\java.dll
0x00007ffe3b5c0000 - 0x00007ffe3b5f6000 	C:\Program Files\Java\jre1.8.0_261\bin\jdwp.dll
0x00007ffe40790000 - 0x00007ffe40799000 	C:\Program Files\Java\jre1.8.0_261\bin\npt.dll
0x00007ffe3f750000 - 0x00007ffe3f768000 	C:\Program Files\Java\jre1.8.0_261\bin\zip.dll
0x00007ffe49760000 - 0x00007ffe49e44000 	C:\WINDOWS\System32\SHELL32.dll
0x00007ffe48aa0000 - 0x00007ffe48b49000 	C:\WINDOWS\System32\shcore.dll
0x00007ffe47a70000 - 0x00007ffe481ee000 	C:\WINDOWS\System32\windows.storage.dll
0x00007ffe474f0000 - 0x00007ffe47513000 	C:\WINDOWS\System32\profapi.dll
0x00007ffe47560000 - 0x00007ffe475aa000 	C:\WINDOWS\System32\powrprof.dll
0x00007ffe474e0000 - 0x00007ffe474f0000 	C:\WINDOWS\System32\UMPDC.dll
0x00007ffe49700000 - 0x00007ffe49752000 	C:\WINDOWS\System32\shlwapi.dll
0x00007ffe475b0000 - 0x00007ffe475c7000 	C:\WINDOWS\System32\cryptsp.dll
0x00007ffe3b660000 - 0x00007ffe3b66a000 	C:\Program Files\Java\jre1.8.0_261\bin\dt_socket.dll
0x00007ffe31bd0000 - 0x00007ffe31be6000 	C:\WINDOWS\system32\napinsp.dll
0x00007ffe31650000 - 0x00007ffe3166a000 	C:\WINDOWS\system32\pnrpnsp.dll
0x00007ffe46d50000 - 0x00007ffe46db7000 	C:\WINDOWS\System32\mswsock.dll
0x00007ffe46aa0000 - 0x00007ffe46b6b000 	C:\WINDOWS\SYSTEM32\DNSAPI.dll
0x00007ffe48a50000 - 0x00007ffe48a58000 	C:\WINDOWS\System32\NSI.dll
0x00007ffe46a60000 - 0x00007ffe46a9a000 	C:\WINDOWS\SYSTEM32\IPHLPAPI.DLL
0x00007ffe30c70000 - 0x00007ffe30c7e000 	C:\WINDOWS\System32\winrnr.dll
0x00007ffe43bf0000 - 0x00007ffe43c0c000 	C:\WINDOWS\system32\NLAapi.dll
0x00007ffe43090000 - 0x00007ffe430a5000 	C:\WINDOWS\system32\wshbth.dll
0x00007ffe3fd50000 - 0x00007ffe3fdc7000 	C:\WINDOWS\System32\fwpuclnt.dll
0x00007ffe48470000 - 0x00007ffe48496000 	C:\WINDOWS\System32\bcrypt.dll
0x00007ffe374b0000 - 0x00007ffe374ba000 	C:\Windows\System32\rasadhlp.dll
0x00007ffe44170000 - 0x00007ffe4417d000 	C:\Program Files\Java\jre1.8.0_261\bin\management.dll
0x00007ffe3e440000 - 0x00007ffe3e45c000 	C:\Program Files\Java\jre1.8.0_261\bin\net.dll
0x00007ffe3a9d0000 - 0x00007ffe3a9e3000 	C:\Program Files\Java\jre1.8.0_261\bin\nio.dll
0x00007ffe468c0000 - 0x00007ffe468f3000 	C:\WINDOWS\system32\rsaenh.dll
0x00007ffe47400000 - 0x00007ffe47425000 	C:\WINDOWS\SYSTEM32\USERENV.dll
0x00007ffe46f20000 - 0x00007ffe46f2c000 	C:\WINDOWS\SYSTEM32\CRYPTBASE.dll
0x00007ffe40560000 - 0x00007ffe40576000 	C:\WINDOWS\SYSTEM32\dhcpcsvc6.DLL
0x00007ffe40360000 - 0x00007ffe4037c000 	C:\WINDOWS\SYSTEM32\dhcpcsvc.DLL

VM Arguments:
jvm_args: -agentlib:jdwp=transport=dt_socket,suspend=y,address=localhost:63570 -Dcom.sun.management.jmxremote -Dcom.sun.management.jmxremote.port=63418 -Dcom.sun.management.jmxremote.authenticate=false -Dcom.sun.management.jmxremote.ssl=false -Djava.rmi.server.hostname=localhost -Dspring.jmx.enabled=true -Dspring.liveBeansView.mbeanDomain -Dspring.application.admin.enabled=true -Xverify:none -XX:TieredStopAtLevel=1 -Dfile.encoding=UTF-8 
java_command: com.system.bgim.BgimApplication --spring.output.ansi.enabled=always
java_class_path (initial): D:\git_src\bgim\target\classes;C:\Users\inufu\.m2\repository\org\springframework\boot\spring-boot-starter\2.3.3.RELEASE\spring-boot-starter-2.3.3.RELEASE.jar;C:\Users\inufu\.m2\repository\org\springframework\boot\spring-boot\2.3.3.RELEASE\spring-boot-2.3.3.RELEASE.jar;C:\Users\inufu\.m2\repository\org\springframework\spring-context\5.2.8.RELEASE\spring-context-5.2.8.RELEASE.jar;C:\Users\inufu\.m2\repository\org\springframework\boot\spring-boot-autoconfigure\2.3.3.RELEASE\spring-boot-autoconfigure-2.3.3.RELEASE.jar;C:\Users\inufu\.m2\repository\org\springframework\boot\spring-boot-starter-logging\2.3.3.RELEASE\spring-boot-starter-logging-2.3.3.RELEASE.jar;C:\Users\inufu\.m2\repository\ch\qos\logback\logback-classic\1.2.3\logback-classic-1.2.3.jar;C:\Users\inufu\.m2\repository\ch\qos\logback\logback-core\1.2.3\logback-core-1.2.3.jar;C:\Users\inufu\.m2\repository\org\apache\logging\log4j\log4j-to-slf4j\2.13.3\log4j-to-slf4j-2.13.3.jar;C:\Users\inufu\.m2\repository\org\apache\logging\log4j\log4j-api\2.13.3\log4j-api-2.13.3.jar;C:\Users\inufu\.m2\repository\org\slf4j\jul-to-slf4j\1.7.30\jul-to-slf4j-1.7.30.jar;C:\Users\inufu\.m2\repository\jakarta\annotation\jakarta.annotation-api\1.3.5\jakarta.annotation-api-1.3.5.jar;C:\Users\inufu\.m2\repository\org\springframework\spring-core\5.2.8.RELEASE\spring-core-5.2.8.RELEASE.jar;C:\Users\inufu\.m2\repository\org\springframework\spring-jcl\5.2.8.RELEASE\spring-jcl-5.2.8.RELEASE.jar;C:\Users\inufu\.m2\repository\org\yaml\snakeyaml\1.26\snakeyaml-1.26.jar;C:\Users\inufu\.m2\repository\org\slf4j\slf4j-api\1.7.30\slf4j-api-1.7.30.jar;C:\Users\inufu\.m2\repository\org\springframework\spring-web\5.2.8.RELEASE\spring-web-5.2.8.RELEASE.jar;C:\Users\inufu\.m2\repository\org\springframework\spring-beans\5.2.8.RELEASE\spring-beans-5.2.8.RELEASE.jar;C:\Users\inufu\.m2\repository\org\mybatis\mybatis\3.4.6\mybatis-3.4.6.jar;C:\Users\inufu\.m2\repository\org\mybatis\mybatis-spring\1.3.0\mybatis-spring-1.3.0.jar;C:
Launcher Type: SUN_STANDARD

Environment Variables:
JAVA_HOME=C:\Program Files\Java\jdk1.8.0_261
PATH=C:/Program Files/Java/jre1.8.0_261/bin/server;C:/Program Files/Java/jre1.8.0_261/bin;C:/Program Files/Java/jre1.8.0_261/lib/amd64;C:\Program Files (x86)\Common Files\Oracle\Java\javapath;C:\app\inufu\product\18.0.0\dbhomeXE\bin;C:\WINDOWS\system32;C:\WINDOWS;C:\WINDOWS\System32\Wbem;C:\WINDOWS\System32\WindowsPowerShell\v1.0\;C:\WINDOWS\System32\OpenSSH\;C:\Program Files\Java\jdk1.8.0_202\bin;C:\Users\inufu\Downloads\Apache-Subversion-1.9.2\bin;C:\Program Files\TortoiseSVN\bin;C:\Program Files\Git\cmd;C:\Program Files\nodejs\;C:\ProgramData\chocolatey\bin;C:\Program Files\dotnet\;C:\Program Files\Microsoft SQL Server\130\Tools\Binn\;C:\Program Files\Microsoft SQL Server\Client SDK\ODBC\170\Tools\Binn\;C:\Users\inufu\AppData\Local\Microsoft\WindowsApps;C:\Users\inufu\AppData\Local\Programs\Microsoft VS Code\bin;C:\spark\bin;C:\Program Files\Java\jdk1.8.0_261\bin;C:\Users\inufu\AppData\Roaming\npm;C:\Program Files\STS\sts-bundle\sts-3.9.9.RELEASE;
USERNAME=inufu
OS=Windows_NT
PROCESSOR_IDENTIFIER=Intel64 Family 6 Model 158 Stepping 9, GenuineIntel



---------------  S Y S T E M  ---------------

OS: Windows 10.0 , 64 bit Build 18362 (10.0.18362.778)

CPU:total 8 (initial active 8) (4 cores per cpu, 2 threads per core) family 6 model 158 stepping 9, cmov, cx8, fxsr, mmx, sse, sse2, sse3, ssse3, sse4.1, sse4.2, popcnt, avx, avx2, aes, clmul, erms, 3dnowpref, lzcnt, ht, tsc, tscinvbit, bmi1, bmi2, adx

Memory: 4k page, physical 8274616k(336664k free), swap 33440440k(0k free)

vm_info: Java HotSpot(TM) 64-Bit Server VM (25.261-b12) for windows-amd64 JRE (1.8.0_261-b12), built on Jun 18 2020 06:56:32 by "" with unknown MS VC++:1916

time: Mon Sep 28 12:25:57 2020
timezone: ¢¥eCN©öI¡¾©ö C¡ÍA¨ª¨öA
elapsed time: 49 seconds (0d 0h 0m 49s)

