#
# There is insufficient memory for the Java Runtime Environment to continue.
# Native memory allocation (malloc) failed to allocate 32744 bytes for ChunkPool::allocate
# Possible reasons:
#   The system is out of physical RAM or swap space
#   The process is running with CompressedOops enabled, and the Java Heap may be blocking the growth of the native heap
# Possible solutions:
#   Reduce memory load on the system
#   Increase physical memory or swap space
#   Check if swap backing store is full
#   Decrease Java heap size (-Xmx/-Xms)
#   Decrease number of Java threads
#   Decrease Java thread stack sizes (-Xss)
#   Set larger code cache with -XX:ReservedCodeCacheSize=
#   JVM is running with Unscaled Compressed Oops mode in which the Java heap is
#     placed in the first 4GB address space. The Java Heap base address is the
#     maximum limit for the native heap growth. Please use -XX:HeapBaseMinAddress
#     to set the Java Heap base and to place the Java Heap above 4GB virtual address.
# This output file may be truncated or incomplete.
#
#  Out of Memory Error (allocation.cpp:272), pid=9376, tid=0x00000000000064f4
#
# JRE version: Java(TM) SE Runtime Environment (8.0_261-b12) (build 1.8.0_261-b12)
# Java VM: Java HotSpot(TM) 64-Bit Server VM (25.261-b12 mixed mode windows-amd64 compressed oops)
# Failed to write core dump. Minidumps are not enabled by default on client versions of Windows
#

---------------  T H R E A D  ---------------

Current thread (0x000001c7980e5800):  JavaThread "main" [_thread_in_vm, id=25844, stack(0x000000758a300000,0x000000758a400000)]

Stack: [0x000000758a300000,0x000000758a400000]
Native frames: (J=compiled Java code, j=interpreted, Vv=VM code, C=native code)
V  [jvm.dll+0x33e5f9]
V  [jvm.dll+0x2850e2]
V  [jvm.dll+0x285d8d]
V  [jvm.dll+0x27c895]
V  [jvm.dll+0xe520d]
V  [jvm.dll+0xe556c]
V  [jvm.dll+0x8d906]
V  [jvm.dll+0x8db93]
V  [jvm.dll+0x8d7b9]
V  [jvm.dll+0x6de56]
V  [jvm.dll+0x6c136]
V  [jvm.dll+0x6824d]
V  [jvm.dll+0x758ae]
V  [jvm.dll+0x9375e]
V  [jvm.dll+0x94ba0]
V  [jvm.dll+0x94f74]
V  [jvm.dll+0x110697]
V  [jvm.dll+0xd0e3f]
V  [jvm.dll+0xce80f]
C  0x000001c7999ab006

Java frames: (J=compiled Java code, j=interpreted, Vv=VM code)
j  java.util.zip.ZipInputStream.<init>(Ljava/io/InputStream;Ljava/nio/charset/Charset;)V+1
j  java.util.zip.ZipInputStream.<init>(Ljava/io/InputStream;)V+5
j  java.util.jar.JarInputStream.<init>(Ljava/io/InputStream;Z)V+2
j  java.lang.Package.loadManifest(Ljava/lang/String;)Ljava/util/jar/Manifest;+17
j  java.lang.Package.access$100(Ljava/lang/String;)Ljava/util/jar/Manifest;+1
j  java.lang.Package$1.run()Ljava/lang/Package;+83
j  java.lang.Package$1.run()Ljava/lang/Object;+1
v  ~StubRoutines::call_stub
j  java.security.AccessController.doPrivileged(Ljava/security/PrivilegedAction;)Ljava/lang/Object;+0
j  java.lang.Package.defineSystemPackage(Ljava/lang/String;Ljava/lang/String;)Ljava/lang/Package;+9
j  java.lang.Package.getSystemPackage(Ljava/lang/String;)Ljava/lang/Package;+48
j  java.lang.Package.getPackage(Ljava/lang/Class;)Ljava/lang/Package;+40
j  java.lang.Class.getPackage()Ljava/lang/Package;+1
j  sun.management.jmxremote.ConnectorBootstrap.<clinit>()V+10
v  ~StubRoutines::call_stub
j  sun.management.Agent.startAgent(Ljava/util/Properties;)V+66
j  sun.management.Agent.startAgent()V+19
v  ~StubRoutines::call_stub

---------------  P R O C E S S  ---------------

Java Threads: ( => current thread )
  0x000001c7b038b000 JavaThread "Service Thread" daemon [_thread_blocked, id=30336, stack(0x000000758b800000,0x000000758b900000)]
  0x000001c7b037e000 JavaThread "C1 CompilerThread3" daemon [_thread_blocked, id=30264, stack(0x000000758b700000,0x000000758b800000)]
  0x000001c7b037d800 JavaThread "C2 CompilerThread2" daemon [_thread_blocked, id=30196, stack(0x000000758b600000,0x000000758b700000)]
  0x000001c7b037a800 JavaThread "C2 CompilerThread1" daemon [_thread_blocked, id=30040, stack(0x000000758b500000,0x000000758b600000)]
  0x000001c7b0322800 JavaThread "C2 CompilerThread0" daemon [_thread_blocked, id=29972, stack(0x000000758b400000,0x000000758b500000)]
  0x000001c7b0307000 JavaThread "JDWP Command Reader" daemon [_thread_in_native, id=26604, stack(0x000000758b300000,0x000000758b400000)]
  0x000001c7b0303800 JavaThread "JDWP Event Helper Thread" daemon [_thread_blocked, id=26600, stack(0x000000758b200000,0x000000758b300000)]
  0x000001c7ae23c000 JavaThread "JDWP Transport Listener: dt_socket" daemon [_thread_blocked, id=26592, stack(0x000000758b100000,0x000000758b200000)]
  0x000001c7ae215800 JavaThread "Attach Listener" daemon [_thread_blocked, id=26248, stack(0x000000758b000000,0x000000758b100000)]
  0x000001c7ae1b3000 JavaThread "Signal Dispatcher" daemon [_thread_blocked, id=26244, stack(0x000000758af00000,0x000000758b000000)]
  0x000001c7ae198000 JavaThread "Finalizer" daemon [_thread_blocked, id=26004, stack(0x000000758ae00000,0x000000758af00000)]
  0x000001c7ae170800 JavaThread "Reference Handler" daemon [_thread_blocked, id=26000, stack(0x000000758ad00000,0x000000758ae00000)]
=>0x000001c7980e5800 JavaThread "main" [_thread_in_vm, id=25844, stack(0x000000758a300000,0x000000758a400000)]

Other Threads:
  0x000001c7ae167800 VMThread [stack: 0x000000758ac00000,0x000000758ad00000] [id=25980]

VM state:not at safepoint (normal execution)

VM Mutex/Monitor currently owned by a thread:  ([mutex/lock_event])
[0x000001c7980e28c0] SymbolTable_lock - owner thread: 0x000001c7980e5800

heap address: 0x0000000081a00000, size: 2022 MB, Compressed Oops mode: 32-bit
Narrow klass base: 0x0000000000000000, Narrow klass shift: 3
Compressed class space size: 1073741824 Address: 0x0000000100000000

Heap:
 PSYoungGen      total 38400K, used 1997K [0x00000000d5e00000, 0x00000000d8880000, 0x0000000100000000)
  eden space 33280K, 6% used [0x00000000d5e00000,0x00000000d5ff3470,0x00000000d7e80000)
  from space 5120K, 0% used [0x00000000d8380000,0x00000000d8380000,0x00000000d8880000)
  to   space 5120K, 0% used [0x00000000d7e80000,0x00000000d7e80000,0x00000000d8380000)
 ParOldGen       total 87552K, used 0K [0x0000000081a00000, 0x0000000086f80000, 0x00000000d5e00000)
  object space 87552K, 0% used [0x0000000081a00000,0x0000000081a00000,0x0000000086f80000)
 Metaspace       used 2407K, capacity 4480K, committed 4480K, reserved 1056768K
  class space    used 259K, capacity 384K, committed 384K, reserved 1048576K

Card table byte_map: [0x000001c7a8d30000,0x000001c7a9130000] byte_map_base: 0x000001c7a8923000

Marking Bits: (ParMarkBitMap*) 0x000000006a564fb0
 Begin Bits: [0x000001c7a93e0000, 0x000001c7ab378000)
 End Bits:   [0x000001c7ab378000, 0x000001c7ad310000)

Polling page: 0x000001c799940000

CodeCache: size=245760Kb used=1074Kb max_used=1074Kb free=244685Kb
 bounds [0x000001c799970000, 0x000001c799be0000, 0x000001c7a8970000]
 total_blobs=229 nmethods=8 adapters=143
 compilation: enabled

Compilation events (10 events):
Event: 14.116 Thread 0x000001c7b037e000 nmethod 2 0x000001c799a7ab50 code [0x000001c799a7acc0, 0x000001c799a7ae90]
Event: 14.416 Thread 0x000001c7b037e000    3       1       java.lang.Object::<init> (1 bytes)
Event: 14.416 Thread 0x000001c7b037e000 nmethod 3 0x000001c799a7af90 code [0x000001c799a7b0e0, 0x000001c799a7b1f8]
Event: 14.418 Thread 0x000001c7b037e000    5       1       java.lang.System::getSecurityManager (4 bytes)
Event: 14.418 Thread 0x000001c7b037e000 nmethod 5 0x000001c799a7b950 code [0x000001c799a7baa0, 0x000001c799a7bb98]
Event: 14.418 Thread 0x000001c7b037e000    6       1       java.lang.String::length (6 bytes)
Event: 14.418 Thread 0x000001c7b037e000 nmethod 6 0x000001c799a7bc10 code [0x000001c799a7bd60, 0x000001c799a7be78]
Event: 14.427 Thread 0x000001c7b037e000    7       1       java.lang.String::equals (81 bytes)
Event: 14.427 Thread 0x000001c7b037e000 nmethod 7 0x000001c799a7bf10 code [0x000001c799a7c080, 0x000001c799a7c2d8]
Event: 14.427 Thread 0x000001c7b037e000    8       1       java.lang.AbstractStringBuilder::append (50 bytes)

GC Heap History (0 events):
No events

Deoptimization events (0 events):
No events

Classes redefined (0 events):
No events

Internal exceptions (2 events):
Event: 0.242 Thread 0x000001c7980e5800 Exception <a 'java/lang/NoSuchMethodError': Method sun.misc.Unsafe.defineClass(Ljava/lang/String;[BII)Ljava/lang/Class; name or signature does not match> (0x00000000d5e07cc0) thrown at [C:\jenkins\workspace\8-2-build-windows-amd64-cygwin\jdk8u261\295\hots
Event: 0.242 Thread 0x000001c7980e5800 Exception <a 'java/lang/NoSuchMethodError': Method sun.misc.Unsafe.prefetchRead(Ljava/lang/Object;J)V name or signature does not match> (0x00000000d5e07fa8) thrown at [C:\jenkins\workspace\8-2-build-windows-amd64-cygwin\jdk8u261\295\hotspot\src\share\vm\p

Events (10 events):
Event: 14.426 loading class sun/nio/cs/US_ASCII done
Event: 14.426 loading class sun/nio/cs/ISO_8859_1
Event: 14.427 loading class sun/nio/cs/ISO_8859_1 done
Event: 14.427 loading class sun/nio/cs/UTF_16BE
Event: 14.427 loading class sun/nio/cs/UTF_16BE done
Event: 14.427 loading class sun/nio/cs/UTF_16LE
Event: 14.427 loading class sun/nio/cs/UTF_16LE done
Event: 14.427 loading class sun/nio/cs/UTF_16
Event: 14.427 loading class sun/nio/cs/UTF_16 done
Event: 14.427 loading class java/io/PushbackInputStream


Dynamic libraries:
0x00007ff74d1f0000 - 0x00007ff74d237000 	C:\Program Files\Java\jre1.8.0_261\bin\javaw.exe
0x00007ffe4a620000 - 0x00007ffe4a810000 	C:\WINDOWS\SYSTEM32\ntdll.dll
0x00007ffe4a400000 - 0x00007ffe4a4b2000 	C:\WINDOWS\System32\KERNEL32.DLL
0x00007ffe47770000 - 0x00007ffe47a14000 	C:\WINDOWS\System32\KERNELBASE.dll
0x00007ffe48740000 - 0x00007ffe487e3000 	C:\WINDOWS\System32\ADVAPI32.dll
0x00007ffe48cd0000 - 0x00007ffe48d6e000 	C:\WINDOWS\System32\msvcrt.dll
0x00007ffe4a4c0000 - 0x00007ffe4a557000 	C:\WINDOWS\System32\sechost.dll
0x00007ffe48b50000 - 0x00007ffe48c70000 	C:\WINDOWS\System32\RPCRT4.dll
0x00007ffe4a180000 - 0x00007ffe4a314000 	C:\WINDOWS\System32\USER32.dll
0x00007ffe486a0000 - 0x00007ffe486c1000 	C:\WINDOWS\System32\win32u.dll
0x00007ffe48a70000 - 0x00007ffe48a96000 	C:\WINDOWS\System32\GDI32.dll
0x00007ffe475d0000 - 0x00007ffe47764000 	C:\WINDOWS\System32\gdi32full.dll
0x00007ffe48600000 - 0x00007ffe4869e000 	C:\WINDOWS\System32\msvcp_win.dll
0x00007ffe48500000 - 0x00007ffe485fa000 	C:\WINDOWS\System32\ucrtbase.dll
0x00007ffe39150000 - 0x00007ffe393d4000 	C:\WINDOWS\WinSxS\amd64_microsoft.windows.common-controls_6595b64144ccf1df_6.0.18362.836_none_e6c4b943130f18ed\COMCTL32.dll
0x00007ffe48d70000 - 0x00007ffe490a6000 	C:\WINDOWS\System32\combase.dll
0x00007ffe481f0000 - 0x00007ffe48270000 	C:\WINDOWS\System32\bcryptPrimitives.dll
0x00007ffe49660000 - 0x00007ffe4968e000 	C:\WINDOWS\System32\IMM32.DLL
0x00007ffe44180000 - 0x00007ffe44195000 	C:\Program Files\Java\jre1.8.0_261\bin\vcruntime140.dll
0x00007ffe3b6d0000 - 0x00007ffe3b76b000 	C:\Program Files\Java\jre1.8.0_261\bin\msvcp140.dll
0x0000000069d70000 - 0x000000006a5dc000 	C:\Program Files\Java\jre1.8.0_261\bin\server\jvm.dll
0x00007ffe4a3f0000 - 0x00007ffe4a3f8000 	C:\WINDOWS\System32\PSAPI.DLL
0x00007ffe30b00000 - 0x00007ffe30b09000 	C:\WINDOWS\SYSTEM32\WSOCK32.dll
0x00007ffe49690000 - 0x00007ffe496ff000 	C:\WINDOWS\System32\WS2_32.dll
0x00007ffe440d0000 - 0x00007ffe440f4000 	C:\WINDOWS\SYSTEM32\WINMM.dll
0x00007ffe3d9b0000 - 0x00007ffe3d9ba000 	C:\WINDOWS\SYSTEM32\VERSION.dll
0x00007ffe440a0000 - 0x00007ffe440cd000 	C:\WINDOWS\SYSTEM32\WINMMBASE.dll
0x00007ffe47a20000 - 0x00007ffe47a6a000 	C:\WINDOWS\System32\cfgmgr32.dll
0x00007ffe47520000 - 0x00007ffe47531000 	C:\WINDOWS\System32\kernel.appcore.dll
0x00007ffe42100000 - 0x00007ffe42110000 	C:\Program Files\Java\jre1.8.0_261\bin\verify.dll
0x00007ffe3b7d0000 - 0x00007ffe3b7fb000 	C:\Program Files\Java\jre1.8.0_261\bin\java.dll
0x00007ffe3b5c0000 - 0x00007ffe3b5f6000 	C:\Program Files\Java\jre1.8.0_261\bin\jdwp.dll
0x00007ffe40790000 - 0x00007ffe40799000 	C:\Program Files\Java\jre1.8.0_261\bin\npt.dll
0x00007ffe3f750000 - 0x00007ffe3f768000 	C:\Program Files\Java\jre1.8.0_261\bin\zip.dll
0x00007ffe49760000 - 0x00007ffe49e44000 	C:\WINDOWS\System32\SHELL32.dll
0x00007ffe48aa0000 - 0x00007ffe48b49000 	C:\WINDOWS\System32\shcore.dll
0x00007ffe47a70000 - 0x00007ffe481ee000 	C:\WINDOWS\System32\windows.storage.dll
0x00007ffe474f0000 - 0x00007ffe47513000 	C:\WINDOWS\System32\profapi.dll
0x00007ffe47560000 - 0x00007ffe475aa000 	C:\WINDOWS\System32\powrprof.dll
0x00007ffe474e0000 - 0x00007ffe474f0000 	C:\WINDOWS\System32\UMPDC.dll
0x00007ffe49700000 - 0x00007ffe49752000 	C:\WINDOWS\System32\shlwapi.dll
0x00007ffe475b0000 - 0x00007ffe475c7000 	C:\WINDOWS\System32\cryptsp.dll
0x00007ffe3b660000 - 0x00007ffe3b66a000 	C:\Program Files\Java\jre1.8.0_261\bin\dt_socket.dll
0x00007ffe31bd0000 - 0x00007ffe31be6000 	C:\WINDOWS\system32\napinsp.dll
0x00007ffe31650000 - 0x00007ffe3166a000 	C:\WINDOWS\system32\pnrpnsp.dll
0x00007ffe46d50000 - 0x00007ffe46db7000 	C:\WINDOWS\System32\mswsock.dll
0x00007ffe46aa0000 - 0x00007ffe46b6b000 	C:\WINDOWS\SYSTEM32\DNSAPI.dll
0x00007ffe48a50000 - 0x00007ffe48a58000 	C:\WINDOWS\System32\NSI.dll
0x00007ffe46a60000 - 0x00007ffe46a9a000 	C:\WINDOWS\SYSTEM32\IPHLPAPI.DLL
0x00007ffe30c70000 - 0x00007ffe30c7e000 	C:\WINDOWS\System32\winrnr.dll
0x00007ffe43bf0000 - 0x00007ffe43c0c000 	C:\WINDOWS\system32\NLAapi.dll
0x00007ffe43090000 - 0x00007ffe430a5000 	C:\WINDOWS\system32\wshbth.dll
0x00007ffe3fd50000 - 0x00007ffe3fdc7000 	C:\WINDOWS\System32\fwpuclnt.dll
0x00007ffe48470000 - 0x00007ffe48496000 	C:\WINDOWS\System32\bcrypt.dll
0x00007ffe374b0000 - 0x00007ffe374ba000 	C:\Windows\System32\rasadhlp.dll
0x00007ffe350a0000 - 0x00007ffe35294000 	C:\WINDOWS\SYSTEM32\dbghelp.dll

VM Arguments:
jvm_args: -agentlib:jdwp=transport=dt_socket,suspend=y,address=localhost:63532 -Dcom.sun.management.jmxremote -Dcom.sun.management.jmxremote.port=63436 -Dcom.sun.management.jmxremote.authenticate=false -Dcom.sun.management.jmxremote.ssl=false -Djava.rmi.server.hostname=localhost -Dspring.jmx.enabled=true -Dspring.liveBeansView.mbeanDomain -Dspring.application.admin.enabled=true -Xverify:none -XX:TieredStopAtLevel=1 -Dfile.encoding=UTF-8 
java_command: com.system.bgim.BgimApplication --spring.output.ansi.enabled=always
java_class_path (initial): D:\git_src\bgim\target\classes;C:\Users\inufu\.m2\repository\org\springframework\boot\spring-boot-starter\2.3.3.RELEASE\spring-boot-starter-2.3.3.RELEASE.jar;C:\Users\inufu\.m2\repository\org\springframework\boot\spring-boot\2.3.3.RELEASE\spring-boot-2.3.3.RELEASE.jar;C:\Users\inufu\.m2\repository\org\springframework\spring-context\5.2.8.RELEASE\spring-context-5.2.8.RELEASE.jar;C:\Users\inufu\.m2\repository\org\springframework\boot\spring-boot-autoconfigure\2.3.3.RELEASE\spring-boot-autoconfigure-2.3.3.RELEASE.jar;C:\Users\inufu\.m2\repository\org\springframework\boot\spring-boot-starter-logging\2.3.3.RELEASE\spring-boot-starter-logging-2.3.3.RELEASE.jar;C:\Users\inufu\.m2\repository\ch\qos\logback\logback-classic\1.2.3\logback-classic-1.2.3.jar;C:\Users\inufu\.m2\repository\ch\qos\logback\logback-core\1.2.3\logback-core-1.2.3.jar;C:\Users\inufu\.m2\repository\org\apache\logging\log4j\log4j-to-slf4j\2.13.3\log4j-to-slf4j-2.13.3.jar;C:\Users\inufu\.m2\repository\org\apache\logging\log4j\log4j-api\2.13.3\log4j-api-2.13.3.jar;C:\Users\inufu\.m2\repository\org\slf4j\jul-to-slf4j\1.7.30\jul-to-slf4j-1.7.30.jar;C:\Users\inufu\.m2\repository\jakarta\annotation\jakarta.annotation-api\1.3.5\jakarta.annotation-api-1.3.5.jar;C:\Users\inufu\.m2\repository\org\springframework\spring-core\5.2.8.RELEASE\spring-core-5.2.8.RELEASE.jar;C:\Users\inufu\.m2\repository\org\springframework\spring-jcl\5.2.8.RELEASE\spring-jcl-5.2.8.RELEASE.jar;C:\Users\inufu\.m2\repository\org\yaml\snakeyaml\1.26\snakeyaml-1.26.jar;C:\Users\inufu\.m2\repository\org\slf4j\slf4j-api\1.7.30\slf4j-api-1.7.30.jar;C:\Users\inufu\.m2\repository\org\springframework\spring-web\5.2.8.RELEASE\spring-web-5.2.8.RELEASE.jar;C:\Users\inufu\.m2\repository\org\springframework\spring-beans\5.2.8.RELEASE\spring-beans-5.2.8.RELEASE.jar;C:\Users\inufu\.m2\repository\org\mybatis\mybatis\3.4.6\mybatis-3.4.6.jar;C:\Users\inufu\.m2\repository\org\mybatis\mybatis-spring\1.3.0\mybatis-spring-1.3.0.jar;C:
Launcher Type: SUN_STANDARD

Environment Variables:
JAVA_HOME=C:\Program Files\Java\jdk1.8.0_261
PATH=C:/Program Files/Java/jre1.8.0_261/bin/server;C:/Program Files/Java/jre1.8.0_261/bin;C:/Program Files/Java/jre1.8.0_261/lib/amd64;C:\Program Files (x86)\Common Files\Oracle\Java\javapath;C:\app\inufu\product\18.0.0\dbhomeXE\bin;C:\WINDOWS\system32;C:\WINDOWS;C:\WINDOWS\System32\Wbem;C:\WINDOWS\System32\WindowsPowerShell\v1.0\;C:\WINDOWS\System32\OpenSSH\;C:\Program Files\Java\jdk1.8.0_202\bin;C:\Users\inufu\Downloads\Apache-Subversion-1.9.2\bin;C:\Program Files\TortoiseSVN\bin;C:\Program Files\Git\cmd;C:\Program Files\nodejs\;C:\ProgramData\chocolatey\bin;C:\Program Files\dotnet\;C:\Program Files\Microsoft SQL Server\130\Tools\Binn\;C:\Program Files\Microsoft SQL Server\Client SDK\ODBC\170\Tools\Binn\;C:\Users\inufu\AppData\Local\Microsoft\WindowsApps;C:\Users\inufu\AppData\Local\Programs\Microsoft VS Code\bin;C:\spark\bin;C:\Program Files\Java\jdk1.8.0_261\bin;C:\Users\inufu\AppData\Roaming\npm;C:\Program Files\STS\sts-bundle\sts-3.9.9.RELEASE;
USERNAME=inufu
OS=Windows_NT
PROCESSOR_IDENTIFIER=Intel64 Family 6 Model 158 Stepping 9, GenuineIntel



---------------  S Y S T E M  ---------------

OS: Windows 10.0 , 64 bit Build 18362 (10.0.18362.778)

CPU:total 8 (initial active 8) (4 cores per cpu, 2 threads per core) family 6 model 158 stepping 9, cmov, cx8, fxsr, mmx, sse, sse2, sse3, ssse3, sse4.1, sse4.2, popcnt, avx, avx2, aes, clmul, erms, 3dnowpref, lzcnt, ht, tsc, tscinvbit, bmi1, bmi2, adx

Memory: 4k page, physical 8274616k(332100k free), swap 33440440k(486572k free)

vm_info: Java HotSpot(TM) 64-Bit Server VM (25.261-b12) for windows-amd64 JRE (1.8.0_261-b12), built on Jun 18 2020 06:56:32 by "" with unknown MS VC++:1916

time: Mon Sep 28 12:25:19 2020
timezone: ¢¥eCN©öI¡¾©ö C¡ÍA¨ª¨öA
elapsed time: 14 seconds (0d 0h 0m 14s)

