#
# There is insufficient memory for the Java Runtime Environment to continue.
# Native memory allocation (malloc) failed to allocate 32744 bytes for ChunkPool::allocate
# Possible reasons:
#   The system is out of physical RAM or swap space
#   The process is running with CompressedOops enabled, and the Java Heap may be blocking the growth of the native heap
# Possible solutions:
#   Reduce memory load on the system
#   Increase physical memory or swap space
#   Check if swap backing store is full
#   Decrease Java heap size (-Xmx/-Xms)
#   Decrease number of Java threads
#   Decrease Java thread stack sizes (-Xss)
#   Set larger code cache with -XX:ReservedCodeCacheSize=
#   JVM is running with Unscaled Compressed Oops mode in which the Java heap is
#     placed in the first 4GB address space. The Java Heap base address is the
#     maximum limit for the native heap growth. Please use -XX:HeapBaseMinAddress
#     to set the Java Heap base and to place the Java Heap above 4GB virtual address.
# This output file may be truncated or incomplete.
#
#  Out of Memory Error (allocation.cpp:272), pid=23200, tid=0x0000000000007564
#
# JRE version: Java(TM) SE Runtime Environment (8.0_261-b12) (build 1.8.0_261-b12)
# Java VM: Java HotSpot(TM) 64-Bit Server VM (25.261-b12 mixed mode windows-amd64 compressed oops)
# Failed to write core dump. Minidumps are not enabled by default on client versions of Windows
#

---------------  T H R E A D  ---------------

Current thread (0x000001e755367000):  JavaThread "C1 CompilerThread3" daemon [_thread_in_native, id=30052, stack(0x00000036c9f00000,0x00000036ca000000)]

Stack: [0x00000036c9f00000,0x00000036ca000000]
Native frames: (J=compiled Java code, j=interpreted, Vv=VM code, C=native code)
V  [jvm.dll+0x33e5f9]


Current CompileTask:
C1:  13215   98       1       java.util.TreeMap::fixAfterInsertion (267 bytes)


---------------  P R O C E S S  ---------------

Java Threads: ( => current thread )
  0x000001e755373800 JavaThread "Service Thread" daemon [_thread_blocked, id=30060, stack(0x00000036ca000000,0x00000036ca100000)]
=>0x000001e755367000 JavaThread "C1 CompilerThread3" daemon [_thread_in_native, id=30052, stack(0x00000036c9f00000,0x00000036ca000000)]
  0x000001e755366000 JavaThread "C2 CompilerThread2" daemon [_thread_blocked, id=30048, stack(0x00000036c9e00000,0x00000036c9f00000)]
  0x000001e755365800 JavaThread "C2 CompilerThread1" daemon [_thread_blocked, id=30044, stack(0x00000036c9d00000,0x00000036c9e00000)]
  0x000001e75530d800 JavaThread "C2 CompilerThread0" daemon [_thread_blocked, id=29976, stack(0x00000036c9c00000,0x00000036c9d00000)]
  0x000001e7552f8800 JavaThread "JDWP Command Reader" daemon [_thread_in_native, id=27260, stack(0x00000036c9b00000,0x00000036c9c00000)]
  0x000001e75324d000 JavaThread "JDWP Event Helper Thread" daemon [_thread_blocked, id=27256, stack(0x00000036c9a00000,0x00000036c9b00000)]
  0x000001e75324a000 JavaThread "JDWP Transport Listener: dt_socket" daemon [_thread_blocked, id=27248, stack(0x00000036c9900000,0x00000036c9a00000)]
  0x000001e753224800 JavaThread "Attach Listener" daemon [_thread_blocked, id=27180, stack(0x00000036c9800000,0x00000036c9900000)]
  0x000001e7531c1800 JavaThread "Signal Dispatcher" daemon [_thread_blocked, id=27176, stack(0x00000036c9700000,0x00000036c9800000)]
  0x000001e7531a6800 JavaThread "Finalizer" daemon [_thread_blocked, id=26644, stack(0x00000036c9600000,0x00000036c9700000)]
  0x000001e75317f000 JavaThread "Reference Handler" daemon [_thread_blocked, id=26640, stack(0x00000036c9500000,0x00000036c9600000)]
  0x000001e73d0b4800 JavaThread "main" [_thread_in_native, id=20760, stack(0x00000036c8b00000,0x00000036c8c00000)]

Other Threads:
  0x000001e753176000 VMThread [stack: 0x00000036c9400000,0x00000036c9500000] [id=6408]

VM state:not at safepoint (normal execution)

VM Mutex/Monitor currently owned by a thread: None

heap address: 0x0000000081a00000, size: 2022 MB, Compressed Oops mode: 32-bit
Narrow klass base: 0x0000000000000000, Narrow klass shift: 3
Compressed class space size: 1073741824 Address: 0x0000000100000000

Heap:
 PSYoungGen      total 38400K, used 3328K [0x00000000d5e00000, 0x00000000d8880000, 0x0000000100000000)
  eden space 33280K, 10% used [0x00000000d5e00000,0x00000000d6140310,0x00000000d7e80000)
  from space 5120K, 0% used [0x00000000d8380000,0x00000000d8380000,0x00000000d8880000)
  to   space 5120K, 0% used [0x00000000d7e80000,0x00000000d7e80000,0x00000000d8380000)
 ParOldGen       total 87552K, used 0K [0x0000000081a00000, 0x0000000086f80000, 0x00000000d5e00000)
  object space 87552K, 0% used [0x0000000081a00000,0x0000000081a00000,0x0000000086f80000)
 Metaspace       used 4138K, capacity 4616K, committed 4736K, reserved 1056768K
  class space    used 497K, capacity 520K, committed 640K, reserved 1048576K

Card table byte_map: [0x000001e74dd40000,0x000001e74e140000] byte_map_base: 0x000001e74d933000

Marking Bits: (ParMarkBitMap*) 0x000000006a564fb0
 Begin Bits: [0x000001e74e3f0000, 0x000001e750388000)
 End Bits:   [0x000001e750388000, 0x000001e752320000)

Polling page: 0x000001e73e950000

CodeCache: size=245760Kb used=1195Kb max_used=1195Kb free=244564Kb
 bounds [0x000001e73e980000, 0x000001e73ebf0000, 0x000001e74d980000]
 total_blobs=357 nmethods=98 adapters=180
 compilation: enabled

Compilation events (10 events):
Event: 13.160 Thread 0x000001e755367000 nmethod 92 0x000001e73eaa8650 code [0x000001e73eaa87c0, 0x000001e73eaa8900]
Event: 13.160 Thread 0x000001e755367000   93       1       java.lang.Character::isWhitespace (9 bytes)
Event: 13.160 Thread 0x000001e755367000 nmethod 93 0x000001e73eaa89d0 code [0x000001e73eaa8b40, 0x000001e73eaa8c80]
Event: 13.162 Thread 0x000001e755367000   95       1       java.lang.String$CaseInsensitiveComparator::compare (13 bytes)
Event: 13.162 Thread 0x000001e755367000 nmethod 95 0x000001e73eaa9110 code [0x000001e73eaa9280, 0x000001e73eaa9430]
Event: 13.162 Thread 0x000001e755367000   96       1       java.util.AbstractMap::<init> (5 bytes)
Event: 13.162 Thread 0x000001e755367000 nmethod 96 0x000001e73eaa9510 code [0x000001e73eaa9660, 0x000001e73eaa9778]
Event: 13.162 Thread 0x000001e755367000   97       1       java.util.TreeMap::size (5 bytes)
Event: 13.162 Thread 0x000001e755367000 nmethod 97 0x000001e73eaa97d0 code [0x000001e73eaa9920, 0x000001e73eaa9a38]
Event: 13.163 Thread 0x000001e755367000   98       1       java.util.TreeMap::fixAfterInsertion (267 bytes)

GC Heap History (0 events):
No events

Deoptimization events (0 events):
No events

Classes redefined (0 events):
No events

Internal exceptions (6 events):
Event: 0.294 Thread 0x000001e73d0b4800 Exception <a 'java/lang/NoSuchMethodError': Method sun.misc.Unsafe.defineClass(Ljava/lang/String;[BII)Ljava/lang/Class; name or signature does not match> (0x00000000d5e07cc0) thrown at [C:\jenkins\workspace\8-2-build-windows-amd64-cygwin\jdk8u261\295\hots
Event: 0.294 Thread 0x000001e73d0b4800 Exception <a 'java/lang/NoSuchMethodError': Method sun.misc.Unsafe.prefetchRead(Ljava/lang/Object;J)V name or signature does not match> (0x00000000d5e07fa8) thrown at [C:\jenkins\workspace\8-2-build-windows-amd64-cygwin\jdk8u261\295\hotspot\src\share\vm\p
Event: 13.158 Thread 0x000001e73d0b4800 Exception <a 'java/lang/ArrayIndexOutOfBoundsException'> (0x00000000d5f45fe0) thrown at [C:\jenkins\workspace\8-2-build-windows-amd64-cygwin\jdk8u261\295\hotspot\src\share\vm\runtime\sharedRuntime.cpp, line 605]
Event: 13.159 Thread 0x000001e73d0b4800 Exception <a 'java/lang/ArrayIndexOutOfBoundsException'> (0x00000000d5f46d58) thrown at [C:\jenkins\workspace\8-2-build-windows-amd64-cygwin\jdk8u261\295\hotspot\src\share\vm\runtime\sharedRuntime.cpp, line 605]
Event: 13.160 Thread 0x000001e73d0b4800 Exception <a 'java/lang/ArrayIndexOutOfBoundsException'> (0x00000000d5f47d10) thrown at [C:\jenkins\workspace\8-2-build-windows-amd64-cygwin\jdk8u261\295\hotspot\src\share\vm\runtime\sharedRuntime.cpp, line 605]
Event: 13.161 Thread 0x000001e73d0b4800 Exception <a 'java/lang/ArrayIndexOutOfBoundsException'> (0x00000000d5f495d0) thrown at [C:\jenkins\workspace\8-2-build-windows-amd64-cygwin\jdk8u261\295\hotspot\src\share\vm\runtime\sharedRuntime.cpp, line 605]

Events (10 events):
Event: 13.161 loading class com/sun/jmx/mbeanserver/DefaultMXBeanMappingFactory$TabularMapping
Event: 13.161 loading class com/sun/jmx/mbeanserver/DefaultMXBeanMappingFactory$TabularMapping done
Event: 13.161 Thread 0x000001e73d0b4800 DEOPT PACKING pc=0x000001e73ea9f3f4 sp=0x00000036c8bfd180
Event: 13.161 Thread 0x000001e73d0b4800 DEOPT UNPACKING pc=0x000001e73e9c7898 sp=0x00000036c8bfcea8 mode 1
Event: 13.162 loading class java/util/LinkedHashMap$LinkedValues
Event: 13.163 loading class java/util/LinkedHashMap$LinkedValues done
Event: 13.163 loading class java/util/LinkedHashMap$LinkedValueIterator
Event: 13.163 loading class java/util/LinkedHashMap$LinkedValueIterator done
Event: 13.163 loading class javax/management/DescriptorKey
Event: 13.163 loading class javax/management/DescriptorKey done


Dynamic libraries:
0x00007ff74d1f0000 - 0x00007ff74d237000 	C:\Program Files\Java\jre1.8.0_261\bin\javaw.exe
0x00007ffe4a620000 - 0x00007ffe4a810000 	C:\WINDOWS\SYSTEM32\ntdll.dll
0x00007ffe4a400000 - 0x00007ffe4a4b2000 	C:\WINDOWS\System32\KERNEL32.DLL
0x00007ffe47770000 - 0x00007ffe47a14000 	C:\WINDOWS\System32\KERNELBASE.dll
0x00007ffe48740000 - 0x00007ffe487e3000 	C:\WINDOWS\System32\ADVAPI32.dll
0x00007ffe48cd0000 - 0x00007ffe48d6e000 	C:\WINDOWS\System32\msvcrt.dll
0x00007ffe4a4c0000 - 0x00007ffe4a557000 	C:\WINDOWS\System32\sechost.dll
0x00007ffe48b50000 - 0x00007ffe48c70000 	C:\WINDOWS\System32\RPCRT4.dll
0x00007ffe4a180000 - 0x00007ffe4a314000 	C:\WINDOWS\System32\USER32.dll
0x00007ffe486a0000 - 0x00007ffe486c1000 	C:\WINDOWS\System32\win32u.dll
0x00007ffe48a70000 - 0x00007ffe48a96000 	C:\WINDOWS\System32\GDI32.dll
0x00007ffe475d0000 - 0x00007ffe47764000 	C:\WINDOWS\System32\gdi32full.dll
0x00007ffe48600000 - 0x00007ffe4869e000 	C:\WINDOWS\System32\msvcp_win.dll
0x00007ffe48500000 - 0x00007ffe485fa000 	C:\WINDOWS\System32\ucrtbase.dll
0x00007ffe39150000 - 0x00007ffe393d4000 	C:\WINDOWS\WinSxS\amd64_microsoft.windows.common-controls_6595b64144ccf1df_6.0.18362.836_none_e6c4b943130f18ed\COMCTL32.dll
0x00007ffe48d70000 - 0x00007ffe490a6000 	C:\WINDOWS\System32\combase.dll
0x00007ffe481f0000 - 0x00007ffe48270000 	C:\WINDOWS\System32\bcryptPrimitives.dll
0x00007ffe49660000 - 0x00007ffe4968e000 	C:\WINDOWS\System32\IMM32.DLL
0x00007ffe44180000 - 0x00007ffe44195000 	C:\Program Files\Java\jre1.8.0_261\bin\vcruntime140.dll
0x00007ffe3b6d0000 - 0x00007ffe3b76b000 	C:\Program Files\Java\jre1.8.0_261\bin\msvcp140.dll
0x0000000069d70000 - 0x000000006a5dc000 	C:\Program Files\Java\jre1.8.0_261\bin\server\jvm.dll
0x00007ffe4a3f0000 - 0x00007ffe4a3f8000 	C:\WINDOWS\System32\PSAPI.DLL
0x00007ffe30b00000 - 0x00007ffe30b09000 	C:\WINDOWS\SYSTEM32\WSOCK32.dll
0x00007ffe49690000 - 0x00007ffe496ff000 	C:\WINDOWS\System32\WS2_32.dll
0x00007ffe440d0000 - 0x00007ffe440f4000 	C:\WINDOWS\SYSTEM32\WINMM.dll
0x00007ffe3d9b0000 - 0x00007ffe3d9ba000 	C:\WINDOWS\SYSTEM32\VERSION.dll
0x00007ffe440a0000 - 0x00007ffe440cd000 	C:\WINDOWS\SYSTEM32\WINMMBASE.dll
0x00007ffe47a20000 - 0x00007ffe47a6a000 	C:\WINDOWS\System32\cfgmgr32.dll
0x00007ffe47520000 - 0x00007ffe47531000 	C:\WINDOWS\System32\kernel.appcore.dll
0x00007ffe42100000 - 0x00007ffe42110000 	C:\Program Files\Java\jre1.8.0_261\bin\verify.dll
0x00007ffe3b7d0000 - 0x00007ffe3b7fb000 	C:\Program Files\Java\jre1.8.0_261\bin\java.dll
0x00007ffe3b5c0000 - 0x00007ffe3b5f6000 	C:\Program Files\Java\jre1.8.0_261\bin\jdwp.dll
0x00007ffe40790000 - 0x00007ffe40799000 	C:\Program Files\Java\jre1.8.0_261\bin\npt.dll
0x00007ffe3f750000 - 0x00007ffe3f768000 	C:\Program Files\Java\jre1.8.0_261\bin\zip.dll
0x00007ffe49760000 - 0x00007ffe49e44000 	C:\WINDOWS\System32\SHELL32.dll
0x00007ffe48aa0000 - 0x00007ffe48b49000 	C:\WINDOWS\System32\shcore.dll
0x00007ffe47a70000 - 0x00007ffe481ee000 	C:\WINDOWS\System32\windows.storage.dll
0x00007ffe474f0000 - 0x00007ffe47513000 	C:\WINDOWS\System32\profapi.dll
0x00007ffe47560000 - 0x00007ffe475aa000 	C:\WINDOWS\System32\powrprof.dll
0x00007ffe474e0000 - 0x00007ffe474f0000 	C:\WINDOWS\System32\UMPDC.dll
0x00007ffe49700000 - 0x00007ffe49752000 	C:\WINDOWS\System32\shlwapi.dll
0x00007ffe475b0000 - 0x00007ffe475c7000 	C:\WINDOWS\System32\cryptsp.dll
0x00007ffe3b660000 - 0x00007ffe3b66a000 	C:\Program Files\Java\jre1.8.0_261\bin\dt_socket.dll
0x00007ffe31bd0000 - 0x00007ffe31be6000 	C:\WINDOWS\system32\napinsp.dll
0x00007ffe31650000 - 0x00007ffe3166a000 	C:\WINDOWS\system32\pnrpnsp.dll
0x00007ffe46d50000 - 0x00007ffe46db7000 	C:\WINDOWS\System32\mswsock.dll
0x00007ffe46aa0000 - 0x00007ffe46b6b000 	C:\WINDOWS\SYSTEM32\DNSAPI.dll
0x00007ffe48a50000 - 0x00007ffe48a58000 	C:\WINDOWS\System32\NSI.dll
0x00007ffe46a60000 - 0x00007ffe46a9a000 	C:\WINDOWS\SYSTEM32\IPHLPAPI.DLL
0x00007ffe30c70000 - 0x00007ffe30c7e000 	C:\WINDOWS\System32\winrnr.dll
0x00007ffe43bf0000 - 0x00007ffe43c0c000 	C:\WINDOWS\system32\NLAapi.dll
0x00007ffe43090000 - 0x00007ffe430a5000 	C:\WINDOWS\system32\wshbth.dll
0x00007ffe3fd50000 - 0x00007ffe3fdc7000 	C:\WINDOWS\System32\fwpuclnt.dll
0x00007ffe48470000 - 0x00007ffe48496000 	C:\WINDOWS\System32\bcrypt.dll
0x00007ffe374b0000 - 0x00007ffe374ba000 	C:\Windows\System32\rasadhlp.dll
0x00007ffe44170000 - 0x00007ffe4417d000 	C:\Program Files\Java\jre1.8.0_261\bin\management.dll
0x00007ffe350a0000 - 0x00007ffe35294000 	C:\WINDOWS\SYSTEM32\dbghelp.dll

VM Arguments:
jvm_args: -agentlib:jdwp=transport=dt_socket,suspend=y,address=localhost:63567 -Dcom.sun.management.jmxremote -Dcom.sun.management.jmxremote.port=63400 -Dcom.sun.management.jmxremote.authenticate=false -Dcom.sun.management.jmxremote.ssl=false -Djava.rmi.server.hostname=localhost -Dspring.jmx.enabled=true -Dspring.liveBeansView.mbeanDomain -Dspring.application.admin.enabled=true -Xverify:none -XX:TieredStopAtLevel=1 -Dfile.encoding=UTF-8 
java_command: com.system.bgim.BgimApplication --spring.output.ansi.enabled=always
java_class_path (initial): D:\git_src\bgim\target\classes;C:\Users\inufu\.m2\repository\org\springframework\boot\spring-boot-starter\2.3.3.RELEASE\spring-boot-starter-2.3.3.RELEASE.jar;C:\Users\inufu\.m2\repository\org\springframework\boot\spring-boot\2.3.3.RELEASE\spring-boot-2.3.3.RELEASE.jar;C:\Users\inufu\.m2\repository\org\springframework\spring-context\5.2.8.RELEASE\spring-context-5.2.8.RELEASE.jar;C:\Users\inufu\.m2\repository\org\springframework\boot\spring-boot-autoconfigure\2.3.3.RELEASE\spring-boot-autoconfigure-2.3.3.RELEASE.jar;C:\Users\inufu\.m2\repository\org\springframework\boot\spring-boot-starter-logging\2.3.3.RELEASE\spring-boot-starter-logging-2.3.3.RELEASE.jar;C:\Users\inufu\.m2\repository\ch\qos\logback\logback-classic\1.2.3\logback-classic-1.2.3.jar;C:\Users\inufu\.m2\repository\ch\qos\logback\logback-core\1.2.3\logback-core-1.2.3.jar;C:\Users\inufu\.m2\repository\org\apache\logging\log4j\log4j-to-slf4j\2.13.3\log4j-to-slf4j-2.13.3.jar;C:\Users\inufu\.m2\repository\org\apache\logging\log4j\log4j-api\2.13.3\log4j-api-2.13.3.jar;C:\Users\inufu\.m2\repository\org\slf4j\jul-to-slf4j\1.7.30\jul-to-slf4j-1.7.30.jar;C:\Users\inufu\.m2\repository\jakarta\annotation\jakarta.annotation-api\1.3.5\jakarta.annotation-api-1.3.5.jar;C:\Users\inufu\.m2\repository\org\springframework\spring-core\5.2.8.RELEASE\spring-core-5.2.8.RELEASE.jar;C:\Users\inufu\.m2\repository\org\springframework\spring-jcl\5.2.8.RELEASE\spring-jcl-5.2.8.RELEASE.jar;C:\Users\inufu\.m2\repository\org\yaml\snakeyaml\1.26\snakeyaml-1.26.jar;C:\Users\inufu\.m2\repository\org\slf4j\slf4j-api\1.7.30\slf4j-api-1.7.30.jar;C:\Users\inufu\.m2\repository\org\springframework\spring-web\5.2.8.RELEASE\spring-web-5.2.8.RELEASE.jar;C:\Users\inufu\.m2\repository\org\springframework\spring-beans\5.2.8.RELEASE\spring-beans-5.2.8.RELEASE.jar;C:\Users\inufu\.m2\repository\org\mybatis\mybatis\3.4.6\mybatis-3.4.6.jar;C:\Users\inufu\.m2\repository\org\mybatis\mybatis-spring\1.3.0\mybatis-spring-1.3.0.jar;C:
Launcher Type: SUN_STANDARD

Environment Variables:
JAVA_HOME=C:\Program Files\Java\jdk1.8.0_261
PATH=C:/Program Files/Java/jre1.8.0_261/bin/server;C:/Program Files/Java/jre1.8.0_261/bin;C:/Program Files/Java/jre1.8.0_261/lib/amd64;C:\Program Files (x86)\Common Files\Oracle\Java\javapath;C:\app\inufu\product\18.0.0\dbhomeXE\bin;C:\WINDOWS\system32;C:\WINDOWS;C:\WINDOWS\System32\Wbem;C:\WINDOWS\System32\WindowsPowerShell\v1.0\;C:\WINDOWS\System32\OpenSSH\;C:\Program Files\Java\jdk1.8.0_202\bin;C:\Users\inufu\Downloads\Apache-Subversion-1.9.2\bin;C:\Program Files\TortoiseSVN\bin;C:\Program Files\Git\cmd;C:\Program Files\nodejs\;C:\ProgramData\chocolatey\bin;C:\Program Files\dotnet\;C:\Program Files\Microsoft SQL Server\130\Tools\Binn\;C:\Program Files\Microsoft SQL Server\Client SDK\ODBC\170\Tools\Binn\;C:\Users\inufu\AppData\Local\Microsoft\WindowsApps;C:\Users\inufu\AppData\Local\Programs\Microsoft VS Code\bin;C:\spark\bin;C:\Program Files\Java\jdk1.8.0_261\bin;C:\Users\inufu\AppData\Roaming\npm;C:\Program Files\STS\sts-bundle\sts-3.9.9.RELEASE;
USERNAME=inufu
OS=Windows_NT
PROCESSOR_IDENTIFIER=Intel64 Family 6 Model 158 Stepping 9, GenuineIntel



---------------  S Y S T E M  ---------------

OS: Windows 10.0 , 64 bit Build 18362 (10.0.18362.778)

CPU:total 8 (initial active 8) (4 cores per cpu, 2 threads per core) family 6 model 158 stepping 9, cmov, cx8, fxsr, mmx, sse, sse2, sse3, ssse3, sse4.1, sse4.2, popcnt, avx, avx2, aes, clmul, erms, 3dnowpref, lzcnt, ht, tsc, tscinvbit, bmi1, bmi2, adx

Memory: 4k page, physical 8274616k(325268k free), swap 33440440k(244012k free)

vm_info: Java HotSpot(TM) 64-Bit Server VM (25.261-b12) for windows-amd64 JRE (1.8.0_261-b12), built on Jun 18 2020 06:56:32 by "" with unknown MS VC++:1916

time: Mon Sep 28 12:25:19 2020
timezone: ¢¥eCN©öI¡¾©ö C¡ÍA¨ª¨öA
elapsed time: 13 seconds (0d 0h 0m 13s)

