[DEBUG] 14:03:24.018 c.s.bgim.mapper.UserMapper.userCount - ==>  Preparing: SELECT count(*) FROM org_user 
[DEBUG] 14:03:24.099 c.s.bgim.mapper.UserMapper.userCount - ==> Parameters: 
[DEBUG] 14:03:24.209 c.s.bgim.mapper.UserMapper.userCount - <==      Total: 1
[DEBUG] 14:03:24.220 c.s.bgim.mapper.UserMapper.userList - ==>  Preparing: SELECT * FROM ( SELECT ROWNUM AS RNUM, T1.* FROM org_user T1) WHERE RNUM BETWEEN 1 AND 10 
[DEBUG] 14:03:24.220 c.s.bgim.mapper.UserMapper.userList - ==> Parameters: 
[DEBUG] 14:03:24.260 c.s.bgim.mapper.UserMapper.userList - <==      Total: 10
[DEBUG] 14:03:51.250 c.s.bgim.mapper.UserMapper.userCount - ==>  Preparing: SELECT count(*) FROM org_user 
[DEBUG] 14:03:51.250 c.s.bgim.mapper.UserMapper.userCount - ==> Parameters: 
[DEBUG] 14:03:51.252 c.s.bgim.mapper.UserMapper.userCount - <==      Total: 1
[DEBUG] 14:03:51.253 c.s.bgim.mapper.UserMapper.userList - ==>  Preparing: SELECT * FROM ( SELECT ROWNUM AS RNUM, T1.* FROM org_user T1) WHERE RNUM BETWEEN 11 AND 20 
[DEBUG] 14:03:51.253 c.s.bgim.mapper.UserMapper.userList - ==> Parameters: 
[DEBUG] 14:03:51.269 c.s.bgim.mapper.UserMapper.userList - <==      Total: 10
[DEBUG] 14:04:23.395 c.s.bgim.mapper.UserMapper.userCount - ==>  Preparing: SELECT count(*) FROM org_user 
[DEBUG] 14:04:23.395 c.s.bgim.mapper.UserMapper.userCount - ==> Parameters: 
[DEBUG] 14:04:23.397 c.s.bgim.mapper.UserMapper.userCount - <==      Total: 1
[DEBUG] 14:04:23.397 c.s.bgim.mapper.UserMapper.userList - ==>  Preparing: SELECT * FROM ( SELECT ROWNUM AS RNUM, T1.* FROM org_user T1) WHERE RNUM BETWEEN 21 AND 30 
[DEBUG] 14:04:23.398 c.s.bgim.mapper.UserMapper.userList - ==> Parameters: 
[DEBUG] 14:04:23.405 c.s.bgim.mapper.UserMapper.userList - <==      Total: 10
[DEBUG] 14:04:25.195 c.s.bgim.mapper.UserMapper.userCount - ==>  Preparing: SELECT count(*) FROM org_user 
[DEBUG] 14:04:25.196 c.s.bgim.mapper.UserMapper.userCount - ==> Parameters: 
[DEBUG] 14:04:25.199 c.s.bgim.mapper.UserMapper.userCount - <==      Total: 1
[DEBUG] 14:04:25.199 c.s.bgim.mapper.UserMapper.userList - ==>  Preparing: SELECT * FROM ( SELECT ROWNUM AS RNUM, T1.* FROM org_user T1) WHERE RNUM BETWEEN 1 AND 10 
[DEBUG] 14:04:25.199 c.s.bgim.mapper.UserMapper.userList - ==> Parameters: 
[DEBUG] 14:04:25.206 c.s.bgim.mapper.UserMapper.userList - <==      Total: 10
[DEBUG] 14:04:26.628 c.s.bgim.mapper.UserMapper.userCount - ==>  Preparing: SELECT count(*) FROM org_user 
[DEBUG] 14:04:26.628 c.s.bgim.mapper.UserMapper.userCount - ==> Parameters: 
[DEBUG] 14:04:26.630 c.s.bgim.mapper.UserMapper.userCount - <==      Total: 1
[DEBUG] 14:04:26.631 c.s.bgim.mapper.UserMapper.userList - ==>  Preparing: SELECT * FROM ( SELECT ROWNUM AS RNUM, T1.* FROM org_user T1) WHERE RNUM BETWEEN 11 AND 20 
[DEBUG] 14:04:26.631 c.s.bgim.mapper.UserMapper.userList - ==> Parameters: 
[DEBUG] 14:04:26.636 c.s.bgim.mapper.UserMapper.userList - <==      Total: 10
[DEBUG] 14:04:40.561 c.s.bgim.mapper.UserMapper.userCount - ==>  Preparing: SELECT count(*) FROM org_user 
[DEBUG] 14:04:40.561 c.s.bgim.mapper.UserMapper.userCount - ==> Parameters: 
[DEBUG] 14:04:40.563 c.s.bgim.mapper.UserMapper.userCount - <==      Total: 1
[DEBUG] 14:04:40.570 c.s.bgim.mapper.UserMapper.userList - ==>  Preparing: SELECT * FROM ( SELECT ROWNUM AS RNUM, T1.* FROM org_user T1) WHERE RNUM BETWEEN 11 AND 20 
[DEBUG] 14:04:40.570 c.s.bgim.mapper.UserMapper.userList - ==> Parameters: 
[DEBUG] 14:04:40.579 c.s.bgim.mapper.UserMapper.userList - <==      Total: 10
[DEBUG] 14:13:43.761 c.s.bgim.mapper.UserMapper.userCount - ==>  Preparing: SELECT count(*) FROM org_user 
[DEBUG] 14:13:43.841 c.s.bgim.mapper.UserMapper.userCount - ==> Parameters: 
[DEBUG] 14:13:43.943 c.s.bgim.mapper.UserMapper.userCount - <==      Total: 1
[DEBUG] 14:13:43.949 c.s.bgim.mapper.UserMapper.userList - ==>  Preparing: SELECT * FROM ( SELECT ROWNUM AS RNUM, T1.* FROM org_user T1) WHERE RNUM BETWEEN 1 AND 10 
[DEBUG] 14:13:43.949 c.s.bgim.mapper.UserMapper.userList - ==> Parameters: 
[DEBUG] 14:13:44.115 c.s.bgim.mapper.UserMapper.userList - <==      Total: 10
[DEBUG] 14:13:47.256 c.s.bgim.mapper.UserMapper.userCount - ==>  Preparing: SELECT count(*) FROM org_user 
[DEBUG] 14:13:47.256 c.s.bgim.mapper.UserMapper.userCount - ==> Parameters: 
[DEBUG] 14:13:47.258 c.s.bgim.mapper.UserMapper.userCount - <==      Total: 1
[DEBUG] 14:13:47.259 c.s.bgim.mapper.UserMapper.userList - ==>  Preparing: SELECT * FROM ( SELECT ROWNUM AS RNUM, T1.* FROM org_user T1) WHERE RNUM BETWEEN 21 AND 30 
[DEBUG] 14:13:47.259 c.s.bgim.mapper.UserMapper.userList - ==> Parameters: 
[DEBUG] 14:13:47.275 c.s.bgim.mapper.UserMapper.userList - <==      Total: 10
[DEBUG] 14:13:49.066 c.s.bgim.mapper.UserMapper.userCount - ==>  Preparing: SELECT count(*) FROM org_user 
[DEBUG] 14:13:49.066 c.s.bgim.mapper.UserMapper.userCount - ==> Parameters: 
[DEBUG] 14:13:49.070 c.s.bgim.mapper.UserMapper.userCount - <==      Total: 1
[DEBUG] 14:13:49.072 c.s.bgim.mapper.UserMapper.userList - ==>  Preparing: SELECT * FROM ( SELECT ROWNUM AS RNUM, T1.* FROM org_user T1) WHERE RNUM BETWEEN 31 AND 40 
[DEBUG] 14:13:49.072 c.s.bgim.mapper.UserMapper.userList - ==> Parameters: 
[DEBUG] 14:13:49.085 c.s.bgim.mapper.UserMapper.userList - <==      Total: 10
[DEBUG] 14:13:51.760 c.s.bgim.mapper.UserMapper.userCount - ==>  Preparing: SELECT count(*) FROM org_user 
[DEBUG] 14:13:51.760 c.s.bgim.mapper.UserMapper.userCount - ==> Parameters: 
[DEBUG] 14:13:51.764 c.s.bgim.mapper.UserMapper.userCount - <==      Total: 1
[DEBUG] 14:13:51.765 c.s.bgim.mapper.UserMapper.userList - ==>  Preparing: SELECT * FROM ( SELECT ROWNUM AS RNUM, T1.* FROM org_user T1) WHERE RNUM BETWEEN 51 AND 60 
[DEBUG] 14:13:51.765 c.s.bgim.mapper.UserMapper.userList - ==> Parameters: 
[DEBUG] 14:13:51.772 c.s.bgim.mapper.UserMapper.userList - <==      Total: 1
[DEBUG] 14:15:11.120 c.s.b.m.UserMapper.userListbyDomain - ==>  Preparing: SELECT * FROM presync_user where companycode= ? 
[DEBUG] 14:15:11.121 c.s.b.m.UserMapper.userListbyDomain - ==> Parameters: BGAGRICULTURE(String)
[DEBUG] 14:15:11.128 c.s.b.m.UserMapper.userListbyDomain - <==      Total: 0
[DEBUG] 14:15:13.439 c.s.b.m.UserMapper.userListbyDomain - ==>  Preparing: SELECT * FROM presync_user where companycode= ? 
[DEBUG] 14:15:13.439 c.s.b.m.UserMapper.userListbyDomain - ==> Parameters: BGCOMMERCE(String)
[DEBUG] 14:15:13.441 c.s.b.m.UserMapper.userListbyDomain - <==      Total: 2
