[INFO ] 15:54:40.219 com.system.bgim.BgimApplication - Starting BgimApplication on DESKTOP-TPI5MRV with PID 23260 (D:\git_src\bgim\target\classes started by inufu in D:\git_src\bgim)
[DEBUG] 15:54:40.221 com.system.bgim.BgimApplication - Running with Spring Boot v2.3.3.RELEASE, Spring v5.2.8.RELEASE
[INFO ] 15:54:40.221 com.system.bgim.BgimApplication - No active profile set, falling back to default profiles: default
[INFO ] 15:54:41.869 com.system.bgim.BgimApplication - Started BgimApplication in 1.999 seconds (JVM running for 2.881)
[INFO ] 15:54:41.871 com.system.bgim.AppRunner - ===========
[INFO ] 15:54:41.871 com.system.bgim.AppRunner - logger.info
[INFO ] 15:54:41.871 com.system.bgim.AppRunner - ===========
[TRACE] 15:54:41.871 com.system.bgim.AppRunner - A TRACE Message
[DEBUG] 15:54:41.871 com.system.bgim.AppRunner - A DEBUG Message
[INFO ] 15:54:41.871 com.system.bgim.AppRunner - An INFO Message
[WARN ] 15:54:41.871 com.system.bgim.AppRunner - A WARN Message
[ERROR] 15:54:41.871 com.system.bgim.AppRunner - An ERROR Message
[INFO ] 15:54:41.872 com.system.bgim.AppRunner - log4j day since 20201012
[DEBUG] 16:02:07.509 c.s.bgim.mapper.DeptMapper.deptList - ==>  Preparing: SELECT * FROM org_dept 
[DEBUG] 16:02:07.602 c.s.bgim.mapper.DeptMapper.deptList - ==> Parameters: 
[INFO ] 16:02:07.602 jdbc.sqlonly - SELECT
            *
        FROM org_dept

[TRACE] 16:02:07.697 c.s.bgim.mapper.DeptMapper.deptList - <==    Columns: DEPTCODE, DEPTNAME, COMPANYCODE, REG_DATE
[TRACE] 16:02:07.698 c.s.bgim.mapper.DeptMapper.deptList - <==        Row: BIOCHEM1, biochemistry1, BGLAB, 2000-09-11 00:00:00.0
[TRACE] 16:02:07.700 c.s.bgim.mapper.DeptMapper.deptList - <==        Row: SEOULSUPPORT, seoul support, BGCOMMERCE, 2000-09-11 00:00:00.0
[TRACE] 16:02:07.700 c.s.bgim.mapper.DeptMapper.deptList - <==        Row: BIOCHEM2, biochemistry2, BGLAB, 2001-09-11 00:00:00.0
[TRACE] 16:02:07.701 c.s.bgim.mapper.DeptMapper.deptList - <==        Row: INCHEONSUPPORT, incheon support, BGCOMMERCE, 2001-09-11 00:00:00.0
[INFO ] 16:02:07.708 jdbc.resultsettable - 
|---------------|----------------|------------|----------------------|
|deptcode       |deptname        |companycode |reg_date              |
|---------------|----------------|------------|----------------------|
|BIOCHEM1       |biochemistry1   |BGLAB       |2000-09-11 00:00:00.0 |
|SEOULSUPPORT   |seoul support   |BGCOMMERCE  |2000-09-11 00:00:00.0 |
|BIOCHEM2       |biochemistry2   |BGLAB       |2001-09-11 00:00:00.0 |
|INCHEONSUPPORT |incheon support |BGCOMMERCE  |2001-09-11 00:00:00.0 |
|---------------|----------------|------------|----------------------|

[DEBUG] 16:02:07.709 c.s.bgim.mapper.DeptMapper.deptList - <==      Total: 4
[DEBUG] 16:02:18.438 c.s.bgim.mapper.UserMapper.userList - ==>  Preparing: SELECT * FROM org_user 
[DEBUG] 16:02:18.439 c.s.bgim.mapper.UserMapper.userList - ==> Parameters: 
[INFO ] 16:02:18.440 jdbc.sqlonly - SELECT * FROM org_user

[TRACE] 16:02:18.454 c.s.bgim.mapper.UserMapper.userList - <==    Columns: USER_ID, DOMAIN_ID, DEPT_ID, HR_GROUP_ID, HR_SYNC, HR_SYNC_GROUP, STATUS, IS_VALID, CREATE_DT, MODIFY_DT, PWD_DT, USERNAME, COMPANYCODE, EMPID, DEPTCODE, CODE, LOGIN_ID, PWD, EMAIL, MOBILE, HIRED_DT
[TRACE] 16:02:18.454 c.s.bgim.mapper.UserMapper.userList - <==        Row: null, null, null, null, null, null, null, null, null, null, null, Ddal, BGSPACE, ddal1, ASTRONAUT, BGSPACE.ddal1, ddal1@gmail.com, null, ddal1@gmail.com, 010-1111-2299, 2011-04-01 00:00:00.0
[TRACE] 16:02:18.461 c.s.bgim.mapper.UserMapper.userList - <==        Row: 0, null, null, null, null, null, null, null, 2020-10-06 16:25:58.0, 2020-10-06 16:43:47.0, null, Hoxy, BGSPACE, hoxy000, testdept, BGSPACE.hoxy000, hoxy000@gmail.com, 1234, null, null, null
[INFO ] 16:02:18.465 jdbc.resultsettable - 
|--------|----------|--------|------------|--------|--------------|-------|---------|----------------------|----------------------|-------|---------|------------|--------|----------|----------------|------------------|-------|----------------|--------------|----------------------|
|user_id |domain_id |dept_id |hr_group_id |hr_sync |hr_sync_group |status |is_valid |create_dt             |modify_dt             |pwd_dt |username |companycode |empid   |deptcode  |code            |login_id          |pwd    |email           |mobile        |hired_dt              |
|--------|----------|--------|------------|--------|--------------|-------|---------|----------------------|----------------------|-------|---------|------------|--------|----------|----------------|------------------|-------|----------------|--------------|----------------------|
|[null]  |[null]    |[null]  |[null]      |[null]  |[null]        |[null] |[null]   |[null]                |[null]                |[null] |Ddal     |BGSPACE     |ddal1   |ASTRONAUT |BGSPACE.ddal1   |ddal1@gmail.com   |[null] |ddal1@gmail.com |010-1111-2299 |2011-04-01 00:00:00.0 |
|0       |[null]    |[null]  |[null]      |[null]  |[null]        |[null] |[null]   |2020-10-06 16:25:58.0 |2020-10-06 16:43:47.0 |[null] |Hoxy     |BGSPACE     |hoxy000 |testdept  |BGSPACE.hoxy000 |hoxy000@gmail.com |1234   |[null]          |[null]        |[null]                |
|--------|----------|--------|------------|--------|--------------|-------|---------|----------------------|----------------------|-------|---------|------------|--------|----------|----------------|------------------|-------|----------------|--------------|----------------------|

[DEBUG] 16:02:18.465 c.s.bgim.mapper.UserMapper.userList - <==      Total: 2
[DEBUG] 16:02:23.187 c.s.b.mapper.UserMapper.userDetail - ==>  Preparing: SELECT * FROM org_user WHERE CODE = ? 
[DEBUG] 16:02:23.191 c.s.b.mapper.UserMapper.userDetail - ==> Parameters: BGSPACE.ddal1(String)
[INFO ] 16:02:23.191 jdbc.sqlonly - SELECT
            *
        FROM org_user
        WHERE
            CODE = 'BGSPACE.ddal1'

[TRACE] 16:02:23.194 c.s.b.mapper.UserMapper.userDetail - <==    Columns: USER_ID, DOMAIN_ID, DEPT_ID, HR_GROUP_ID, HR_SYNC, HR_SYNC_GROUP, STATUS, IS_VALID, CREATE_DT, MODIFY_DT, PWD_DT, USERNAME, COMPANYCODE, EMPID, DEPTCODE, CODE, LOGIN_ID, PWD, EMAIL, MOBILE, HIRED_DT
[TRACE] 16:02:23.195 c.s.b.mapper.UserMapper.userDetail - <==        Row: null, null, null, null, null, null, null, null, null, null, null, Ddal, BGSPACE, ddal1, ASTRONAUT, BGSPACE.ddal1, ddal1@gmail.com, null, ddal1@gmail.com, 010-1111-2299, 2011-04-01 00:00:00.0
[INFO ] 16:02:23.197 jdbc.resultsettable - 
|--------|----------|--------|------------|--------|--------------|-------|---------|----------|----------|-------|---------|------------|------|----------|--------------|----------------|-------|----------------|--------------|----------------------|
|user_id |domain_id |dept_id |hr_group_id |hr_sync |hr_sync_group |status |is_valid |create_dt |modify_dt |pwd_dt |username |companycode |empid |deptcode  |code          |login_id        |pwd    |email           |mobile        |hired_dt              |
|--------|----------|--------|------------|--------|--------------|-------|---------|----------|----------|-------|---------|------------|------|----------|--------------|----------------|-------|----------------|--------------|----------------------|
|[null]  |[null]    |[null]  |[null]      |[null]  |[null]        |[null] |[null]   |[null]    |[null]    |[null] |Ddal     |BGSPACE     |ddal1 |ASTRONAUT |BGSPACE.ddal1 |ddal1@gmail.com |[null] |ddal1@gmail.com |010-1111-2299 |2011-04-01 00:00:00.0 |
|--------|----------|--------|------------|--------|--------------|-------|---------|----------|----------|-------|---------|------------|------|----------|--------------|----------------|-------|----------------|--------------|----------------------|

[DEBUG] 16:02:23.198 c.s.b.mapper.UserMapper.userDetail - <==      Total: 1
[DEBUG] 16:02:30.289 c.s.b.mapper.UserMapper.userInsert - ==>  Preparing: INSERT INTO mall_user (code,username,pwd,login_id,empid,companycode,deptcode) VALUES(?,?,?,?,?,?,?) 
[ERROR] 16:02:30.292 jdbc.sqlonly - 1. PreparedStatement.setNull(7, 1111)
java.sql.SQLException: 부적합한 열 유형: 1111
	at oracle.jdbc.driver.OracleStatement.getInternalType(OracleStatement.java:3978)
	at oracle.jdbc.driver.OraclePreparedStatement.setNullCritical(OraclePreparedStatement.java:4472)
	at oracle.jdbc.driver.OraclePreparedStatement.setNull(OraclePreparedStatement.java:4456)
	at oracle.jdbc.driver.OraclePreparedStatementWrapper.setNull(OraclePreparedStatementWrapper.java:1008)
	at net.sf.log4jdbc.sql.jdbcapi.PreparedStatementSpy.setNull(PreparedStatementSpy.java:266)
	at com.zaxxer.hikari.pool.HikariProxyPreparedStatement.setNull(HikariProxyPreparedStatement.java)
	at sun.reflect.NativeMethodAccessorImpl.invoke0(Native Method)
	at sun.reflect.NativeMethodAccessorImpl.invoke(Unknown Source)
	at sun.reflect.DelegatingMethodAccessorImpl.invoke(Unknown Source)
	at java.lang.reflect.Method.invoke(Unknown Source)
	at org.apache.ibatis.logging.jdbc.PreparedStatementLogger.invoke(PreparedStatementLogger.java:67)
	at com.sun.proxy.$Proxy81.setNull(Unknown Source)
	at org.apache.ibatis.type.BaseTypeHandler.setParameter(BaseTypeHandler.java:45)
	at org.apache.ibatis.scripting.defaults.DefaultParameterHandler.setParameters(DefaultParameterHandler.java:87)
	at org.apache.ibatis.executor.statement.PreparedStatementHandler.parameterize(PreparedStatementHandler.java:93)
	at org.apache.ibatis.executor.statement.RoutingStatementHandler.parameterize(RoutingStatementHandler.java:64)
	at org.apache.ibatis.executor.SimpleExecutor.prepareStatement(SimpleExecutor.java:86)
	at org.apache.ibatis.executor.SimpleExecutor.doUpdate(SimpleExecutor.java:49)
	at org.apache.ibatis.executor.BaseExecutor.update(BaseExecutor.java:117)
	at org.apache.ibatis.executor.CachingExecutor.update(CachingExecutor.java:76)
	at org.apache.ibatis.session.defaults.DefaultSqlSession.update(DefaultSqlSession.java:198)
	at org.apache.ibatis.session.defaults.DefaultSqlSession.insert(DefaultSqlSession.java:185)
	at sun.reflect.NativeMethodAccessorImpl.invoke0(Native Method)
	at sun.reflect.NativeMethodAccessorImpl.invoke(Unknown Source)
	at sun.reflect.DelegatingMethodAccessorImpl.invoke(Unknown Source)
	at java.lang.reflect.Method.invoke(Unknown Source)
	at org.mybatis.spring.SqlSessionTemplate$SqlSessionInterceptor.invoke(SqlSessionTemplate.java:434)
	at com.sun.proxy.$Proxy55.insert(Unknown Source)
	at org.mybatis.spring.SqlSessionTemplate.insert(SqlSessionTemplate.java:279)
	at org.apache.ibatis.binding.MapperMethod.execute(MapperMethod.java:58)
	at org.apache.ibatis.binding.MapperProxy.invoke(MapperProxy.java:59)
	at com.sun.proxy.$Proxy68.userInsert(Unknown Source)
	at sun.reflect.NativeMethodAccessorImpl.invoke0(Native Method)
	at sun.reflect.NativeMethodAccessorImpl.invoke(Unknown Source)
	at sun.reflect.DelegatingMethodAccessorImpl.invoke(Unknown Source)
	at java.lang.reflect.Method.invoke(Unknown Source)
	at org.springframework.aop.support.AopUtils.invokeJoinpointUsingReflection(AopUtils.java:344)
	at org.springframework.aop.framework.ReflectiveMethodInvocation.invokeJoinpoint(ReflectiveMethodInvocation.java:198)
	at org.springframework.aop.framework.ReflectiveMethodInvocation.proceed(ReflectiveMethodInvocation.java:163)
	at org.springframework.dao.support.PersistenceExceptionTranslationInterceptor.invoke(PersistenceExceptionTranslationInterceptor.java:139)
	at org.springframework.aop.framework.ReflectiveMethodInvocation.proceed(ReflectiveMethodInvocation.java:186)
	at org.springframework.aop.framework.JdkDynamicAopProxy.invoke(JdkDynamicAopProxy.java:212)
	at com.sun.proxy.$Proxy69.userInsert(Unknown Source)
	at com.system.bgim.service.UserService.userInsertService(UserService.java:37)
	at com.system.bgim.controller.UserController.userInsertProc(UserController.java:95)
	at sun.reflect.NativeMethodAccessorImpl.invoke0(Native Method)
	at sun.reflect.NativeMethodAccessorImpl.invoke(Unknown Source)
	at sun.reflect.DelegatingMethodAccessorImpl.invoke(Unknown Source)
	at java.lang.reflect.Method.invoke(Unknown Source)
	at org.springframework.web.method.support.InvocableHandlerMethod.doInvoke(InvocableHandlerMethod.java:190)
	at org.springframework.web.method.support.InvocableHandlerMethod.invokeForRequest(InvocableHandlerMethod.java:138)
	at org.springframework.web.servlet.mvc.method.annotation.ServletInvocableHandlerMethod.invokeAndHandle(ServletInvocableHandlerMethod.java:105)
	at org.springframework.web.servlet.mvc.method.annotation.RequestMappingHandlerAdapter.invokeHandlerMethod(RequestMappingHandlerAdapter.java:878)
	at org.springframework.web.servlet.mvc.method.annotation.RequestMappingHandlerAdapter.handleInternal(RequestMappingHandlerAdapter.java:792)
	at org.springframework.web.servlet.mvc.method.AbstractHandlerMethodAdapter.handle(AbstractHandlerMethodAdapter.java:87)
	at org.springframework.web.servlet.DispatcherServlet.doDispatch(DispatcherServlet.java:1040)
	at org.springframework.web.servlet.DispatcherServlet.doService(DispatcherServlet.java:943)
	at org.springframework.web.servlet.FrameworkServlet.processRequest(FrameworkServlet.java:1006)
	at org.springframework.web.servlet.FrameworkServlet.doPost(FrameworkServlet.java:909)
	at javax.servlet.http.HttpServlet.service(HttpServlet.java:652)
	at org.springframework.web.servlet.FrameworkServlet.service(FrameworkServlet.java:883)
	at javax.servlet.http.HttpServlet.service(HttpServlet.java:733)
	at org.apache.catalina.core.ApplicationFilterChain.internalDoFilter(ApplicationFilterChain.java:231)
	at org.apache.catalina.core.ApplicationFilterChain.doFilter(ApplicationFilterChain.java:166)
	at org.apache.tomcat.websocket.server.WsFilter.doFilter(WsFilter.java:53)
	at org.apache.catalina.core.ApplicationFilterChain.internalDoFilter(ApplicationFilterChain.java:193)
	at org.apache.catalina.core.ApplicationFilterChain.doFilter(ApplicationFilterChain.java:166)
	at org.springframework.web.filter.RequestContextFilter.doFilterInternal(RequestContextFilter.java:100)
	at org.springframework.web.filter.OncePerRequestFilter.doFilter(OncePerRequestFilter.java:119)
	at org.apache.catalina.core.ApplicationFilterChain.internalDoFilter(ApplicationFilterChain.java:193)
	at org.apache.catalina.core.ApplicationFilterChain.doFilter(ApplicationFilterChain.java:166)
	at org.springframework.web.filter.FormContentFilter.doFilterInternal(FormContentFilter.java:93)
	at org.springframework.web.filter.OncePerRequestFilter.doFilter(OncePerRequestFilter.java:119)
	at org.apache.catalina.core.ApplicationFilterChain.internalDoFilter(ApplicationFilterChain.java:193)
	at org.apache.catalina.core.ApplicationFilterChain.doFilter(ApplicationFilterChain.java:166)
	at org.springframework.web.filter.CharacterEncodingFilter.doFilterInternal(CharacterEncodingFilter.java:201)
	at org.springframework.web.filter.OncePerRequestFilter.doFilter(OncePerRequestFilter.java:119)
	at org.apache.catalina.core.ApplicationFilterChain.internalDoFilter(ApplicationFilterChain.java:193)
	at org.apache.catalina.core.ApplicationFilterChain.doFilter(ApplicationFilterChain.java:166)
	at org.apache.catalina.core.StandardWrapperValve.invoke(StandardWrapperValve.java:202)
	at org.apache.catalina.core.StandardContextValve.invoke(StandardContextValve.java:96)
	at org.apache.catalina.authenticator.AuthenticatorBase.invoke(AuthenticatorBase.java:541)
	at org.apache.catalina.core.StandardHostValve.invoke(StandardHostValve.java:139)
	at org.apache.catalina.valves.ErrorReportValve.invoke(ErrorReportValve.java:92)
	at org.apache.catalina.core.StandardEngineValve.invoke(StandardEngineValve.java:74)
	at org.apache.catalina.connector.CoyoteAdapter.service(CoyoteAdapter.java:343)
	at org.apache.coyote.http11.Http11Processor.service(Http11Processor.java:373)
	at org.apache.coyote.AbstractProcessorLight.process(AbstractProcessorLight.java:65)
	at org.apache.coyote.AbstractProtocol$ConnectionHandler.process(AbstractProtocol.java:868)
	at org.apache.tomcat.util.net.NioEndpoint$SocketProcessor.doRun(NioEndpoint.java:1589)
	at org.apache.tomcat.util.net.SocketProcessorBase.run(SocketProcessorBase.java:49)
	at java.util.concurrent.ThreadPoolExecutor.runWorker(Unknown Source)
	at java.util.concurrent.ThreadPoolExecutor$Worker.run(Unknown Source)
	at org.apache.tomcat.util.threads.TaskThread$WrappingRunnable.run(TaskThread.java:61)
	at java.lang.Thread.run(Unknown Source)
[DEBUG] 16:02:30.302 c.s.b.mapper.UserMapper.userDetail - ==>  Preparing: SELECT * FROM org_user WHERE CODE = ? 
[DEBUG] 16:02:30.303 c.s.b.mapper.UserMapper.userDetail - ==> Parameters: BGSPACE.ddal1(String)
[INFO ] 16:02:30.303 jdbc.sqlonly - SELECT
            *
        FROM org_user
        WHERE
            CODE = 'BGSPACE.ddal1'

[TRACE] 16:02:30.305 c.s.b.mapper.UserMapper.userDetail - <==    Columns: USER_ID, DOMAIN_ID, DEPT_ID, HR_GROUP_ID, HR_SYNC, HR_SYNC_GROUP, STATUS, IS_VALID, CREATE_DT, MODIFY_DT, PWD_DT, USERNAME, COMPANYCODE, EMPID, DEPTCODE, CODE, LOGIN_ID, PWD, EMAIL, MOBILE, HIRED_DT
[TRACE] 16:02:30.307 c.s.b.mapper.UserMapper.userDetail - <==        Row: null, null, null, null, null, null, null, null, null, null, null, Ddal, BGSPACE, ddal1, ASTRONAUT, BGSPACE.ddal1, ddal1@gmail.com, null, ddal1@gmail.com, 010-1111-2299, 2011-04-01 00:00:00.0
[INFO ] 16:02:30.312 jdbc.resultsettable - 
|--------|----------|--------|------------|--------|--------------|-------|---------|----------|----------|-------|---------|------------|------|----------|--------------|----------------|-------|----------------|--------------|----------------------|
|user_id |domain_id |dept_id |hr_group_id |hr_sync |hr_sync_group |status |is_valid |create_dt |modify_dt |pwd_dt |username |companycode |empid |deptcode  |code          |login_id        |pwd    |email           |mobile        |hired_dt              |
|--------|----------|--------|------------|--------|--------------|-------|---------|----------|----------|-------|---------|------------|------|----------|--------------|----------------|-------|----------------|--------------|----------------------|
|[null]  |[null]    |[null]  |[null]      |[null]  |[null]        |[null] |[null]   |[null]    |[null]    |[null] |Ddal     |BGSPACE     |ddal1 |ASTRONAUT |BGSPACE.ddal1 |ddal1@gmail.com |[null] |ddal1@gmail.com |010-1111-2299 |2011-04-01 00:00:00.0 |
|--------|----------|--------|------------|--------|--------------|-------|---------|----------|----------|-------|---------|------------|------|----------|--------------|----------------|-------|----------------|--------------|----------------------|

[DEBUG] 16:02:30.312 c.s.b.mapper.UserMapper.userDetail - <==      Total: 1
